Using pre-set license
Built from '2021.3/staging' branch; Version is '2021.3.30f1 (b4360d7cdac4) revision 11810317'; Using compiler version '192829333'; Build Type 'Release'
OS: 'Windows 11  (10.0.22631) 64bit Professional' Language: 'ru' Physical Memory: 32447 MB
BatchMode: 1, IsHumanControllingUs: 0, StartBugReporterOnCrash: 0, Is64bit: 1, IsPro: 1

COMMAND LINE ARGUMENTS:
C:\UnityVersions\2021.3.30f1\Editor\Unity.exe
-adb2
-batchMode
-noUpm
-name
AssetImportWorker4
-projectPath
C:/Users/AORUS/Documents/GitHub/Game-with-Girls/ProjectForIdor
-logFile
Logs/AssetImportWorker4.log
-srvPort
62279
Successfully changed project path to: C:/Users/AORUS/Documents/GitHub/Game-with-Girls/ProjectForIdor
C:/Users/AORUS/Documents/GitHub/Game-with-Girls/ProjectForIdor
[UnityMemory] Configuration Parameters - Can be set up in boot.config
    "memorysetup-bucket-allocator-granularity=16"
    "memorysetup-bucket-allocator-bucket-count=8"
    "memorysetup-bucket-allocator-block-size=33554432"
    "memorysetup-bucket-allocator-block-count=8"
    "memorysetup-main-allocator-block-size=16777216"
    "memorysetup-thread-allocator-block-size=16777216"
    "memorysetup-gfx-main-allocator-block-size=16777216"
    "memorysetup-gfx-thread-allocator-block-size=16777216"
    "memorysetup-cache-allocator-block-size=4194304"
    "memorysetup-typetree-allocator-block-size=2097152"
    "memorysetup-profiler-bucket-allocator-granularity=16"
    "memorysetup-profiler-bucket-allocator-bucket-count=8"
    "memorysetup-profiler-bucket-allocator-block-size=33554432"
    "memorysetup-profiler-bucket-allocator-block-count=8"
    "memorysetup-profiler-allocator-block-size=16777216"
    "memorysetup-profiler-editor-allocator-block-size=1048576"
    "memorysetup-temp-allocator-size-main=16777216"
    "memorysetup-job-temp-allocator-block-size=2097152"
    "memorysetup-job-temp-allocator-block-size-background=1048576"
    "memorysetup-job-temp-allocator-reduction-small-platforms=262144"
    "memorysetup-temp-allocator-size-background-worker=32768"
    "memorysetup-temp-allocator-size-job-worker=262144"
    "memorysetup-temp-allocator-size-preload-manager=33554432"
    "memorysetup-temp-allocator-size-nav-mesh-worker=65536"
    "memorysetup-temp-allocator-size-audio-worker=65536"
    "memorysetup-temp-allocator-size-cloud-worker=32768"
    "memorysetup-temp-allocator-size-gi-baking-worker=262144"
    "memorysetup-temp-allocator-size-gfx=262144"
Player connection [14816] Host "[IP] 192.168.3.12 [Port] 0 [Flags] 2 [Guid] 2866625541 [EditorId] 2866625541 [Version] 1048832 [Id] WindowsEditor(7,Pipa) [Debug] 1 [PackageName] WindowsEditor [ProjectName] Editor" joined multi-casting on [225.0.0.222:54997]...

Player connection [14816] Host "[IP] 192.168.3.12 [Port] 0 [Flags] 2 [Guid] 2866625541 [EditorId] 2866625541 [Version] 1048832 [Id] WindowsEditor(7,Pipa) [Debug] 1 [PackageName] WindowsEditor [ProjectName] Editor" joined alternative multi-casting on [225.0.0.222:34997]...

[Physics::Module] Initialized MultithreadedJobDispatcher with {0} workers.
Refreshing native plugins compatible for Editor in 96.41 ms, found 4 plugins.
Preloading 0 native plugins for Editor in 0.00 ms.
Initialize engine version: 2021.3.30f1 (b4360d7cdac4)
[Subsystems] Discovering subsystems at path C:/UnityVersions/2021.3.30f1/Editor/Data/Resources/UnitySubsystems
[Subsystems] Discovering subsystems at path C:/Users/AORUS/Documents/GitHub/Game-with-Girls/ProjectForIdor/Assets
GfxDevice: creating device client; threaded=0; jobified=0
Direct3D:
    Version:  Direct3D 11.0 [level 11.1]
    Renderer: NVIDIA GeForce RTX 3070 Laptop GPU (ID=0x249d)
    Vendor:   NVIDIA
    VRAM:     8020 MB
    Driver:   31.0.15.5152
Initialize mono
Mono path[0] = 'C:/UnityVersions/2021.3.30f1/Editor/Data/Managed'
Mono path[1] = 'C:/UnityVersions/2021.3.30f1/Editor/Data/MonoBleedingEdge/lib/mono/unityjit-win32'
Mono config path = 'C:/UnityVersions/2021.3.30f1/Editor/Data/MonoBleedingEdge/etc'
Using monoOptions --debugger-agent=transport=dt_socket,embedding=1,server=y,suspend=n,address=127.0.0.1:56280
Begin MonoManager ReloadAssembly
Registering precompiled unity dll's ...
Register platform support module: C:/UnityVersions/2021.3.30f1/Editor/Data/PlaybackEngines/WebGLSupport/UnityEditor.WebGL.Extensions.dll
Register platform support module: C:/UnityVersions/2021.3.30f1/Editor/Data/PlaybackEngines/AndroidPlayer/UnityEditor.Android.Extensions.dll
Register platform support module: C:/UnityVersions/2021.3.30f1/Editor/Data/PlaybackEngines/iOSSupport/UnityEditor.iOS.Extensions.dll
Register platform support module: C:/UnityVersions/2021.3.30f1/Editor/Data/PlaybackEngines/WindowsStandaloneSupport/UnityEditor.WindowsStandalone.Extensions.dll
Registered in 0.004061 seconds.
Native extension for WindowsStandalone target not found
[usbmuxd] Start listen thread
[usbmuxd] Listen thread started
Native extension for iOS target not found
Native extension for Android target not found
Android Extension - Scanning For ADB Devices 189 ms
Native extension for WebGL target not found
Refreshing native plugins compatible for Editor in 95.04 ms, found 4 plugins.
Preloading 0 native plugins for Editor in 0.00 ms.
Mono: successfully reloaded assembly
- Completed reload, in  0.759 seconds
Domain Reload Profiling:
	ReloadAssembly (760ms)
		BeginReloadAssembly (77ms)
			ExecutionOrderSort (0ms)
			DisableScriptedObjects (0ms)
			BackupInstance (0ms)
			ReleaseScriptingObjects (0ms)
			CreateAndSetChildDomain (1ms)
		EndReloadAssembly (608ms)
			LoadAssemblies (75ms)
			RebuildTransferFunctionScriptingTraits (0ms)
			SetupTypeCache (86ms)
			ReleaseScriptCaches (0ms)
			RebuildScriptCaches (24ms)
			SetupLoadedEditorAssemblies (464ms)
				LogAssemblyErrors (0ms)
				InitializePlatformSupportModulesInManaged (267ms)
				SetLoadedEditorAssemblies (0ms)
				RefreshPlugins (95ms)
				BeforeProcessingInitializeOnLoad (1ms)
				ProcessInitializeOnLoadAttributes (66ms)
				ProcessInitializeOnLoadMethodAttributes (34ms)
				AfterProcessingInitializeOnLoad (0ms)
				EditorAssembliesLoaded (0ms)
			ExecutionOrderSort2 (0ms)
			AwakeInstancesAfterBackupRestoration (0ms)
Platform modules already initialized, skipping
Registering precompiled user dll's ...
Registered in 0.004870 seconds.
Begin MonoManager ReloadAssembly
Native extension for WindowsStandalone target not found
Native extension for iOS target not found
Native extension for Android target not found
Native extension for WebGL target not found
Refreshing native plugins compatible for Editor in 107.59 ms, found 4 plugins.
Preloading 0 native plugins for Editor in 0.00 ms.
Package Manager log level set to [2]
[Package Manager] Server::EnsureServerProcessIsRunning -- launch failed, reason: Unity was launched with the -noUpm command-line argument
[Package Manager] Cannot connect to Unity Package Manager local server
Mono: successfully reloaded assembly
- Completed reload, in  1.679 seconds
Domain Reload Profiling:
	ReloadAssembly (1679ms)
		BeginReloadAssembly (101ms)
			ExecutionOrderSort (0ms)
			DisableScriptedObjects (5ms)
			BackupInstance (0ms)
			ReleaseScriptingObjects (0ms)
			CreateAndSetChildDomain (17ms)
		EndReloadAssembly (1488ms)
			LoadAssemblies (86ms)
			RebuildTransferFunctionScriptingTraits (0ms)
			SetupTypeCache (241ms)
			ReleaseScriptCaches (1ms)
			RebuildScriptCaches (60ms)
			SetupLoadedEditorAssemblies (1072ms)
				LogAssemblyErrors (0ms)
				InitializePlatformSupportModulesInManaged (26ms)
				SetLoadedEditorAssemblies (0ms)
				RefreshPlugins (108ms)
				BeforeProcessingInitializeOnLoad (112ms)
				ProcessInitializeOnLoadAttributes (750ms)
				ProcessInitializeOnLoadMethodAttributes (71ms)
				AfterProcessingInitializeOnLoad (5ms)
				EditorAssembliesLoaded (0ms)
			ExecutionOrderSort2 (0ms)
			AwakeInstancesAfterBackupRestoration (6ms)
Platform modules already initialized, skipping
========================================================================
Worker process is ready to serve import requests
Launched and connected shader compiler UnityShaderCompiler.exe after 0.03 seconds
Refreshing native plugins compatible for Editor in 0.92 ms, found 4 plugins.
Preloading 0 native plugins for Editor in 0.00 ms.
Unloading 5787 Unused Serialized files (Serialized files now loaded: 0)
Unloading 40 unused Assets / (0.7 MB). Loaded Objects now: 6248.
Memory consumption went from 225.9 MB to 225.2 MB.
Total: 4.089600 ms (FindLiveObjects: 0.365300 ms CreateObjectMapping: 0.265700 ms MarkObjects: 3.077400 ms  DeleteObjects: 0.380000 ms)

AssetImportParameters requested are different than current active one (requested -> active):
  custom:video-decoder-ogg-theora: a1e56fd34408186e4bbccfd4996cb3dc -> 
  custom:container-muxer-webm: aa71ff27fc2769a1b78a27578f13a17b -> 
  custom:container-demuxer-webm: 4f35f7cbe854078d1ac9338744f61a02 -> 
  custom:video-encoder-webm-vp8: eb34c28f22e8b96e1ab97ce403110664 -> 
  custom:video-codec-MediaFoundation-h265: 746d11721c4dcdbdad8f713fa42b33f4 -> 
  custom:CustomObjectIndexerAttribute: 6b0e35c9178b02a6363f3721b7b8e397 -> 
  custom:audio-encoder-webm-vorbis: bf7c407c2cedff20999df2af8eb42d56 -> 
  custom:framework-win-MediaFoundation: 216162199b28c13a410421893ffa2e32 -> 
  custom:SearchIndexIgnoredProperties: e643bd26f0fe6173181afceb89e7c659 -> 
  custom:container-demuxer-ogg: 62fdf1f143b41e24485cea50d1cbac27 -> 
  custom:video-decoder-webm-vp8: 9c59270c3fd7afecdb556c50c9e8de78 -> 
  custom:audio-decoder-ogg-vorbis: bf7c407c2cedff20999df2af8eb42d56 -> 
========================================================================
Received Import Request.
  Time since last request: 51783.480597 seconds.
  path: Assets/Prefabs/GirlArchive/GirlArchivePage.prefab
  artifactKey: Guid(c37b7f853d4b29249a091038b919f15b) Importer(815301076,1909f56bfc062723c751e8b465ee728b)
Number of updated assets reloaded before import = 0
Start importing Assets/Prefabs/GirlArchive/GirlArchivePage.prefab using Guid(c37b7f853d4b29249a091038b919f15b) Importer(815301076,1909f56bfc062723c751e8b465ee728b)  -> (artifact id: 'd7ca3576e6dfc6e3446cf9b2db20a38f') in 0.069617 seconds 
Number of asset objects unloaded after import = 133
========================================================================
Received Import Request.
  Time since last request: 4.924799 seconds.
  path: Assets/Prefabs/GirlArchive/GirlArchivePage.prefab
  artifactKey: Guid(c37b7f853d4b29249a091038b919f15b) Importer(815301076,1909f56bfc062723c751e8b465ee728b)
Number of updated assets reloaded before import = 0
Start importing Assets/Prefabs/GirlArchive/GirlArchivePage.prefab using Guid(c37b7f853d4b29249a091038b919f15b) Importer(815301076,1909f56bfc062723c751e8b465ee728b)  -> (artifact id: 'a573f85a6e1ea237cf9719b95bab03ae') in 0.017252 seconds 
Number of asset objects unloaded after import = 133
========================================================================
Received Import Request.
  Time since last request: 2.608488 seconds.
  path: Assets/Prefabs/GirlArchive/GirlArchivePage.prefab
  artifactKey: Guid(c37b7f853d4b29249a091038b919f15b) Importer(815301076,1909f56bfc062723c751e8b465ee728b)
Number of updated assets reloaded before import = 0
Start importing Assets/Prefabs/GirlArchive/GirlArchivePage.prefab using Guid(c37b7f853d4b29249a091038b919f15b) Importer(815301076,1909f56bfc062723c751e8b465ee728b)  -> (artifact id: 'd1bfbaf667b6219fce7dada1fd99df73') in 0.016048 seconds 
Number of asset objects unloaded after import = 133
========================================================================
Received Import Request.
  Time since last request: 8.870057 seconds.
  path: Assets/Prefabs/GirlArchive/GirlArchivePage.prefab
  artifactKey: Guid(c37b7f853d4b29249a091038b919f15b) Importer(815301076,1909f56bfc062723c751e8b465ee728b)
Number of updated assets reloaded before import = 0
Start importing Assets/Prefabs/GirlArchive/GirlArchivePage.prefab using Guid(c37b7f853d4b29249a091038b919f15b) Importer(815301076,1909f56bfc062723c751e8b465ee728b)  -> (artifact id: '1dde7b9ae0e99abaaeb22d3cf67df22b') in 0.016359 seconds 
Number of asset objects unloaded after import = 133
========================================================================
Received Import Request.
  Time since last request: 74.027080 seconds.
  path: Assets/Prefabs/GirlArchive/GirlArchivePage.prefab
  artifactKey: Guid(c37b7f853d4b29249a091038b919f15b) Importer(815301076,1909f56bfc062723c751e8b465ee728b)
Number of updated assets reloaded before import = 0
Start importing Assets/Prefabs/GirlArchive/GirlArchivePage.prefab using Guid(c37b7f853d4b29249a091038b919f15b) Importer(815301076,1909f56bfc062723c751e8b465ee728b)  -> (artifact id: '2f31c0c77c8ef9831a4e7ef627d5d197') in 0.016868 seconds 
Number of asset objects unloaded after import = 133
========================================================================
Received Import Request.
  Time since last request: 0.761973 seconds.
  path: Assets/Prefabs/GirlArchive/GirlArchivePage.prefab
  artifactKey: Guid(c37b7f853d4b29249a091038b919f15b) Importer(815301076,1909f56bfc062723c751e8b465ee728b)
Number of updated assets reloaded before import = 0
Start importing Assets/Prefabs/GirlArchive/GirlArchivePage.prefab using Guid(c37b7f853d4b29249a091038b919f15b) Importer(815301076,1909f56bfc062723c751e8b465ee728b)  -> (artifact id: '5de1bb854cd6af57313203aee3f473d4') in 0.019735 seconds 
Number of asset objects unloaded after import = 133
========================================================================
Received Import Request.
  Time since last request: 25.179378 seconds.
  path: Assets/Prefabs/GirlArchive/GirlArchivePage.prefab
  artifactKey: Guid(c37b7f853d4b29249a091038b919f15b) Importer(815301076,1909f56bfc062723c751e8b465ee728b)
Number of updated assets reloaded before import = 0
Start importing Assets/Prefabs/GirlArchive/GirlArchivePage.prefab using Guid(c37b7f853d4b29249a091038b919f15b) Importer(815301076,1909f56bfc062723c751e8b465ee728b)  -> (artifact id: 'a54618eaf55c77849defabdf7c49ca40') in 0.017123 seconds 
Number of asset objects unloaded after import = 133
========================================================================
Received Import Request.
  Time since last request: 53.081657 seconds.
  path: Assets/Prefabs/GirlArchive/GirlArchivePage.prefab
  artifactKey: Guid(c37b7f853d4b29249a091038b919f15b) Importer(815301076,1909f56bfc062723c751e8b465ee728b)
Number of updated assets reloaded before import = 0
Start importing Assets/Prefabs/GirlArchive/GirlArchivePage.prefab using Guid(c37b7f853d4b29249a091038b919f15b) Importer(815301076,1909f56bfc062723c751e8b465ee728b)  -> (artifact id: '47010e7ff978731c349da37802b460e4') in 0.017479 seconds 
Number of asset objects unloaded after import = 133
========================================================================
Received Import Request.
  Time since last request: 54.502791 seconds.
  path: Assets/Prefabs/GirlArchive/GirlArchivePage.prefab
  artifactKey: Guid(c37b7f853d4b29249a091038b919f15b) Importer(815301076,1909f56bfc062723c751e8b465ee728b)
Number of updated assets reloaded before import = 0
Start importing Assets/Prefabs/GirlArchive/GirlArchivePage.prefab using Guid(c37b7f853d4b29249a091038b919f15b) Importer(815301076,1909f56bfc062723c751e8b465ee728b)  -> (artifact id: '74d2446788d2aea4862ecc1432b39d54') in 0.016281 seconds 
Number of asset objects unloaded after import = 133
========================================================================
Received Import Request.
  Time since last request: 5.205803 seconds.
  path: Assets/Prefabs/GirlArchive/GirlArchivePage.prefab
  artifactKey: Guid(c37b7f853d4b29249a091038b919f15b) Importer(815301076,1909f56bfc062723c751e8b465ee728b)
Number of updated assets reloaded before import = 0
Start importing Assets/Prefabs/GirlArchive/GirlArchivePage.prefab using Guid(c37b7f853d4b29249a091038b919f15b) Importer(815301076,1909f56bfc062723c751e8b465ee728b)  -> (artifact id: '7e79bd9f2e74f472d2ba724c3043525b') in 0.017210 seconds 
Number of asset objects unloaded after import = 133
========================================================================
Received Import Request.
  Time since last request: 11.756820 seconds.
  path: Assets/Prefabs/GirlArchive/GirlArchivePage.prefab
  artifactKey: Guid(c37b7f853d4b29249a091038b919f15b) Importer(815301076,1909f56bfc062723c751e8b465ee728b)
Number of updated assets reloaded before import = 0
Start importing Assets/Prefabs/GirlArchive/GirlArchivePage.prefab using Guid(c37b7f853d4b29249a091038b919f15b) Importer(815301076,1909f56bfc062723c751e8b465ee728b)  -> (artifact id: 'faf06916d12eee70f72f9bc6aed8029a') in 0.015706 seconds 
Number of asset objects unloaded after import = 133
========================================================================
Received Import Request.
  Time since last request: 9.644392 seconds.
  path: Assets/Prefabs/GirlArchive/GirlArchivePage.prefab
  artifactKey: Guid(c37b7f853d4b29249a091038b919f15b) Importer(815301076,1909f56bfc062723c751e8b465ee728b)
Number of updated assets reloaded before import = 0
Start importing Assets/Prefabs/GirlArchive/GirlArchivePage.prefab using Guid(c37b7f853d4b29249a091038b919f15b) Importer(815301076,1909f56bfc062723c751e8b465ee728b)  -> (artifact id: '6df2f060e73930dd9eb0f883e45b6b3b') in 0.015902 seconds 
Number of asset objects unloaded after import = 133
========================================================================
Received Import Request.
  Time since last request: 5.036275 seconds.
  path: Assets/Prefabs/GirlArchive/GirlArchivePage.prefab
  artifactKey: Guid(c37b7f853d4b29249a091038b919f15b) Importer(815301076,1909f56bfc062723c751e8b465ee728b)
Number of updated assets reloaded before import = 0
Start importing Assets/Prefabs/GirlArchive/GirlArchivePage.prefab using Guid(c37b7f853d4b29249a091038b919f15b) Importer(815301076,1909f56bfc062723c751e8b465ee728b)  -> (artifact id: '2bae31e0adfb484bce2f14146d72b965') in 0.018701 seconds 
Number of asset objects unloaded after import = 133
========================================================================
Received Import Request.
  Time since last request: 29.066386 seconds.
  path: Assets/Prefabs/GirlArchive/GirlArchivePage.prefab
  artifactKey: Guid(c37b7f853d4b29249a091038b919f15b) Importer(815301076,1909f56bfc062723c751e8b465ee728b)
Number of updated assets reloaded before import = 0
Start importing Assets/Prefabs/GirlArchive/GirlArchivePage.prefab using Guid(c37b7f853d4b29249a091038b919f15b) Importer(815301076,1909f56bfc062723c751e8b465ee728b)  -> (artifact id: '2c7b995db63765995c26aa6d10ed0ea8') in 0.024360 seconds 
Number of asset objects unloaded after import = 133
========================================================================
Received Import Request.
  Time since last request: 1316.878034 seconds.
  path: Assets/Prefabs/GirlArchive/GirlArchivePage.prefab
  artifactKey: Guid(c37b7f853d4b29249a091038b919f15b) Importer(815301076,1909f56bfc062723c751e8b465ee728b)
Number of updated assets reloaded before import = 0
Start importing Assets/Prefabs/GirlArchive/GirlArchivePage.prefab using Guid(c37b7f853d4b29249a091038b919f15b) Importer(815301076,1909f56bfc062723c751e8b465ee728b)  -> (artifact id: '33f2611031d891705be46aca3bf7d19b') in 0.018725 seconds 
Number of asset objects unloaded after import = 133
========================================================================
Received Import Request.
  Time since last request: 6.185804 seconds.
  path: Assets/Prefabs/GirlArchive/GirlArchivePage.prefab
  artifactKey: Guid(c37b7f853d4b29249a091038b919f15b) Importer(815301076,1909f56bfc062723c751e8b465ee728b)
Number of updated assets reloaded before import = 0
Start importing Assets/Prefabs/GirlArchive/GirlArchivePage.prefab using Guid(c37b7f853d4b29249a091038b919f15b) Importer(815301076,1909f56bfc062723c751e8b465ee728b)  -> (artifact id: '50f4d776269c6a75e14996710a5edb4e') in 0.016396 seconds 
Number of asset objects unloaded after import = 130
========================================================================
Received Import Request.
  Time since last request: 4.008792 seconds.
  path: Assets/Prefabs/GirlArchive/GirlArchivePage.prefab
  artifactKey: Guid(c37b7f853d4b29249a091038b919f15b) Importer(815301076,1909f56bfc062723c751e8b465ee728b)
Number of updated assets reloaded before import = 0
Start importing Assets/Prefabs/GirlArchive/GirlArchivePage.prefab using Guid(c37b7f853d4b29249a091038b919f15b) Importer(815301076,1909f56bfc062723c751e8b465ee728b)  -> (artifact id: '57ebc3d0a5b8df1766f1a3f190f58536') in 0.016807 seconds 
Number of asset objects unloaded after import = 130
========================================================================
Received Import Request.
  Time since last request: 7.045248 seconds.
  path: Assets/Prefabs/GirlArchive/GirlArchivePage.prefab
  artifactKey: Guid(c37b7f853d4b29249a091038b919f15b) Importer(815301076,1909f56bfc062723c751e8b465ee728b)
Number of updated assets reloaded before import = 0
Start importing Assets/Prefabs/GirlArchive/GirlArchivePage.prefab using Guid(c37b7f853d4b29249a091038b919f15b) Importer(815301076,1909f56bfc062723c751e8b465ee728b)  -> (artifact id: 'b4eda34cf97841221973d29bf696b9d3') in 0.016082 seconds 
Number of asset objects unloaded after import = 130
========================================================================
Received Import Request.
  Time since last request: 1.984523 seconds.
  path: Assets/Prefabs/GirlArchive/GirlArchivePage.prefab
  artifactKey: Guid(c37b7f853d4b29249a091038b919f15b) Importer(815301076,1909f56bfc062723c751e8b465ee728b)
Number of updated assets reloaded before import = 0
Start importing Assets/Prefabs/GirlArchive/GirlArchivePage.prefab using Guid(c37b7f853d4b29249a091038b919f15b) Importer(815301076,1909f56bfc062723c751e8b465ee728b)  -> (artifact id: '925703768450643a32f3a9a24ad2f189') in 0.015905 seconds 
Number of asset objects unloaded after import = 130
========================================================================
Received Import Request.
  Time since last request: 3.005870 seconds.
  path: Assets/Prefabs/GirlArchive/GirlArchivePage.prefab
  artifactKey: Guid(c37b7f853d4b29249a091038b919f15b) Importer(815301076,1909f56bfc062723c751e8b465ee728b)
Number of updated assets reloaded before import = 0
Start importing Assets/Prefabs/GirlArchive/GirlArchivePage.prefab using Guid(c37b7f853d4b29249a091038b919f15b) Importer(815301076,1909f56bfc062723c751e8b465ee728b)  -> (artifact id: 'b253a0331d0fab535847ade9a48f639e') in 0.017267 seconds 
Number of asset objects unloaded after import = 130
========================================================================
Received Import Request.
  Time since last request: 42.802518 seconds.
  path: Assets/Prefabs/GirlArchive/GirlArchivePage.prefab
  artifactKey: Guid(c37b7f853d4b29249a091038b919f15b) Importer(815301076,1909f56bfc062723c751e8b465ee728b)
Number of updated assets reloaded before import = 0
Start importing Assets/Prefabs/GirlArchive/GirlArchivePage.prefab using Guid(c37b7f853d4b29249a091038b919f15b) Importer(815301076,1909f56bfc062723c751e8b465ee728b)  -> (artifact id: '1227330bfa98d60c2166c391200d39ff') in 0.018604 seconds 
Number of asset objects unloaded after import = 130
========================================================================
Received Import Request.
  Time since last request: 22.102785 seconds.
  path: Assets/Prefabs/GirlArchive/GirlArchivePage.prefab
  artifactKey: Guid(c37b7f853d4b29249a091038b919f15b) Importer(815301076,1909f56bfc062723c751e8b465ee728b)
Number of updated assets reloaded before import = 0
Start importing Assets/Prefabs/GirlArchive/GirlArchivePage.prefab using Guid(c37b7f853d4b29249a091038b919f15b) Importer(815301076,1909f56bfc062723c751e8b465ee728b)  -> (artifact id: '0e6a4be2602b1ae0ba577f0ec461a72a') in 0.015931 seconds 
Number of asset objects unloaded after import = 130
========================================================================
Received Import Request.
  Time since last request: 25.069335 seconds.
  path: Assets/Prefabs/GirlArchive/GirlArchivePage.prefab
  artifactKey: Guid(c37b7f853d4b29249a091038b919f15b) Importer(815301076,1909f56bfc062723c751e8b465ee728b)
Number of updated assets reloaded before import = 0
Start importing Assets/Prefabs/GirlArchive/GirlArchivePage.prefab using Guid(c37b7f853d4b29249a091038b919f15b) Importer(815301076,1909f56bfc062723c751e8b465ee728b)  -> (artifact id: 'f24ae34709fe262423fc0e5329a9076f') in 0.016611 seconds 
Number of asset objects unloaded after import = 130
========================================================================
Received Import Request.
  Time since last request: 4.635901 seconds.
  path: Assets/Prefabs/GirlArchive/GirlArchivePage.prefab
  artifactKey: Guid(c37b7f853d4b29249a091038b919f15b) Importer(815301076,1909f56bfc062723c751e8b465ee728b)
Number of updated assets reloaded before import = 0
Start importing Assets/Prefabs/GirlArchive/GirlArchivePage.prefab using Guid(c37b7f853d4b29249a091038b919f15b) Importer(815301076,1909f56bfc062723c751e8b465ee728b)  -> (artifact id: '6aa8a9848f1db59caa2ac254b9bac778') in 0.015873 seconds 
Number of asset objects unloaded after import = 130
========================================================================
Received Import Request.
  Time since last request: 7.296334 seconds.
  path: Assets/Prefabs/GirlArchive/GirlArchivePage.prefab
  artifactKey: Guid(c37b7f853d4b29249a091038b919f15b) Importer(815301076,1909f56bfc062723c751e8b465ee728b)
Number of updated assets reloaded before import = 0
Start importing Assets/Prefabs/GirlArchive/GirlArchivePage.prefab using Guid(c37b7f853d4b29249a091038b919f15b) Importer(815301076,1909f56bfc062723c751e8b465ee728b)  -> (artifact id: 'b23af6b9146bd50043e2fc4ad249d64b') in 0.021849 seconds 
Number of asset objects unloaded after import = 130
========================================================================
Received Import Request.
  Time since last request: 13.816914 seconds.
  path: Assets/Prefabs/GirlArchive/GirlArchivePage.prefab
  artifactKey: Guid(c37b7f853d4b29249a091038b919f15b) Importer(815301076,1909f56bfc062723c751e8b465ee728b)
Number of updated assets reloaded before import = 0
Start importing Assets/Prefabs/GirlArchive/GirlArchivePage.prefab using Guid(c37b7f853d4b29249a091038b919f15b) Importer(815301076,1909f56bfc062723c751e8b465ee728b)  -> (artifact id: '224995ac17502e32cdacf506274a0264') in 0.016324 seconds 
Number of asset objects unloaded after import = 130
========================================================================
Received Import Request.
  Time since last request: 1.341407 seconds.
  path: Assets/Prefabs/GirlArchive/GirlArchivePage.prefab
  artifactKey: Guid(c37b7f853d4b29249a091038b919f15b) Importer(815301076,1909f56bfc062723c751e8b465ee728b)
Number of updated assets reloaded before import = 0
Start importing Assets/Prefabs/GirlArchive/GirlArchivePage.prefab using Guid(c37b7f853d4b29249a091038b919f15b) Importer(815301076,1909f56bfc062723c751e8b465ee728b)  -> (artifact id: '16392c092213723c2f3af8d8a7c5c3ce') in 0.015798 seconds 
Number of asset objects unloaded after import = 130
========================================================================
Received Import Request.
  Time since last request: 30.826807 seconds.
  path: Assets/Prefabs/GirlArchive/GirlArchivePage.prefab
  artifactKey: Guid(c37b7f853d4b29249a091038b919f15b) Importer(815301076,1909f56bfc062723c751e8b465ee728b)
Number of updated assets reloaded before import = 0
Start importing Assets/Prefabs/GirlArchive/GirlArchivePage.prefab using Guid(c37b7f853d4b29249a091038b919f15b) Importer(815301076,1909f56bfc062723c751e8b465ee728b)  -> (artifact id: 'b634d23de111684a15a8620f0c851563') in 0.016213 seconds 
Number of asset objects unloaded after import = 130
========================================================================
Received Import Request.
  Time since last request: 19.750145 seconds.
  path: Assets/Prefabs/GirlArchive/GirlArchivePage.prefab
  artifactKey: Guid(c37b7f853d4b29249a091038b919f15b) Importer(815301076,1909f56bfc062723c751e8b465ee728b)
Number of updated assets reloaded before import = 0
Start importing Assets/Prefabs/GirlArchive/GirlArchivePage.prefab using Guid(c37b7f853d4b29249a091038b919f15b) Importer(815301076,1909f56bfc062723c751e8b465ee728b)  -> (artifact id: 'eb7342658e0c729635aa7c4faf3545b0') in 0.021079 seconds 
Number of asset objects unloaded after import = 130
========================================================================
Received Import Request.
  Time since last request: 4.213502 seconds.
  path: Assets/Prefabs/GirlArchive/GirlArchivePage.prefab
  artifactKey: Guid(c37b7f853d4b29249a091038b919f15b) Importer(815301076,1909f56bfc062723c751e8b465ee728b)
Number of updated assets reloaded before import = 0
Start importing Assets/Prefabs/GirlArchive/GirlArchivePage.prefab using Guid(c37b7f853d4b29249a091038b919f15b) Importer(815301076,1909f56bfc062723c751e8b465ee728b)  -> (artifact id: '879e54ff265c8d32d1d2b4cd6a0930f9') in 0.017129 seconds 
Number of asset objects unloaded after import = 130
========================================================================
Received Import Request.
  Time since last request: 1.595107 seconds.
  path: Assets/Prefabs/GirlArchive/GirlArchivePage.prefab
  artifactKey: Guid(c37b7f853d4b29249a091038b919f15b) Importer(815301076,1909f56bfc062723c751e8b465ee728b)
Number of updated assets reloaded before import = 0
Start importing Assets/Prefabs/GirlArchive/GirlArchivePage.prefab using Guid(c37b7f853d4b29249a091038b919f15b) Importer(815301076,1909f56bfc062723c751e8b465ee728b)  -> (artifact id: '502e6a24e24064751c2e6c008d5043fd') in 0.015635 seconds 
Number of asset objects unloaded after import = 130
========================================================================
Received Import Request.
  Time since last request: 19.412349 seconds.
  path: Assets/Prefabs/GirlArchive/GirlArchivePage.prefab
  artifactKey: Guid(c37b7f853d4b29249a091038b919f15b) Importer(815301076,1909f56bfc062723c751e8b465ee728b)
Number of updated assets reloaded before import = 0
Start importing Assets/Prefabs/GirlArchive/GirlArchivePage.prefab using Guid(c37b7f853d4b29249a091038b919f15b) Importer(815301076,1909f56bfc062723c751e8b465ee728b)  -> (artifact id: '63da4d78707fb8f257b590f77a809e37') in 0.015833 seconds 
Number of asset objects unloaded after import = 130
========================================================================
Received Import Request.
  Time since last request: 14.683739 seconds.
  path: Assets/Prefabs/GirlArchive/GirlArchivePage.prefab
  artifactKey: Guid(c37b7f853d4b29249a091038b919f15b) Importer(815301076,1909f56bfc062723c751e8b465ee728b)
Number of updated assets reloaded before import = 0
Start importing Assets/Prefabs/GirlArchive/GirlArchivePage.prefab using Guid(c37b7f853d4b29249a091038b919f15b) Importer(815301076,1909f56bfc062723c751e8b465ee728b)  -> (artifact id: 'ebe599471e5696ecb95ace562759d7db') in 0.016318 seconds 
Number of asset objects unloaded after import = 130
========================================================================
Received Import Request.
  Time since last request: 18.524043 seconds.
  path: Assets/Prefabs/GirlArchive/GirlArchivePage.prefab
  artifactKey: Guid(c37b7f853d4b29249a091038b919f15b) Importer(815301076,1909f56bfc062723c751e8b465ee728b)
Number of updated assets reloaded before import = 0
Start importing Assets/Prefabs/GirlArchive/GirlArchivePage.prefab using Guid(c37b7f853d4b29249a091038b919f15b) Importer(815301076,1909f56bfc062723c751e8b465ee728b)  -> (artifact id: '35f081981ea4dba753f5ccbba0f9038b') in 0.018061 seconds 
Number of asset objects unloaded after import = 130
========================================================================
Received Import Request.
  Time since last request: 3.643264 seconds.
  path: Assets/Prefabs/GirlArchive/GirlArchivePage.prefab
  artifactKey: Guid(c37b7f853d4b29249a091038b919f15b) Importer(815301076,1909f56bfc062723c751e8b465ee728b)
Number of updated assets reloaded before import = 0
Start importing Assets/Prefabs/GirlArchive/GirlArchivePage.prefab using Guid(c37b7f853d4b29249a091038b919f15b) Importer(815301076,1909f56bfc062723c751e8b465ee728b)  -> (artifact id: '530ed03ee4e3e1623b645aa80a8f2415') in 0.016321 seconds 
Number of asset objects unloaded after import = 130
========================================================================
Received Import Request.
  Time since last request: 2.798861 seconds.
  path: Assets/Prefabs/GirlArchive/GirlArchivePage.prefab
  artifactKey: Guid(c37b7f853d4b29249a091038b919f15b) Importer(815301076,1909f56bfc062723c751e8b465ee728b)
Number of updated assets reloaded before import = 0
Start importing Assets/Prefabs/GirlArchive/GirlArchivePage.prefab using Guid(c37b7f853d4b29249a091038b919f15b) Importer(815301076,1909f56bfc062723c751e8b465ee728b)  -> (artifact id: '6d353dc0b203e5fba0d0727fac109ce4') in 0.020918 seconds 
Number of asset objects unloaded after import = 130
========================================================================
Received Import Request.
  Time since last request: 33.473487 seconds.
  path: Assets/Prefabs/GirlArchive/GirlArchivePage.prefab
  artifactKey: Guid(c37b7f853d4b29249a091038b919f15b) Importer(815301076,1909f56bfc062723c751e8b465ee728b)
Number of updated assets reloaded before import = 0
Start importing Assets/Prefabs/GirlArchive/GirlArchivePage.prefab using Guid(c37b7f853d4b29249a091038b919f15b) Importer(815301076,1909f56bfc062723c751e8b465ee728b)  -> (artifact id: '640b0c751e01275d4c4f5a204b01b8c8') in 0.015967 seconds 
Number of asset objects unloaded after import = 130
========================================================================
Received Import Request.
  Time since last request: 7.720095 seconds.
  path: Assets/Prefabs/GirlArchive/GirlArchivePage.prefab
  artifactKey: Guid(c37b7f853d4b29249a091038b919f15b) Importer(815301076,1909f56bfc062723c751e8b465ee728b)
Number of updated assets reloaded before import = 0
Start importing Assets/Prefabs/GirlArchive/GirlArchivePage.prefab using Guid(c37b7f853d4b29249a091038b919f15b) Importer(815301076,1909f56bfc062723c751e8b465ee728b)  -> (artifact id: '4c4ef7204a5b5dc406310da09f8d8e02') in 0.015595 seconds 
Number of asset objects unloaded after import = 130
========================================================================
Received Import Request.
  Time since last request: 21.951216 seconds.
  path: Assets/Prefabs/GirlArchive/GirlArchivePage.prefab
  artifactKey: Guid(c37b7f853d4b29249a091038b919f15b) Importer(815301076,1909f56bfc062723c751e8b465ee728b)
Number of updated assets reloaded before import = 0
Start importing Assets/Prefabs/GirlArchive/GirlArchivePage.prefab using Guid(c37b7f853d4b29249a091038b919f15b) Importer(815301076,1909f56bfc062723c751e8b465ee728b)  -> (artifact id: '76e934e30b888a64dda118b12f585433') in 0.022500 seconds 
Number of asset objects unloaded after import = 130
========================================================================
Received Import Request.
  Time since last request: 51.220752 seconds.
  path: Assets/Prefabs/GirlArchive/GirlArchivePage.prefab
  artifactKey: Guid(c37b7f853d4b29249a091038b919f15b) Importer(815301076,1909f56bfc062723c751e8b465ee728b)
Number of updated assets reloaded before import = 0
Start importing Assets/Prefabs/GirlArchive/GirlArchivePage.prefab using Guid(c37b7f853d4b29249a091038b919f15b) Importer(815301076,1909f56bfc062723c751e8b465ee728b)  -> (artifact id: '0c0d2f33e871eec447f11abc710d3aa8') in 0.015993 seconds 
Number of asset objects unloaded after import = 130
========================================================================
Received Import Request.
  Time since last request: 4.206469 seconds.
  path: Assets/Prefabs/GirlArchive/GirlArchivePage.prefab
  artifactKey: Guid(c37b7f853d4b29249a091038b919f15b) Importer(815301076,1909f56bfc062723c751e8b465ee728b)
Number of updated assets reloaded before import = 0
Start importing Assets/Prefabs/GirlArchive/GirlArchivePage.prefab using Guid(c37b7f853d4b29249a091038b919f15b) Importer(815301076,1909f56bfc062723c751e8b465ee728b)  -> (artifact id: '8c618318028316c509bd2afaba6b5a3f') in 0.015444 seconds 
Number of asset objects unloaded after import = 130
========================================================================
Received Import Request.
  Time since last request: 7.157371 seconds.
  path: Assets/Prefabs/GirlArchive/GirlArchivePage.prefab
  artifactKey: Guid(c37b7f853d4b29249a091038b919f15b) Importer(815301076,1909f56bfc062723c751e8b465ee728b)
Number of updated assets reloaded before import = 0
Start importing Assets/Prefabs/GirlArchive/GirlArchivePage.prefab using Guid(c37b7f853d4b29249a091038b919f15b) Importer(815301076,1909f56bfc062723c751e8b465ee728b)  -> (artifact id: '8195b6d9b03acd93c43bc9720f3f419a') in 0.015998 seconds 
Number of asset objects unloaded after import = 130
========================================================================
Received Import Request.
  Time since last request: 0.814614 seconds.
  path: Assets/Prefabs/GirlArchive/GirlArchivePage.prefab
  artifactKey: Guid(c37b7f853d4b29249a091038b919f15b) Importer(815301076,1909f56bfc062723c751e8b465ee728b)
Number of updated assets reloaded before import = 0
Start importing Assets/Prefabs/GirlArchive/GirlArchivePage.prefab using Guid(c37b7f853d4b29249a091038b919f15b) Importer(815301076,1909f56bfc062723c751e8b465ee728b)  -> (artifact id: '103606a330ff3837538b9af07cc18915') in 0.018119 seconds 
Number of asset objects unloaded after import = 130
========================================================================
Received Import Request.
  Time since last request: 7.898387 seconds.
  path: Assets/Prefabs/GirlArchive/GirlArchivePage.prefab
  artifactKey: Guid(c37b7f853d4b29249a091038b919f15b) Importer(815301076,1909f56bfc062723c751e8b465ee728b)
Number of updated assets reloaded before import = 0
Start importing Assets/Prefabs/GirlArchive/GirlArchivePage.prefab using Guid(c37b7f853d4b29249a091038b919f15b) Importer(815301076,1909f56bfc062723c751e8b465ee728b)  -> (artifact id: 'c829bc9e333aed2b53898c55cfd24de7') in 0.016181 seconds 
Number of asset objects unloaded after import = 130
========================================================================
Received Import Request.
  Time since last request: 19.983499 seconds.
  path: Assets/Prefabs/GirlArchive/GirlArchivePage.prefab
  artifactKey: Guid(c37b7f853d4b29249a091038b919f15b) Importer(815301076,1909f56bfc062723c751e8b465ee728b)
Number of updated assets reloaded before import = 0
Start importing Assets/Prefabs/GirlArchive/GirlArchivePage.prefab using Guid(c37b7f853d4b29249a091038b919f15b) Importer(815301076,1909f56bfc062723c751e8b465ee728b)  -> (artifact id: '3080e548cf8fb4fd1fa79ea4c0356c9b') in 0.016226 seconds 
Number of asset objects unloaded after import = 130
========================================================================
Received Import Request.
  Time since last request: 6.020459 seconds.
  path: Assets/Prefabs/GirlArchive/GirlArchivePage.prefab
  artifactKey: Guid(c37b7f853d4b29249a091038b919f15b) Importer(815301076,1909f56bfc062723c751e8b465ee728b)
Number of updated assets reloaded before import = 0
Start importing Assets/Prefabs/GirlArchive/GirlArchivePage.prefab using Guid(c37b7f853d4b29249a091038b919f15b) Importer(815301076,1909f56bfc062723c751e8b465ee728b)  -> (artifact id: 'eaadafad27ecaf367d16e725de4219a5') in 0.017293 seconds 
Number of asset objects unloaded after import = 130
========================================================================
Received Import Request.
  Time since last request: 25.030316 seconds.
  path: Assets/Prefabs/GirlArchive/GirlArchivePage.prefab
  artifactKey: Guid(c37b7f853d4b29249a091038b919f15b) Importer(815301076,1909f56bfc062723c751e8b465ee728b)
Number of updated assets reloaded before import = 0
Start importing Assets/Prefabs/GirlArchive/GirlArchivePage.prefab using Guid(c37b7f853d4b29249a091038b919f15b) Importer(815301076,1909f56bfc062723c751e8b465ee728b)  -> (artifact id: 'cf36032120801268f8c2eb7494bf8e47') in 0.016713 seconds 
Number of asset objects unloaded after import = 130
========================================================================
Received Import Request.
  Time since last request: 11.875694 seconds.
  path: Assets/Prefabs/GirlArchive/GirlArchivePage.prefab
  artifactKey: Guid(c37b7f853d4b29249a091038b919f15b) Importer(815301076,1909f56bfc062723c751e8b465ee728b)
Number of updated assets reloaded before import = 0
Start importing Assets/Prefabs/GirlArchive/GirlArchivePage.prefab using Guid(c37b7f853d4b29249a091038b919f15b) Importer(815301076,1909f56bfc062723c751e8b465ee728b)  -> (artifact id: 'ebff03de8228fbc298bc5b39e2ae5239') in 0.017549 seconds 
Number of asset objects unloaded after import = 130
========================================================================
Received Import Request.
  Time since last request: 23.456860 seconds.
  path: Assets/Prefabs/GirlArchive/GirlArchivePage.prefab
  artifactKey: Guid(c37b7f853d4b29249a091038b919f15b) Importer(815301076,1909f56bfc062723c751e8b465ee728b)
Number of updated assets reloaded before import = 0
Start importing Assets/Prefabs/GirlArchive/GirlArchivePage.prefab using Guid(c37b7f853d4b29249a091038b919f15b) Importer(815301076,1909f56bfc062723c751e8b465ee728b)  -> (artifact id: '04377dd97de90f2ad50f47555c85e1f2') in 0.016034 seconds 
Number of asset objects unloaded after import = 130
========================================================================
Received Import Request.
  Time since last request: 24.158136 seconds.
  path: Assets/Prefabs/GirlArchive/GirlArchivePage.prefab
  artifactKey: Guid(c37b7f853d4b29249a091038b919f15b) Importer(815301076,1909f56bfc062723c751e8b465ee728b)
Number of updated assets reloaded before import = 0
Start importing Assets/Prefabs/GirlArchive/GirlArchivePage.prefab using Guid(c37b7f853d4b29249a091038b919f15b) Importer(815301076,1909f56bfc062723c751e8b465ee728b)  -> (artifact id: 'd73a0730ab1172b8297ae20ec7eae7a3') in 0.015962 seconds 
Number of asset objects unloaded after import = 130
========================================================================
Received Import Request.
  Time since last request: 5.032778 seconds.
  path: Assets/Prefabs/GirlArchive/GirlArchivePage.prefab
  artifactKey: Guid(c37b7f853d4b29249a091038b919f15b) Importer(815301076,1909f56bfc062723c751e8b465ee728b)
Number of updated assets reloaded before import = 0
Start importing Assets/Prefabs/GirlArchive/GirlArchivePage.prefab using Guid(c37b7f853d4b29249a091038b919f15b) Importer(815301076,1909f56bfc062723c751e8b465ee728b)  -> (artifact id: 'c497688368791bce9f69f37c7814d7b0') in 0.015939 seconds 
Number of asset objects unloaded after import = 130
