Using pre-set license
Built from '2021.3/staging' branch; Version is '2021.3.30f1 (b4360d7cdac4) revision 11810317'; Using compiler version '192829333'; Build Type 'Release'
OS: 'Windows 11  (10.0.22631) 64bit Professional' Language: 'ru' Physical Memory: 32447 MB
BatchMode: 1, IsHumanControllingUs: 0, StartBugReporterOnCrash: 0, Is64bit: 1, IsPro: 1

COMMAND LINE ARGUMENTS:
C:\UnityVersions\2021.3.30f1\Editor\Unity.exe
-adb2
-batchMode
-noUpm
-name
AssetImportWorker14
-projectPath
C:/Users/AORUS/Documents/GitHub/Game-with-Girls/ProjectForIdor
-logFile
Logs/AssetImportWorker14.log
-srvPort
50072
Successfully changed project path to: C:/Users/AORUS/Documents/GitHub/Game-with-Girls/ProjectForIdor
C:/Users/AORUS/Documents/GitHub/Game-with-Girls/ProjectForIdor
[UnityMemory] Configuration Parameters - Can be set up in boot.config
    "memorysetup-bucket-allocator-granularity=16"
    "memorysetup-bucket-allocator-bucket-count=8"
    "memorysetup-bucket-allocator-block-size=33554432"
    "memorysetup-bucket-allocator-block-count=8"
    "memorysetup-main-allocator-block-size=16777216"
    "memorysetup-thread-allocator-block-size=16777216"
    "memorysetup-gfx-main-allocator-block-size=16777216"
    "memorysetup-gfx-thread-allocator-block-size=16777216"
    "memorysetup-cache-allocator-block-size=4194304"
    "memorysetup-typetree-allocator-block-size=2097152"
    "memorysetup-profiler-bucket-allocator-granularity=16"
    "memorysetup-profiler-bucket-allocator-bucket-count=8"
    "memorysetup-profiler-bucket-allocator-block-size=33554432"
    "memorysetup-profiler-bucket-allocator-block-count=8"
    "memorysetup-profiler-allocator-block-size=16777216"
    "memorysetup-profiler-editor-allocator-block-size=1048576"
    "memorysetup-temp-allocator-size-main=16777216"
    "memorysetup-job-temp-allocator-block-size=2097152"
    "memorysetup-job-temp-allocator-block-size-background=1048576"
    "memorysetup-job-temp-allocator-reduction-small-platforms=262144"
    "memorysetup-temp-allocator-size-background-worker=32768"
    "memorysetup-temp-allocator-size-job-worker=262144"
    "memorysetup-temp-allocator-size-preload-manager=33554432"
    "memorysetup-temp-allocator-size-nav-mesh-worker=65536"
    "memorysetup-temp-allocator-size-audio-worker=65536"
    "memorysetup-temp-allocator-size-cloud-worker=32768"
    "memorysetup-temp-allocator-size-gi-baking-worker=262144"
    "memorysetup-temp-allocator-size-gfx=262144"
Player connection [15496] Host "[IP] 192.168.3.12 [Port] 0 [Flags] 2 [Guid] 275585545 [EditorId] 275585545 [Version] 1048832 [Id] WindowsEditor(7,Pipa) [Debug] 1 [PackageName] WindowsEditor [ProjectName] Editor" joined multi-casting on [225.0.0.222:54997]...

Player connection [15496] Host "[IP] 192.168.3.12 [Port] 0 [Flags] 2 [Guid] 275585545 [EditorId] 275585545 [Version] 1048832 [Id] WindowsEditor(7,Pipa) [Debug] 1 [PackageName] WindowsEditor [ProjectName] Editor" joined alternative multi-casting on [225.0.0.222:34997]...

[Physics::Module] Initialized MultithreadedJobDispatcher with {0} workers.
Refreshing native plugins compatible for Editor in 98.40 ms, found 4 plugins.
Preloading 0 native plugins for Editor in 0.00 ms.
Initialize engine version: 2021.3.30f1 (b4360d7cdac4)
[Subsystems] Discovering subsystems at path C:/UnityVersions/2021.3.30f1/Editor/Data/Resources/UnitySubsystems
[Subsystems] Discovering subsystems at path C:/Users/AORUS/Documents/GitHub/Game-with-Girls/ProjectForIdor/Assets
GfxDevice: creating device client; threaded=0; jobified=0
Direct3D:
    Version:  Direct3D 11.0 [level 11.1]
    Renderer: NVIDIA GeForce RTX 3070 Laptop GPU (ID=0x249d)
    Vendor:   NVIDIA
    VRAM:     8020 MB
    Driver:   31.0.15.5152
Initialize mono
Mono path[0] = 'C:/UnityVersions/2021.3.30f1/Editor/Data/Managed'
Mono path[1] = 'C:/UnityVersions/2021.3.30f1/Editor/Data/MonoBleedingEdge/lib/mono/unityjit-win32'
Mono config path = 'C:/UnityVersions/2021.3.30f1/Editor/Data/MonoBleedingEdge/etc'
Using monoOptions --debugger-agent=transport=dt_socket,embedding=1,server=y,suspend=n,address=127.0.0.1:56292
Begin MonoManager ReloadAssembly
Registering precompiled unity dll's ...
Register platform support module: C:/UnityVersions/2021.3.30f1/Editor/Data/PlaybackEngines/WebGLSupport/UnityEditor.WebGL.Extensions.dll
Register platform support module: C:/UnityVersions/2021.3.30f1/Editor/Data/PlaybackEngines/AndroidPlayer/UnityEditor.Android.Extensions.dll
Register platform support module: C:/UnityVersions/2021.3.30f1/Editor/Data/PlaybackEngines/iOSSupport/UnityEditor.iOS.Extensions.dll
Register platform support module: C:/UnityVersions/2021.3.30f1/Editor/Data/PlaybackEngines/WindowsStandaloneSupport/UnityEditor.WindowsStandalone.Extensions.dll
Registered in 0.004091 seconds.
Native extension for WindowsStandalone target not found
[usbmuxd] Start listen thread
[usbmuxd] Listen thread started
Native extension for iOS target not found
Native extension for Android target not found
Android Extension - Scanning For ADB Devices 193 ms
Native extension for WebGL target not found
Refreshing native plugins compatible for Editor in 96.97 ms, found 4 plugins.
Preloading 0 native plugins for Editor in 0.00 ms.
Mono: successfully reloaded assembly
- Completed reload, in  0.773 seconds
Domain Reload Profiling:
	ReloadAssembly (773ms)
		BeginReloadAssembly (74ms)
			ExecutionOrderSort (0ms)
			DisableScriptedObjects (0ms)
			BackupInstance (0ms)
			ReleaseScriptingObjects (0ms)
			CreateAndSetChildDomain (1ms)
		EndReloadAssembly (624ms)
			LoadAssemblies (73ms)
			RebuildTransferFunctionScriptingTraits (0ms)
			SetupTypeCache (91ms)
			ReleaseScriptCaches (0ms)
			RebuildScriptCaches (24ms)
			SetupLoadedEditorAssemblies (474ms)
				LogAssemblyErrors (0ms)
				InitializePlatformSupportModulesInManaged (271ms)
				SetLoadedEditorAssemblies (0ms)
				RefreshPlugins (97ms)
				BeforeProcessingInitializeOnLoad (1ms)
				ProcessInitializeOnLoadAttributes (70ms)
				ProcessInitializeOnLoadMethodAttributes (34ms)
				AfterProcessingInitializeOnLoad (0ms)
				EditorAssembliesLoaded (0ms)
			ExecutionOrderSort2 (0ms)
			AwakeInstancesAfterBackupRestoration (0ms)
Platform modules already initialized, skipping
Registering precompiled user dll's ...
Registered in 0.004999 seconds.
Begin MonoManager ReloadAssembly
Native extension for WindowsStandalone target not found
Native extension for iOS target not found
Native extension for Android target not found
Native extension for WebGL target not found
Refreshing native plugins compatible for Editor in 94.75 ms, found 4 plugins.
Preloading 0 native plugins for Editor in 0.00 ms.
Package Manager log level set to [2]
[Package Manager] Server::EnsureServerProcessIsRunning -- launch failed, reason: Unity was launched with the -noUpm command-line argument
[Package Manager] Cannot connect to Unity Package Manager local server
Mono: successfully reloaded assembly
- Completed reload, in  1.592 seconds
Domain Reload Profiling:
	ReloadAssembly (1593ms)
		BeginReloadAssembly (95ms)
			ExecutionOrderSort (0ms)
			DisableScriptedObjects (5ms)
			BackupInstance (0ms)
			ReleaseScriptingObjects (0ms)
			CreateAndSetChildDomain (18ms)
		EndReloadAssembly (1420ms)
			LoadAssemblies (78ms)
			RebuildTransferFunctionScriptingTraits (0ms)
			SetupTypeCache (236ms)
			ReleaseScriptCaches (1ms)
			RebuildScriptCaches (56ms)
			SetupLoadedEditorAssemblies (1023ms)
				LogAssemblyErrors (0ms)
				InitializePlatformSupportModulesInManaged (22ms)
				SetLoadedEditorAssemblies (0ms)
				RefreshPlugins (95ms)
				BeforeProcessingInitializeOnLoad (108ms)
				ProcessInitializeOnLoadAttributes (732ms)
				ProcessInitializeOnLoadMethodAttributes (62ms)
				AfterProcessingInitializeOnLoad (5ms)
				EditorAssembliesLoaded (0ms)
			ExecutionOrderSort2 (0ms)
			AwakeInstancesAfterBackupRestoration (5ms)
Platform modules already initialized, skipping
========================================================================
Worker process is ready to serve import requests
Launched and connected shader compiler UnityShaderCompiler.exe after 0.03 seconds
Refreshing native plugins compatible for Editor in 0.79 ms, found 4 plugins.
Preloading 0 native plugins for Editor in 0.00 ms.
Unloading 5789 Unused Serialized files (Serialized files now loaded: 0)
Unloading 40 unused Assets / (0.7 MB). Loaded Objects now: 6250.
Memory consumption went from 226.1 MB to 225.3 MB.
Total: 3.838600 ms (FindLiveObjects: 0.355900 ms CreateObjectMapping: 0.245600 ms MarkObjects: 3.019800 ms  DeleteObjects: 0.216200 ms)

AssetImportParameters requested are different than current active one (requested -> active):
  custom:video-decoder-ogg-theora: a1e56fd34408186e4bbccfd4996cb3dc -> 
  custom:container-muxer-webm: aa71ff27fc2769a1b78a27578f13a17b -> 
  custom:container-demuxer-webm: 4f35f7cbe854078d1ac9338744f61a02 -> 
  custom:video-encoder-webm-vp8: eb34c28f22e8b96e1ab97ce403110664 -> 
  custom:video-codec-MediaFoundation-h265: 746d11721c4dcdbdad8f713fa42b33f4 -> 
  custom:CustomObjectIndexerAttribute: 6b0e35c9178b02a6363f3721b7b8e397 -> 
  custom:audio-encoder-webm-vorbis: bf7c407c2cedff20999df2af8eb42d56 -> 
  custom:framework-win-MediaFoundation: 216162199b28c13a410421893ffa2e32 -> 
  custom:SearchIndexIgnoredProperties: e643bd26f0fe6173181afceb89e7c659 -> 
  custom:container-demuxer-ogg: 62fdf1f143b41e24485cea50d1cbac27 -> 
  custom:video-decoder-webm-vp8: 9c59270c3fd7afecdb556c50c9e8de78 -> 
  custom:audio-decoder-ogg-vorbis: bf7c407c2cedff20999df2af8eb42d56 -> 
========================================================================
Received Prepare
Registering precompiled user dll's ...
Registered in 0.004512 seconds.
Begin MonoManager ReloadAssembly
Native extension for WindowsStandalone target not found
Native extension for iOS target not found
Native extension for Android target not found
Native extension for WebGL target not found
Refreshing native plugins compatible for Editor in 1.00 ms, found 4 plugins.
Preloading 0 native plugins for Editor in 0.00 ms.
[Package Manager] Server::EnsureServerProcessIsRunning -- launch failed, reason: Unity was launched with the -noUpm command-line argument
[Package Manager] Cannot connect to Unity Package Manager local server
Mono: successfully reloaded assembly
- Completed reload, in  1.688 seconds
Domain Reload Profiling:
	ReloadAssembly (1688ms)
		BeginReloadAssembly (146ms)
			ExecutionOrderSort (0ms)
			DisableScriptedObjects (7ms)
			BackupInstance (0ms)
			ReleaseScriptingObjects (0ms)
			CreateAndSetChildDomain (45ms)
		EndReloadAssembly (1467ms)
			LoadAssemblies (90ms)
			RebuildTransferFunctionScriptingTraits (0ms)
			SetupTypeCache (266ms)
			ReleaseScriptCaches (4ms)
			RebuildScriptCaches (58ms)
			SetupLoadedEditorAssemblies (977ms)
				LogAssemblyErrors (0ms)
				InitializePlatformSupportModulesInManaged (29ms)
				SetLoadedEditorAssemblies (0ms)
				RefreshPlugins (1ms)
				BeforeProcessingInitializeOnLoad (112ms)
				ProcessInitializeOnLoadAttributes (745ms)
				ProcessInitializeOnLoadMethodAttributes (84ms)
				AfterProcessingInitializeOnLoad (5ms)
				EditorAssembliesLoaded (0ms)
			ExecutionOrderSort2 (0ms)
			AwakeInstancesAfterBackupRestoration (34ms)
Platform modules already initialized, skipping
Refreshing native plugins compatible for Editor in 1.50 ms, found 4 plugins.
Preloading 0 native plugins for Editor in 0.00 ms.
Unloading 5676 Unused Serialized files (Serialized files now loaded: 0)
Unloading 29 unused Assets / (0.7 MB). Loaded Objects now: 6253.
Memory consumption went from 216.5 MB to 215.8 MB.
Total: 4.398400 ms (FindLiveObjects: 0.639100 ms CreateObjectMapping: 0.352800 ms MarkObjects: 3.143300 ms  DeleteObjects: 0.262100 ms)

AssetImportParameters requested are different than current active one (requested -> active):
  custom:video-decoder-ogg-theora: a1e56fd34408186e4bbccfd4996cb3dc -> 
  custom:container-muxer-webm: aa71ff27fc2769a1b78a27578f13a17b -> 
  custom:container-demuxer-webm: 4f35f7cbe854078d1ac9338744f61a02 -> 
  custom:video-encoder-webm-vp8: eb34c28f22e8b96e1ab97ce403110664 -> 
  custom:video-codec-MediaFoundation-h265: 746d11721c4dcdbdad8f713fa42b33f4 -> 
  custom:CustomObjectIndexerAttribute: 6b0e35c9178b02a6363f3721b7b8e397 -> 
  custom:audio-encoder-webm-vorbis: bf7c407c2cedff20999df2af8eb42d56 -> 
  custom:framework-win-MediaFoundation: 216162199b28c13a410421893ffa2e32 -> 
  custom:SearchIndexIgnoredProperties: e643bd26f0fe6173181afceb89e7c659 -> 
  custom:container-demuxer-ogg: 62fdf1f143b41e24485cea50d1cbac27 -> 
  custom:video-decoder-webm-vp8: 9c59270c3fd7afecdb556c50c9e8de78 -> 
  custom:audio-decoder-ogg-vorbis: bf7c407c2cedff20999df2af8eb42d56 -> 
========================================================================
Received Import Request.
  Time since last request: 14743.643889 seconds.
  path: Assets/Prefabs/GirlPage/GirlPage.prefab
  artifactKey: Guid(538378a4f71a6854f9619a84b12762c9) Importer(815301076,1909f56bfc062723c751e8b465ee728b)
Number of updated assets reloaded before import = 0
Start importing Assets/Prefabs/GirlPage/GirlPage.prefab using Guid(538378a4f71a6854f9619a84b12762c9) Importer(815301076,1909f56bfc062723c751e8b465ee728b)  -> (artifact id: '21cd615cf55d2c48893cda9d637e7464') in 0.125067 seconds 
Number of asset objects unloaded after import = 447
========================================================================
Received Import Request.
  Time since last request: 0.000026 seconds.
  path: Assets/Prefabs/GirlPage/GirlPageForInstantiation Variant.prefab
  artifactKey: Guid(4d181541946bf6a4bba54d7a09290ee0) Importer(815301076,1909f56bfc062723c751e8b465ee728b)
Number of updated assets reloaded before import = 0
Start importing Assets/Prefabs/GirlPage/GirlPageForInstantiation Variant.prefab using Guid(4d181541946bf6a4bba54d7a09290ee0) Importer(815301076,1909f56bfc062723c751e8b465ee728b)  -> (artifact id: 'b75a28a759a9fa829d0d137c5029f7ca') in 0.054764 seconds 
Number of asset objects unloaded after import = 859
========================================================================
Received Import Request.
  Time since last request: 24.661497 seconds.
  path: Assets/Prefabs/GirlPage/GirlPageForInstantiation 1.prefab
  artifactKey: Guid(9d331f52a3d155c4b9d05fd6263cc6f3) Importer(815301076,1909f56bfc062723c751e8b465ee728b)
Number of updated assets reloaded before import = 0
Start importing Assets/Prefabs/GirlPage/GirlPageForInstantiation 1.prefab using Guid(9d331f52a3d155c4b9d05fd6263cc6f3) Importer(815301076,1909f56bfc062723c751e8b465ee728b)  -> (artifact id: '0d5bac37fcd8b068260303887def515d') in 0.039426 seconds 
Number of asset objects unloaded after import = 452
========================================================================
Received Import Request.
  Time since last request: 0.000013 seconds.
  path: Assets/Prefabs/GirlPage/GirlPageForInstantiation.prefab
  artifactKey: Guid(76355dbf6fa52ea46963d5c37b07eab6) Importer(815301076,1909f56bfc062723c751e8b465ee728b)
Number of updated assets reloaded before import = 0
Start importing Assets/Prefabs/GirlPage/GirlPageForInstantiation.prefab using Guid(76355dbf6fa52ea46963d5c37b07eab6) Importer(815301076,1909f56bfc062723c751e8b465ee728b)  -> (artifact id: '2884d5dfd48bff279d2b3f12f6b9f889') in 0.043796 seconds 
Number of asset objects unloaded after import = 452
========================================================================
Received Import Request.
  Time since last request: 7.069663 seconds.
  path: Assets/Prefabs/GirlPage/GirlPageForInstantiation 1.prefab
  artifactKey: Guid(9d331f52a3d155c4b9d05fd6263cc6f3) Importer(815301076,1909f56bfc062723c751e8b465ee728b)
Number of updated assets reloaded before import = 0
Start importing Assets/Prefabs/GirlPage/GirlPageForInstantiation 1.prefab using Guid(9d331f52a3d155c4b9d05fd6263cc6f3) Importer(815301076,1909f56bfc062723c751e8b465ee728b)  -> (artifact id: '7ae7ac7bd3b58dda09af76eb32168948') in 0.039970 seconds 
Number of asset objects unloaded after import = 452
========================================================================
Received Import Request.
  Time since last request: 4.904676 seconds.
  path: Assets/Prefabs/GirlPage/GirlPageForInstantiation 1.prefab
  artifactKey: Guid(9d331f52a3d155c4b9d05fd6263cc6f3) Importer(815301076,1909f56bfc062723c751e8b465ee728b)
Number of updated assets reloaded before import = 0
Start importing Assets/Prefabs/GirlPage/GirlPageForInstantiation 1.prefab using Guid(9d331f52a3d155c4b9d05fd6263cc6f3) Importer(815301076,1909f56bfc062723c751e8b465ee728b)  -> (artifact id: '348512e92a86f627ec19f80be27a0b51') in 0.047064 seconds 
Number of asset objects unloaded after import = 452
========================================================================
Received Import Request.
  Time since last request: 0.000016 seconds.
  path: Assets/Prefabs/GirlPage/GirlPageForInstantiation.prefab
  artifactKey: Guid(76355dbf6fa52ea46963d5c37b07eab6) Importer(815301076,1909f56bfc062723c751e8b465ee728b)
Number of updated assets reloaded before import = 0
Start importing Assets/Prefabs/GirlPage/GirlPageForInstantiation.prefab using Guid(76355dbf6fa52ea46963d5c37b07eab6) Importer(815301076,1909f56bfc062723c751e8b465ee728b)  -> (artifact id: 'bc0cdd98fa1dab01d61fbf852e904d0f') in 0.039394 seconds 
Number of asset objects unloaded after import = 452
========================================================================
Received Import Request.
  Time since last request: 26.905663 seconds.
  path: Assets/Prefabs/GirlPage/GirlPageForInstantiation 1.prefab
  artifactKey: Guid(9d331f52a3d155c4b9d05fd6263cc6f3) Importer(815301076,1909f56bfc062723c751e8b465ee728b)
Number of updated assets reloaded before import = 0
Start importing Assets/Prefabs/GirlPage/GirlPageForInstantiation 1.prefab using Guid(9d331f52a3d155c4b9d05fd6263cc6f3) Importer(815301076,1909f56bfc062723c751e8b465ee728b)  -> (artifact id: 'a83899a58984757842e17761751ef0e8') in 0.038604 seconds 
Number of asset objects unloaded after import = 452
========================================================================
Received Import Request.
  Time since last request: 8.595431 seconds.
  path: Assets/Prefabs/GirlPage/GirlPageForInstantiation 1.prefab
  artifactKey: Guid(9d331f52a3d155c4b9d05fd6263cc6f3) Importer(815301076,1909f56bfc062723c751e8b465ee728b)
Number of updated assets reloaded before import = 0
Start importing Assets/Prefabs/GirlPage/GirlPageForInstantiation 1.prefab using Guid(9d331f52a3d155c4b9d05fd6263cc6f3) Importer(815301076,1909f56bfc062723c751e8b465ee728b)  -> (artifact id: '0dcb3c2ef0c05e8d4187fd1a08271f0f') in 0.050304 seconds 
Number of asset objects unloaded after import = 452
========================================================================
Received Import Request.
  Time since last request: 0.000022 seconds.
  path: Assets/Prefabs/GirlPage/GirlPageForInstantiation.prefab
  artifactKey: Guid(76355dbf6fa52ea46963d5c37b07eab6) Importer(815301076,1909f56bfc062723c751e8b465ee728b)
Number of updated assets reloaded before import = 0
Start importing Assets/Prefabs/GirlPage/GirlPageForInstantiation.prefab using Guid(76355dbf6fa52ea46963d5c37b07eab6) Importer(815301076,1909f56bfc062723c751e8b465ee728b)  -> (artifact id: 'b95b3b5bdc3f01e4108b5d7eec4b1b37') in 0.049035 seconds 
Number of asset objects unloaded after import = 452
========================================================================
Received Import Request.
  Time since last request: 12.875938 seconds.
  path: Assets/Prefabs/GirlPage/GirlPageForInstantiation 1.prefab
  artifactKey: Guid(9d331f52a3d155c4b9d05fd6263cc6f3) Importer(815301076,1909f56bfc062723c751e8b465ee728b)
Number of updated assets reloaded before import = 0
Start importing Assets/Prefabs/GirlPage/GirlPageForInstantiation 1.prefab using Guid(9d331f52a3d155c4b9d05fd6263cc6f3) Importer(815301076,1909f56bfc062723c751e8b465ee728b)  -> (artifact id: '2a9df404e7761954e993133db4fff216') in 0.039611 seconds 
Number of asset objects unloaded after import = 452
========================================================================
Received Import Request.
  Time since last request: 37.489173 seconds.
  path: Assets/Prefabs/GirlPage/GirlPageForInstantiation 1.prefab
  artifactKey: Guid(9d331f52a3d155c4b9d05fd6263cc6f3) Importer(815301076,1909f56bfc062723c751e8b465ee728b)
Number of updated assets reloaded before import = 0
Start importing Assets/Prefabs/GirlPage/GirlPageForInstantiation 1.prefab using Guid(9d331f52a3d155c4b9d05fd6263cc6f3) Importer(815301076,1909f56bfc062723c751e8b465ee728b)  -> (artifact id: 'e9ea457b2d8ad4e85862d9076e629660') in 0.039588 seconds 
Number of asset objects unloaded after import = 452
========================================================================
Received Import Request.
  Time since last request: 0.000018 seconds.
  path: Assets/Prefabs/GirlPage/GirlPageForInstantiation.prefab
  artifactKey: Guid(76355dbf6fa52ea46963d5c37b07eab6) Importer(815301076,1909f56bfc062723c751e8b465ee728b)
Number of updated assets reloaded before import = 0
Start importing Assets/Prefabs/GirlPage/GirlPageForInstantiation.prefab using Guid(76355dbf6fa52ea46963d5c37b07eab6) Importer(815301076,1909f56bfc062723c751e8b465ee728b)  -> (artifact id: 'bd2e2fa17524e8942e1362e910689077') in 0.041107 seconds 
Number of asset objects unloaded after import = 452
========================================================================
Received Import Request.
  Time since last request: 25.147642 seconds.
  path: Assets/Prefabs/GirlPage/GirlPageForInstantiation 1.prefab
  artifactKey: Guid(9d331f52a3d155c4b9d05fd6263cc6f3) Importer(815301076,1909f56bfc062723c751e8b465ee728b)
Number of updated assets reloaded before import = 0
Start importing Assets/Prefabs/GirlPage/GirlPageForInstantiation 1.prefab using Guid(9d331f52a3d155c4b9d05fd6263cc6f3) Importer(815301076,1909f56bfc062723c751e8b465ee728b)  -> (artifact id: 'a2ebf8dfdde6770cfa937daa64ec7a63') in 0.040484 seconds 
Number of asset objects unloaded after import = 452
========================================================================
Received Import Request.
  Time since last request: 0.000015 seconds.
  path: Assets/Prefabs/GirlPage/GirlPageForInstantiation.prefab
  artifactKey: Guid(76355dbf6fa52ea46963d5c37b07eab6) Importer(815301076,1909f56bfc062723c751e8b465ee728b)
Number of updated assets reloaded before import = 0
Start importing Assets/Prefabs/GirlPage/GirlPageForInstantiation.prefab using Guid(76355dbf6fa52ea46963d5c37b07eab6) Importer(815301076,1909f56bfc062723c751e8b465ee728b)  -> (artifact id: '31b632d22685a8464f88db6481685748') in 0.041544 seconds 
Number of asset objects unloaded after import = 452
========================================================================
Received Import Request.
  Time since last request: 52.742694 seconds.
  path: Assets/Prefabs/GirlPage/GirlPageForInstantiation 1.prefab
  artifactKey: Guid(9d331f52a3d155c4b9d05fd6263cc6f3) Importer(815301076,1909f56bfc062723c751e8b465ee728b)
Number of updated assets reloaded before import = 0
Start importing Assets/Prefabs/GirlPage/GirlPageForInstantiation 1.prefab using Guid(9d331f52a3d155c4b9d05fd6263cc6f3) Importer(815301076,1909f56bfc062723c751e8b465ee728b)  -> (artifact id: '76c78f825dea2d7a0925411a5c80d3ed') in 0.039058 seconds 
Number of asset objects unloaded after import = 452
========================================================================
Received Import Request.
  Time since last request: 0.000013 seconds.
  path: Assets/Prefabs/GirlPage/GirlPageForInstantiation.prefab
  artifactKey: Guid(76355dbf6fa52ea46963d5c37b07eab6) Importer(815301076,1909f56bfc062723c751e8b465ee728b)
Number of updated assets reloaded before import = 0
Start importing Assets/Prefabs/GirlPage/GirlPageForInstantiation.prefab using Guid(76355dbf6fa52ea46963d5c37b07eab6) Importer(815301076,1909f56bfc062723c751e8b465ee728b)  -> (artifact id: '60508c512e17da4a0dea47737209f4b9') in 0.044056 seconds 
Number of asset objects unloaded after import = 452
========================================================================
Received Import Request.
  Time since last request: 5.840289 seconds.
  path: Assets/Prefabs/GirlPage/GirlPageForInstantiation 1.prefab
  artifactKey: Guid(9d331f52a3d155c4b9d05fd6263cc6f3) Importer(815301076,1909f56bfc062723c751e8b465ee728b)
Number of updated assets reloaded before import = 0
Start importing Assets/Prefabs/GirlPage/GirlPageForInstantiation 1.prefab using Guid(9d331f52a3d155c4b9d05fd6263cc6f3) Importer(815301076,1909f56bfc062723c751e8b465ee728b)  -> (artifact id: 'b1e1f18ea1932d89d8d727f812019326') in 0.041087 seconds 
Number of asset objects unloaded after import = 452
========================================================================
Received Import Request.
  Time since last request: 43.024444 seconds.
  path: Assets/Prefabs/GirlPage/GirlPageForInstantiation 1.prefab
  artifactKey: Guid(9d331f52a3d155c4b9d05fd6263cc6f3) Importer(815301076,1909f56bfc062723c751e8b465ee728b)
Number of updated assets reloaded before import = 0
Start importing Assets/Prefabs/GirlPage/GirlPageForInstantiation 1.prefab using Guid(9d331f52a3d155c4b9d05fd6263cc6f3) Importer(815301076,1909f56bfc062723c751e8b465ee728b)  -> (artifact id: 'ff5201f470f4d0f55bda8e98ead8830c') in 0.042017 seconds 
Number of asset objects unloaded after import = 452
========================================================================
Received Import Request.
  Time since last request: 10.588405 seconds.
  path: Assets/Prefabs/GirlPage/GirlPageView.prefab
  artifactKey: Guid(ad9ca603eb0a9364b88ab882907f515d) Importer(815301076,1909f56bfc062723c751e8b465ee728b)
Number of updated assets reloaded before import = 0
Start importing Assets/Prefabs/GirlPage/GirlPageView.prefab using Guid(ad9ca603eb0a9364b88ab882907f515d) Importer(815301076,1909f56bfc062723c751e8b465ee728b)  -> (artifact id: '431db699b03ed0379299f0dfc7af06c9') in 0.010663 seconds 
Number of asset objects unloaded after import = 16
Editor requested this worker to shutdown with reason: Scaling down because of idle timeout
AssetImportWorker is now disconnected from the server
Process exiting
Exiting without the bug reporter. Application will terminate with return code 0