Using pre-set license
Built from '2021.3/staging' branch; Version is '2021.3.30f1 (b4360d7cdac4) revision 11810317'; Using compiler version '192829333'; Build Type 'Release'
OS: 'Windows 11  (10.0.22631) 64bit Professional' Language: 'ru' Physical Memory: 32447 MB
BatchMode: 1, IsHumanControllingUs: 0, StartBugReporterOnCrash: 0, Is64bit: 1, IsPro: 1

COMMAND LINE ARGUMENTS:
C:\UnityVersions\2021.3.30f1\Editor\Unity.exe
-adb2
-batchMode
-noUpm
-name
AssetImportWorker11
-projectPath
C:/Users/AORUS/Documents/GitHub/Game-with-Girls/ProjectForIdor
-logFile
Logs/AssetImportWorker11.log
-srvPort
59683
Successfully changed project path to: C:/Users/AORUS/Documents/GitHub/Game-with-Girls/ProjectForIdor
C:/Users/AORUS/Documents/GitHub/Game-with-Girls/ProjectForIdor
[UnityMemory] Configuration Parameters - Can be set up in boot.config
    "memorysetup-bucket-allocator-granularity=16"
    "memorysetup-bucket-allocator-bucket-count=8"
    "memorysetup-bucket-allocator-block-size=33554432"
    "memorysetup-bucket-allocator-block-count=8"
    "memorysetup-main-allocator-block-size=16777216"
    "memorysetup-thread-allocator-block-size=16777216"
    "memorysetup-gfx-main-allocator-block-size=16777216"
    "memorysetup-gfx-thread-allocator-block-size=16777216"
    "memorysetup-cache-allocator-block-size=4194304"
    "memorysetup-typetree-allocator-block-size=2097152"
    "memorysetup-profiler-bucket-allocator-granularity=16"
    "memorysetup-profiler-bucket-allocator-bucket-count=8"
    "memorysetup-profiler-bucket-allocator-block-size=33554432"
    "memorysetup-profiler-bucket-allocator-block-count=8"
    "memorysetup-profiler-allocator-block-size=16777216"
    "memorysetup-profiler-editor-allocator-block-size=1048576"
    "memorysetup-temp-allocator-size-main=16777216"
    "memorysetup-job-temp-allocator-block-size=2097152"
    "memorysetup-job-temp-allocator-block-size-background=1048576"
    "memorysetup-job-temp-allocator-reduction-small-platforms=262144"
    "memorysetup-temp-allocator-size-background-worker=32768"
    "memorysetup-temp-allocator-size-job-worker=262144"
    "memorysetup-temp-allocator-size-preload-manager=33554432"
    "memorysetup-temp-allocator-size-nav-mesh-worker=65536"
    "memorysetup-temp-allocator-size-audio-worker=65536"
    "memorysetup-temp-allocator-size-cloud-worker=32768"
    "memorysetup-temp-allocator-size-gi-baking-worker=262144"
    "memorysetup-temp-allocator-size-gfx=262144"
Player connection [27096] Host "[IP] 192.168.3.12 [Port] 0 [Flags] 2 [Guid] 3464647274 [EditorId] 3464647274 [Version] 1048832 [Id] WindowsEditor(7,Pipa) [Debug] 1 [PackageName] WindowsEditor [ProjectName] Editor" joined multi-casting on [225.0.0.222:54997]...

Player connection [27096] Host "[IP] 192.168.3.12 [Port] 0 [Flags] 2 [Guid] 3464647274 [EditorId] 3464647274 [Version] 1048832 [Id] WindowsEditor(7,Pipa) [Debug] 1 [PackageName] WindowsEditor [ProjectName] Editor" joined alternative multi-casting on [225.0.0.222:34997]...

[Physics::Module] Initialized MultithreadedJobDispatcher with {0} workers.
Refreshing native plugins compatible for Editor in 100.62 ms, found 4 plugins.
Preloading 0 native plugins for Editor in 0.00 ms.
Initialize engine version: 2021.3.30f1 (b4360d7cdac4)
[Subsystems] Discovering subsystems at path C:/UnityVersions/2021.3.30f1/Editor/Data/Resources/UnitySubsystems
[Subsystems] Discovering subsystems at path C:/Users/AORUS/Documents/GitHub/Game-with-Girls/ProjectForIdor/Assets
GfxDevice: creating device client; threaded=0; jobified=0
Direct3D:
    Version:  Direct3D 11.0 [level 11.1]
    Renderer: NVIDIA GeForce RTX 3070 Laptop GPU (ID=0x249d)
    Vendor:   NVIDIA
    VRAM:     8020 MB
    Driver:   31.0.15.5152
Initialize mono
Mono path[0] = 'C:/UnityVersions/2021.3.30f1/Editor/Data/Managed'
Mono path[1] = 'C:/UnityVersions/2021.3.30f1/Editor/Data/MonoBleedingEdge/lib/mono/unityjit-win32'
Mono config path = 'C:/UnityVersions/2021.3.30f1/Editor/Data/MonoBleedingEdge/etc'
Using monoOptions --debugger-agent=transport=dt_socket,embedding=1,server=y,suspend=n,address=127.0.0.1:56244
Begin MonoManager ReloadAssembly
Registering precompiled unity dll's ...
Register platform support module: C:/UnityVersions/2021.3.30f1/Editor/Data/PlaybackEngines/WebGLSupport/UnityEditor.WebGL.Extensions.dll
Register platform support module: C:/UnityVersions/2021.3.30f1/Editor/Data/PlaybackEngines/AndroidPlayer/UnityEditor.Android.Extensions.dll
Register platform support module: C:/UnityVersions/2021.3.30f1/Editor/Data/PlaybackEngines/iOSSupport/UnityEditor.iOS.Extensions.dll
Register platform support module: C:/UnityVersions/2021.3.30f1/Editor/Data/PlaybackEngines/WindowsStandaloneSupport/UnityEditor.WindowsStandalone.Extensions.dll
Registered in 0.004081 seconds.
Native extension for WindowsStandalone target not found
[usbmuxd] Start listen thread
[usbmuxd] Listen thread started
Native extension for iOS target not found
Native extension for Android target not found
Android Extension - Scanning For ADB Devices 186 ms
Native extension for WebGL target not found
Refreshing native plugins compatible for Editor in 97.06 ms, found 4 plugins.
Preloading 0 native plugins for Editor in 0.00 ms.
Mono: successfully reloaded assembly
- Completed reload, in  0.805 seconds
Domain Reload Profiling:
	ReloadAssembly (805ms)
		BeginReloadAssembly (96ms)
			ExecutionOrderSort (0ms)
			DisableScriptedObjects (0ms)
			BackupInstance (0ms)
			ReleaseScriptingObjects (0ms)
			CreateAndSetChildDomain (1ms)
		EndReloadAssembly (628ms)
			LoadAssemblies (95ms)
			RebuildTransferFunctionScriptingTraits (0ms)
			SetupTypeCache (98ms)
			ReleaseScriptCaches (0ms)
			RebuildScriptCaches (30ms)
			SetupLoadedEditorAssemblies (464ms)
				LogAssemblyErrors (0ms)
				InitializePlatformSupportModulesInManaged (264ms)
				SetLoadedEditorAssemblies (0ms)
				RefreshPlugins (97ms)
				BeforeProcessingInitializeOnLoad (1ms)
				ProcessInitializeOnLoadAttributes (66ms)
				ProcessInitializeOnLoadMethodAttributes (35ms)
				AfterProcessingInitializeOnLoad (0ms)
				EditorAssembliesLoaded (0ms)
			ExecutionOrderSort2 (0ms)
			AwakeInstancesAfterBackupRestoration (0ms)
Platform modules already initialized, skipping
Registering precompiled user dll's ...
Registered in 0.004485 seconds.
Begin MonoManager ReloadAssembly
Native extension for WindowsStandalone target not found
Native extension for iOS target not found
Native extension for Android target not found
Native extension for WebGL target not found
Refreshing native plugins compatible for Editor in 97.44 ms, found 4 plugins.
Preloading 0 native plugins for Editor in 0.00 ms.
Package Manager log level set to [2]
[Package Manager] Server::EnsureServerProcessIsRunning -- launch failed, reason: Unity was launched with the -noUpm command-line argument
[Package Manager] Cannot connect to Unity Package Manager local server
Mono: successfully reloaded assembly
- Completed reload, in  1.673 seconds
Domain Reload Profiling:
	ReloadAssembly (1674ms)
		BeginReloadAssembly (103ms)
			ExecutionOrderSort (0ms)
			DisableScriptedObjects (5ms)
			BackupInstance (0ms)
			ReleaseScriptingObjects (0ms)
			CreateAndSetChildDomain (17ms)
		EndReloadAssembly (1484ms)
			LoadAssemblies (90ms)
			RebuildTransferFunctionScriptingTraits (0ms)
			SetupTypeCache (236ms)
			ReleaseScriptCaches (1ms)
			RebuildScriptCaches (64ms)
			SetupLoadedEditorAssemblies (1073ms)
				LogAssemblyErrors (0ms)
				InitializePlatformSupportModulesInManaged (23ms)
				SetLoadedEditorAssemblies (0ms)
				RefreshPlugins (98ms)
				BeforeProcessingInitializeOnLoad (113ms)
				ProcessInitializeOnLoadAttributes (765ms)
				ProcessInitializeOnLoadMethodAttributes (69ms)
				AfterProcessingInitializeOnLoad (5ms)
				EditorAssembliesLoaded (0ms)
			ExecutionOrderSort2 (0ms)
			AwakeInstancesAfterBackupRestoration (4ms)
Platform modules already initialized, skipping
========================================================================
Worker process is ready to serve import requests
Launched and connected shader compiler UnityShaderCompiler.exe after 0.03 seconds
Refreshing native plugins compatible for Editor in 0.88 ms, found 4 plugins.
Preloading 0 native plugins for Editor in 0.00 ms.
Unloading 5787 Unused Serialized files (Serialized files now loaded: 0)
Unloading 40 unused Assets / (0.7 MB). Loaded Objects now: 6248.
Memory consumption went from 225.9 MB to 225.2 MB.
Total: 3.925500 ms (FindLiveObjects: 0.404300 ms CreateObjectMapping: 0.210500 ms MarkObjects: 3.078100 ms  DeleteObjects: 0.231300 ms)

AssetImportParameters requested are different than current active one (requested -> active):
  custom:video-decoder-ogg-theora: a1e56fd34408186e4bbccfd4996cb3dc -> 
  custom:container-muxer-webm: aa71ff27fc2769a1b78a27578f13a17b -> 
  custom:container-demuxer-webm: 4f35f7cbe854078d1ac9338744f61a02 -> 
  custom:video-encoder-webm-vp8: eb34c28f22e8b96e1ab97ce403110664 -> 
  custom:video-codec-MediaFoundation-h265: 746d11721c4dcdbdad8f713fa42b33f4 -> 
  custom:CustomObjectIndexerAttribute: 6b0e35c9178b02a6363f3721b7b8e397 -> 
  custom:audio-encoder-webm-vorbis: bf7c407c2cedff20999df2af8eb42d56 -> 
  custom:framework-win-MediaFoundation: 216162199b28c13a410421893ffa2e32 -> 
  custom:SearchIndexIgnoredProperties: e643bd26f0fe6173181afceb89e7c659 -> 
  custom:container-demuxer-ogg: 62fdf1f143b41e24485cea50d1cbac27 -> 
  custom:video-decoder-webm-vp8: 9c59270c3fd7afecdb556c50c9e8de78 -> 
  custom:audio-decoder-ogg-vorbis: bf7c407c2cedff20999df2af8eb42d56 -> 
========================================================================
Received Import Request.
  Time since last request: 39056.516212 seconds.
  path: Assets/Prefabs/GirlPage/GirlArchiveCanvas.prefab
  artifactKey: Guid(df1cf4153eb501f4e98cb4a0c76fb58c) Importer(815301076,1909f56bfc062723c751e8b465ee728b)
Number of updated assets reloaded before import = 0
Start importing Assets/Prefabs/GirlPage/GirlArchiveCanvas.prefab using Guid(df1cf4153eb501f4e98cb4a0c76fb58c) Importer(815301076,1909f56bfc062723c751e8b465ee728b)  -> (artifact id: '95b72d34a54f524c61df2c6e2fe13214') in 0.118367 seconds 
Number of asset objects unloaded after import = 368
========================================================================
Received Import Request.
  Time since last request: 0.000018 seconds.
  path: Assets/Prefabs/GirlPage/GirlPageForInstantiation Variant.prefab
  artifactKey: Guid(4d181541946bf6a4bba54d7a09290ee0) Importer(815301076,1909f56bfc062723c751e8b465ee728b)
Number of updated assets reloaded before import = 0
Start importing Assets/Prefabs/GirlPage/GirlPageForInstantiation Variant.prefab using Guid(4d181541946bf6a4bba54d7a09290ee0) Importer(815301076,1909f56bfc062723c751e8b465ee728b)  -> (artifact id: '49dc82ee6d1d424a7212b5bd2daee7ce') in 0.055367 seconds 
Number of asset objects unloaded after import = 680
========================================================================
Received Import Request.
  Time since last request: 8.238648 seconds.
  path: Assets/Prefabs/GirlPage/GirlArchiveCanvas.prefab
  artifactKey: Guid(df1cf4153eb501f4e98cb4a0c76fb58c) Importer(815301076,1909f56bfc062723c751e8b465ee728b)
Number of updated assets reloaded before import = 0
Start importing Assets/Prefabs/GirlPage/GirlArchiveCanvas.prefab using Guid(df1cf4153eb501f4e98cb4a0c76fb58c) Importer(815301076,1909f56bfc062723c751e8b465ee728b)  -> (artifact id: '916a3669a4a8aeb81728983a773710be') in 0.042483 seconds 
Number of asset objects unloaded after import = 368
========================================================================
Received Import Request.
  Time since last request: 0.000038 seconds.
  path: Assets/Prefabs/GirlPage/GirlPageForInstantiation Variant.prefab
  artifactKey: Guid(4d181541946bf6a4bba54d7a09290ee0) Importer(815301076,1909f56bfc062723c751e8b465ee728b)
Number of updated assets reloaded before import = 0
Start importing Assets/Prefabs/GirlPage/GirlPageForInstantiation Variant.prefab using Guid(4d181541946bf6a4bba54d7a09290ee0) Importer(815301076,1909f56bfc062723c751e8b465ee728b)  -> (artifact id: 'eb7a7f0cb4e9c68631461e015311fa6a') in 0.051282 seconds 
Number of asset objects unloaded after import = 680
========================================================================
Received Import Request.
  Time since last request: 29.519120 seconds.
  path: Assets/Prefabs/GirlPage/GirlArchiveCanvas.prefab
  artifactKey: Guid(df1cf4153eb501f4e98cb4a0c76fb58c) Importer(815301076,1909f56bfc062723c751e8b465ee728b)
Number of updated assets reloaded before import = 0
Start importing Assets/Prefabs/GirlPage/GirlArchiveCanvas.prefab using Guid(df1cf4153eb501f4e98cb4a0c76fb58c) Importer(815301076,1909f56bfc062723c751e8b465ee728b)  -> (artifact id: '76a8aca82c8347a6ceb378c59a6eea35') in 0.042125 seconds 
Number of asset objects unloaded after import = 368
========================================================================
Received Import Request.
  Time since last request: 0.000017 seconds.
  path: Assets/Prefabs/GirlPage/GirlPageForInstantiation.prefab
  artifactKey: Guid(76355dbf6fa52ea46963d5c37b07eab6) Importer(815301076,1909f56bfc062723c751e8b465ee728b)
Number of updated assets reloaded before import = 0
Start importing Assets/Prefabs/GirlPage/GirlPageForInstantiation.prefab using Guid(76355dbf6fa52ea46963d5c37b07eab6) Importer(815301076,1909f56bfc062723c751e8b465ee728b)  -> (artifact id: '3d05518d7a45f96b3209664c99ed70b4') in 0.038589 seconds 
Number of asset objects unloaded after import = 363
========================================================================
Received Import Request.
  Time since last request: 22.414942 seconds.
  path: Assets/Prefabs/GirlPage/GirlArchiveCanvas.prefab
  artifactKey: Guid(df1cf4153eb501f4e98cb4a0c76fb58c) Importer(815301076,1909f56bfc062723c751e8b465ee728b)
Number of updated assets reloaded before import = 0
Start importing Assets/Prefabs/GirlPage/GirlArchiveCanvas.prefab using Guid(df1cf4153eb501f4e98cb4a0c76fb58c) Importer(815301076,1909f56bfc062723c751e8b465ee728b)  -> (artifact id: 'c1b852169890a833f8d2202c97ced2f4') in 0.043295 seconds 
Number of asset objects unloaded after import = 368
========================================================================
Received Import Request.
  Time since last request: 0.000022 seconds.
  path: Assets/Prefabs/GirlPage/GirlPageForInstantiation Variant.prefab
  artifactKey: Guid(4d181541946bf6a4bba54d7a09290ee0) Importer(815301076,1909f56bfc062723c751e8b465ee728b)
Number of updated assets reloaded before import = 0
Start importing Assets/Prefabs/GirlPage/GirlPageForInstantiation Variant.prefab using Guid(4d181541946bf6a4bba54d7a09290ee0) Importer(815301076,1909f56bfc062723c751e8b465ee728b)  -> (artifact id: '62237d05039e673c9be4314ebaaf3b83') in 0.048961 seconds 
Number of asset objects unloaded after import = 680
========================================================================
Received Import Request.
  Time since last request: 7.056873 seconds.
  path: Assets/Prefabs/GirlPage/GirlArchiveCanvas.prefab
  artifactKey: Guid(df1cf4153eb501f4e98cb4a0c76fb58c) Importer(815301076,1909f56bfc062723c751e8b465ee728b)
Number of updated assets reloaded before import = 0
Start importing Assets/Prefabs/GirlPage/GirlArchiveCanvas.prefab using Guid(df1cf4153eb501f4e98cb4a0c76fb58c) Importer(815301076,1909f56bfc062723c751e8b465ee728b)  -> (artifact id: '9670168af0523f4aba99cfbbbceed109') in 0.040538 seconds 
Number of asset objects unloaded after import = 369
========================================================================
Received Import Request.
  Time since last request: 0.000015 seconds.
  path: Assets/Prefabs/GirlPage/GirlPageForInstantiation.prefab
  artifactKey: Guid(76355dbf6fa52ea46963d5c37b07eab6) Importer(815301076,1909f56bfc062723c751e8b465ee728b)
Number of updated assets reloaded before import = 0
Start importing Assets/Prefabs/GirlPage/GirlPageForInstantiation.prefab using Guid(76355dbf6fa52ea46963d5c37b07eab6) Importer(815301076,1909f56bfc062723c751e8b465ee728b)  -> (artifact id: 'b6c27fe555dcc6f2b6df67fa1653c4ce') in 0.039479 seconds 
Number of asset objects unloaded after import = 364
========================================================================
Received Import Request.
  Time since last request: 20.405275 seconds.
  path: Assets/Prefabs/GirlPage/GirlArchiveCanvas.prefab
  artifactKey: Guid(df1cf4153eb501f4e98cb4a0c76fb58c) Importer(815301076,1909f56bfc062723c751e8b465ee728b)
Number of updated assets reloaded before import = 0
Start importing Assets/Prefabs/GirlPage/GirlArchiveCanvas.prefab using Guid(df1cf4153eb501f4e98cb4a0c76fb58c) Importer(815301076,1909f56bfc062723c751e8b465ee728b)  -> (artifact id: '22ec584c90486451ee84746a4616cbd2') in 0.042529 seconds 
Number of asset objects unloaded after import = 369
========================================================================
Received Import Request.
  Time since last request: 19.475973 seconds.
  path: Assets/Prefabs/GirlPage/GirlArchiveCanvas.prefab
  artifactKey: Guid(df1cf4153eb501f4e98cb4a0c76fb58c) Importer(815301076,1909f56bfc062723c751e8b465ee728b)
Number of updated assets reloaded before import = 0
Start importing Assets/Prefabs/GirlPage/GirlArchiveCanvas.prefab using Guid(df1cf4153eb501f4e98cb4a0c76fb58c) Importer(815301076,1909f56bfc062723c751e8b465ee728b)  -> (artifact id: 'b2f68b7c8630c3648abe274e8275f201') in 0.041228 seconds 
Number of asset objects unloaded after import = 369
========================================================================
Received Import Request.
  Time since last request: 0.000017 seconds.
  path: Assets/Prefabs/GirlPage/GirlPageForInstantiation Variant.prefab
  artifactKey: Guid(4d181541946bf6a4bba54d7a09290ee0) Importer(815301076,1909f56bfc062723c751e8b465ee728b)
Number of updated assets reloaded before import = 0
Start importing Assets/Prefabs/GirlPage/GirlPageForInstantiation Variant.prefab using Guid(4d181541946bf6a4bba54d7a09290ee0) Importer(815301076,1909f56bfc062723c751e8b465ee728b)  -> (artifact id: '7dd745261e97582ebe6bc0f8106f6fac') in 0.043440 seconds 
Number of asset objects unloaded after import = 682
========================================================================
Received Import Request.
  Time since last request: 47.178254 seconds.
  path: Assets/Prefabs/GirlPage/GirlArchiveCanvas.prefab
  artifactKey: Guid(df1cf4153eb501f4e98cb4a0c76fb58c) Importer(815301076,1909f56bfc062723c751e8b465ee728b)
Number of updated assets reloaded before import = 0
Start importing Assets/Prefabs/GirlPage/GirlArchiveCanvas.prefab using Guid(df1cf4153eb501f4e98cb4a0c76fb58c) Importer(815301076,1909f56bfc062723c751e8b465ee728b)  -> (artifact id: '6b29d062129211d14df10602ec67fede') in 0.041784 seconds 
Number of asset objects unloaded after import = 369
========================================================================
Received Import Request.
  Time since last request: 0.000013 seconds.
  path: Assets/Prefabs/GirlPage/GirlPageForInstantiation.prefab
  artifactKey: Guid(76355dbf6fa52ea46963d5c37b07eab6) Importer(815301076,1909f56bfc062723c751e8b465ee728b)
Number of updated assets reloaded before import = 0
Start importing Assets/Prefabs/GirlPage/GirlPageForInstantiation.prefab using Guid(76355dbf6fa52ea46963d5c37b07eab6) Importer(815301076,1909f56bfc062723c751e8b465ee728b)  -> (artifact id: 'c096c413d254f42273f8f7194f3b4f3b') in 0.039185 seconds 
Number of asset objects unloaded after import = 364
========================================================================
Received Import Request.
  Time since last request: 6.093886 seconds.
  path: Assets/Prefabs/GirlPage/GirlArchiveCanvas.prefab
  artifactKey: Guid(df1cf4153eb501f4e98cb4a0c76fb58c) Importer(815301076,1909f56bfc062723c751e8b465ee728b)
Number of updated assets reloaded before import = 0
Start importing Assets/Prefabs/GirlPage/GirlArchiveCanvas.prefab using Guid(df1cf4153eb501f4e98cb4a0c76fb58c) Importer(815301076,1909f56bfc062723c751e8b465ee728b)  -> (artifact id: '8f6e0ef6e2e3c6d7a41ac305e51c0fe4') in 0.043127 seconds 
Number of asset objects unloaded after import = 369
========================================================================
Received Import Request.
  Time since last request: 0.000018 seconds.
  path: Assets/Prefabs/GirlPage/GirlPageForInstantiation.prefab
  artifactKey: Guid(76355dbf6fa52ea46963d5c37b07eab6) Importer(815301076,1909f56bfc062723c751e8b465ee728b)
Number of updated assets reloaded before import = 0
Start importing Assets/Prefabs/GirlPage/GirlPageForInstantiation.prefab using Guid(76355dbf6fa52ea46963d5c37b07eab6) Importer(815301076,1909f56bfc062723c751e8b465ee728b)  -> (artifact id: '796043bef7e0ef34d0c6915d69b7207a') in 0.047562 seconds 
Number of asset objects unloaded after import = 364
========================================================================
Received Import Request.
  Time since last request: 2.046302 seconds.
  path: Assets/Prefabs/GirlPage/GirlArchiveCanvas.prefab
  artifactKey: Guid(df1cf4153eb501f4e98cb4a0c76fb58c) Importer(815301076,1909f56bfc062723c751e8b465ee728b)
Number of updated assets reloaded before import = 0
Start importing Assets/Prefabs/GirlPage/GirlArchiveCanvas.prefab using Guid(df1cf4153eb501f4e98cb4a0c76fb58c) Importer(815301076,1909f56bfc062723c751e8b465ee728b)  -> (artifact id: 'c3635ee90c14f2ee5cf83a0c3da39a23') in 0.040305 seconds 
Number of asset objects unloaded after import = 369
========================================================================
Received Import Request.
  Time since last request: 0.000016 seconds.
  path: Assets/Prefabs/GirlPage/GirlPageForInstantiation Variant.prefab
  artifactKey: Guid(4d181541946bf6a4bba54d7a09290ee0) Importer(815301076,1909f56bfc062723c751e8b465ee728b)
Number of updated assets reloaded before import = 0
Start importing Assets/Prefabs/GirlPage/GirlPageForInstantiation Variant.prefab using Guid(4d181541946bf6a4bba54d7a09290ee0) Importer(815301076,1909f56bfc062723c751e8b465ee728b)  -> (artifact id: '77f420537a74806eeca7336c5b31208b') in 0.044119 seconds 
Number of asset objects unloaded after import = 682
========================================================================
Received Import Request.
  Time since last request: 0.438942 seconds.
  path: Assets/Prefabs/GirlPage/GirlArchiveCanvas.prefab
  artifactKey: Guid(df1cf4153eb501f4e98cb4a0c76fb58c) Importer(815301076,1909f56bfc062723c751e8b465ee728b)
Number of updated assets reloaded before import = 0
Start importing Assets/Prefabs/GirlPage/GirlArchiveCanvas.prefab using Guid(df1cf4153eb501f4e98cb4a0c76fb58c) Importer(815301076,1909f56bfc062723c751e8b465ee728b)  -> (artifact id: '6ba652c58c0de8834d38f63c50574448') in 0.044813 seconds 
Number of asset objects unloaded after import = 369
========================================================================
Received Import Request.
  Time since last request: 0.307607 seconds.
  path: Assets/Prefabs/GirlPage/GirlArchiveCanvas.prefab
  artifactKey: Guid(df1cf4153eb501f4e98cb4a0c76fb58c) Importer(815301076,1909f56bfc062723c751e8b465ee728b)
Number of updated assets reloaded before import = 0
Start importing Assets/Prefabs/GirlPage/GirlArchiveCanvas.prefab using Guid(df1cf4153eb501f4e98cb4a0c76fb58c) Importer(815301076,1909f56bfc062723c751e8b465ee728b)  -> (artifact id: '6555825860bb1f2229da8a09452c3eb2') in 0.040622 seconds 
Number of asset objects unloaded after import = 369
========================================================================
Received Import Request.
  Time since last request: 0.000016 seconds.
  path: Assets/Prefabs/GirlPage/GirlPageForInstantiation.prefab
  artifactKey: Guid(76355dbf6fa52ea46963d5c37b07eab6) Importer(815301076,1909f56bfc062723c751e8b465ee728b)
Number of updated assets reloaded before import = 0
Start importing Assets/Prefabs/GirlPage/GirlPageForInstantiation.prefab using Guid(76355dbf6fa52ea46963d5c37b07eab6) Importer(815301076,1909f56bfc062723c751e8b465ee728b)  -> (artifact id: '7ed7382bf24af0ff7831e693c0d59560') in 0.002987 seconds 
Number of asset objects unloaded after import = 0
========================================================================
Received Import Request.
  Time since last request: 0.304680 seconds.
  path: Assets/Prefabs/GirlPage/GirlArchiveCanvas.prefab
  artifactKey: Guid(df1cf4153eb501f4e98cb4a0c76fb58c) Importer(815301076,1909f56bfc062723c751e8b465ee728b)
Number of updated assets reloaded before import = 0
Start importing Assets/Prefabs/GirlPage/GirlArchiveCanvas.prefab using Guid(df1cf4153eb501f4e98cb4a0c76fb58c) Importer(815301076,1909f56bfc062723c751e8b465ee728b)  -> (artifact id: 'b9af84bf4e09646b09f00302f094e25e') in 0.039306 seconds 
Number of asset objects unloaded after import = 369
========================================================================
Received Import Request.
  Time since last request: 0.000018 seconds.
  path: Assets/Prefabs/GirlPage/GirlPageForInstantiation Variant.prefab
  artifactKey: Guid(4d181541946bf6a4bba54d7a09290ee0) Importer(815301076,1909f56bfc062723c751e8b465ee728b)
Number of updated assets reloaded before import = 0
Start importing Assets/Prefabs/GirlPage/GirlPageForInstantiation Variant.prefab using Guid(4d181541946bf6a4bba54d7a09290ee0) Importer(815301076,1909f56bfc062723c751e8b465ee728b)  -> (artifact id: 'c107ef47e6e5badbee4ac2240676450a') in 0.043901 seconds 
Number of asset objects unloaded after import = 682
========================================================================
Received Import Request.
  Time since last request: 0.635358 seconds.
  path: Assets/Prefabs/GirlPage/GirlArchiveCanvas.prefab
  artifactKey: Guid(df1cf4153eb501f4e98cb4a0c76fb58c) Importer(815301076,1909f56bfc062723c751e8b465ee728b)
Number of updated assets reloaded before import = 0
Start importing Assets/Prefabs/GirlPage/GirlArchiveCanvas.prefab using Guid(df1cf4153eb501f4e98cb4a0c76fb58c) Importer(815301076,1909f56bfc062723c751e8b465ee728b)  -> (artifact id: 'e080c9774be2dc4bb9097de4d5527fa4') in 0.040103 seconds 
Number of asset objects unloaded after import = 369
========================================================================
Received Import Request.
  Time since last request: 0.000015 seconds.
  path: Assets/Prefabs/GirlPage/GirlPageForInstantiation Variant.prefab
  artifactKey: Guid(4d181541946bf6a4bba54d7a09290ee0) Importer(815301076,1909f56bfc062723c751e8b465ee728b)
Number of updated assets reloaded before import = 0
Start importing Assets/Prefabs/GirlPage/GirlPageForInstantiation Variant.prefab using Guid(4d181541946bf6a4bba54d7a09290ee0) Importer(815301076,1909f56bfc062723c751e8b465ee728b)  -> (artifact id: '80b6a2a82b43ebc28a61148215683058') in 0.047631 seconds 
Number of asset objects unloaded after import = 682
========================================================================
Received Import Request.
  Time since last request: 11.592947 seconds.
  path: Assets/Prefabs/GirlPage/GirlArchiveCanvas.prefab
  artifactKey: Guid(df1cf4153eb501f4e98cb4a0c76fb58c) Importer(815301076,1909f56bfc062723c751e8b465ee728b)
Number of updated assets reloaded before import = 0
Start importing Assets/Prefabs/GirlPage/GirlArchiveCanvas.prefab using Guid(df1cf4153eb501f4e98cb4a0c76fb58c) Importer(815301076,1909f56bfc062723c751e8b465ee728b)  -> (artifact id: '44efcf93f5d576ce07a9745ddf40bf75') in 0.041184 seconds 
Number of asset objects unloaded after import = 369
========================================================================
Received Import Request.
  Time since last request: 0.000013 seconds.
  path: Assets/Prefabs/GirlPage/GirlPageForInstantiation Variant.prefab
  artifactKey: Guid(4d181541946bf6a4bba54d7a09290ee0) Importer(815301076,1909f56bfc062723c751e8b465ee728b)
Number of updated assets reloaded before import = 0
Start importing Assets/Prefabs/GirlPage/GirlPageForInstantiation Variant.prefab using Guid(4d181541946bf6a4bba54d7a09290ee0) Importer(815301076,1909f56bfc062723c751e8b465ee728b)  -> (artifact id: 'c04d00d661a18388a83df4602e29acea') in 0.043249 seconds 
Number of asset objects unloaded after import = 682
========================================================================
Received Import Request.
  Time since last request: 2.036509 seconds.
  path: Assets/Prefabs/GirlPage/GirlArchiveCanvas.prefab
  artifactKey: Guid(df1cf4153eb501f4e98cb4a0c76fb58c) Importer(815301076,1909f56bfc062723c751e8b465ee728b)
Number of updated assets reloaded before import = 0
Start importing Assets/Prefabs/GirlPage/GirlArchiveCanvas.prefab using Guid(df1cf4153eb501f4e98cb4a0c76fb58c) Importer(815301076,1909f56bfc062723c751e8b465ee728b)  -> (artifact id: 'bdd5ba2e907886012c7cced85e55aac6') in 0.040410 seconds 
Number of asset objects unloaded after import = 369
========================================================================
Received Import Request.
  Time since last request: 1.839002 seconds.
  path: Assets/Prefabs/GirlPage/GirlArchiveCanvas.prefab
  artifactKey: Guid(df1cf4153eb501f4e98cb4a0c76fb58c) Importer(815301076,1909f56bfc062723c751e8b465ee728b)
Number of updated assets reloaded before import = 0
Start importing Assets/Prefabs/GirlPage/GirlArchiveCanvas.prefab using Guid(df1cf4153eb501f4e98cb4a0c76fb58c) Importer(815301076,1909f56bfc062723c751e8b465ee728b)  -> (artifact id: '37c5b6854352adb657299be963f5785d') in 0.043431 seconds 
Number of asset objects unloaded after import = 369
========================================================================
Received Import Request.
  Time since last request: 0.000013 seconds.
  path: Assets/Prefabs/GirlPage/GirlPageForInstantiation.prefab
  artifactKey: Guid(76355dbf6fa52ea46963d5c37b07eab6) Importer(815301076,1909f56bfc062723c751e8b465ee728b)
Number of updated assets reloaded before import = 0
Start importing Assets/Prefabs/GirlPage/GirlPageForInstantiation.prefab using Guid(76355dbf6fa52ea46963d5c37b07eab6) Importer(815301076,1909f56bfc062723c751e8b465ee728b)  -> (artifact id: '8a453a767e11b5419ae6da73980c7276') in 0.039288 seconds 
Number of asset objects unloaded after import = 364
========================================================================
Received Import Request.
  Time since last request: 3.560921 seconds.
  path: Assets/Prefabs/GirlPage/GirlArchiveCanvas.prefab
  artifactKey: Guid(df1cf4153eb501f4e98cb4a0c76fb58c) Importer(815301076,1909f56bfc062723c751e8b465ee728b)
Number of updated assets reloaded before import = 0
Start importing Assets/Prefabs/GirlPage/GirlArchiveCanvas.prefab using Guid(df1cf4153eb501f4e98cb4a0c76fb58c) Importer(815301076,1909f56bfc062723c751e8b465ee728b)  -> (artifact id: 'c1615cc8e8ab9d455be2303fae5aafcc') in 0.041416 seconds 
Number of asset objects unloaded after import = 369
========================================================================
Received Import Request.
  Time since last request: 0.000014 seconds.
  path: Assets/Prefabs/GirlPage/GirlPageForInstantiation Variant.prefab
  artifactKey: Guid(4d181541946bf6a4bba54d7a09290ee0) Importer(815301076,1909f56bfc062723c751e8b465ee728b)
Number of updated assets reloaded before import = 0
Start importing Assets/Prefabs/GirlPage/GirlPageForInstantiation Variant.prefab using Guid(4d181541946bf6a4bba54d7a09290ee0) Importer(815301076,1909f56bfc062723c751e8b465ee728b)  -> (artifact id: '71e55d9759a076bc6262d3bbed13eae2') in 0.042938 seconds 
Number of asset objects unloaded after import = 682
========================================================================
Received Import Request.
  Time since last request: 4.516463 seconds.
  path: Assets/Prefabs/GirlPage/GirlArchiveCanvas.prefab
  artifactKey: Guid(df1cf4153eb501f4e98cb4a0c76fb58c) Importer(815301076,1909f56bfc062723c751e8b465ee728b)
Number of updated assets reloaded before import = 0
Start importing Assets/Prefabs/GirlPage/GirlArchiveCanvas.prefab using Guid(df1cf4153eb501f4e98cb4a0c76fb58c) Importer(815301076,1909f56bfc062723c751e8b465ee728b)  -> (artifact id: '7f87511c46aeae65299ab448a735c32c') in 0.040557 seconds 
Number of asset objects unloaded after import = 369
========================================================================
Received Import Request.
  Time since last request: 0.000013 seconds.
  path: Assets/Prefabs/GirlPage/GirlPageForInstantiation.prefab
  artifactKey: Guid(76355dbf6fa52ea46963d5c37b07eab6) Importer(815301076,1909f56bfc062723c751e8b465ee728b)
Number of updated assets reloaded before import = 0
Start importing Assets/Prefabs/GirlPage/GirlPageForInstantiation.prefab using Guid(76355dbf6fa52ea46963d5c37b07eab6) Importer(815301076,1909f56bfc062723c751e8b465ee728b)  -> (artifact id: '3a58fc80fae2c71cf3422a43aeb7f178') in 0.040742 seconds 
Number of asset objects unloaded after import = 364
========================================================================
Received Import Request.
  Time since last request: 15.344116 seconds.
  path: Assets/Prefabs/GirlPage/GirlArchiveCanvas.prefab
  artifactKey: Guid(df1cf4153eb501f4e98cb4a0c76fb58c) Importer(815301076,1909f56bfc062723c751e8b465ee728b)
Number of updated assets reloaded before import = 0
Start importing Assets/Prefabs/GirlPage/GirlArchiveCanvas.prefab using Guid(df1cf4153eb501f4e98cb4a0c76fb58c) Importer(815301076,1909f56bfc062723c751e8b465ee728b)  -> (artifact id: '56df03027ffa4f129020e7976f04962f') in 0.046042 seconds 
Number of asset objects unloaded after import = 369
========================================================================
Received Import Request.
  Time since last request: 0.000013 seconds.
  path: Assets/Prefabs/GirlPage/GirlPageForInstantiation.prefab
  artifactKey: Guid(76355dbf6fa52ea46963d5c37b07eab6) Importer(815301076,1909f56bfc062723c751e8b465ee728b)
Number of updated assets reloaded before import = 0
Start importing Assets/Prefabs/GirlPage/GirlPageForInstantiation.prefab using Guid(76355dbf6fa52ea46963d5c37b07eab6) Importer(815301076,1909f56bfc062723c751e8b465ee728b)  -> (artifact id: '54e07934e3aa973f39fafe0f034ccd14') in 0.037899 seconds 
Number of asset objects unloaded after import = 364
========================================================================
Received Import Request.
  Time since last request: 2.453002 seconds.
  path: Assets/Prefabs/GirlPage/GirlArchiveCanvas.prefab
  artifactKey: Guid(df1cf4153eb501f4e98cb4a0c76fb58c) Importer(815301076,1909f56bfc062723c751e8b465ee728b)
Number of updated assets reloaded before import = 0
Start importing Assets/Prefabs/GirlPage/GirlArchiveCanvas.prefab using Guid(df1cf4153eb501f4e98cb4a0c76fb58c) Importer(815301076,1909f56bfc062723c751e8b465ee728b)  -> (artifact id: '189953b26bc37ab04a5d7ade340979d5') in 0.043210 seconds 
Number of asset objects unloaded after import = 369
========================================================================
Received Import Request.
  Time since last request: 0.000013 seconds.
  path: Assets/Prefabs/GirlPage/GirlPageForInstantiation.prefab
  artifactKey: Guid(76355dbf6fa52ea46963d5c37b07eab6) Importer(815301076,1909f56bfc062723c751e8b465ee728b)
Number of updated assets reloaded before import = 0
Start importing Assets/Prefabs/GirlPage/GirlPageForInstantiation.prefab using Guid(76355dbf6fa52ea46963d5c37b07eab6) Importer(815301076,1909f56bfc062723c751e8b465ee728b)  -> (artifact id: '843c6ec894b47817ceedd2c14e3d4e26') in 0.042318 seconds 
Number of asset objects unloaded after import = 364
========================================================================
Received Import Request.
  Time since last request: 1.442939 seconds.
  path: Assets/Prefabs/GirlPage/GirlArchiveCanvas.prefab
  artifactKey: Guid(df1cf4153eb501f4e98cb4a0c76fb58c) Importer(815301076,1909f56bfc062723c751e8b465ee728b)
Number of updated assets reloaded before import = 0
Start importing Assets/Prefabs/GirlPage/GirlArchiveCanvas.prefab using Guid(df1cf4153eb501f4e98cb4a0c76fb58c) Importer(815301076,1909f56bfc062723c751e8b465ee728b)  -> (artifact id: '1ce2720e01c844bc742629a7cce0be7b') in 0.040520 seconds 
Number of asset objects unloaded after import = 369
========================================================================
Received Import Request.
  Time since last request: 0.000013 seconds.
  path: Assets/Prefabs/GirlPage/GirlPageForInstantiation Variant.prefab
  artifactKey: Guid(4d181541946bf6a4bba54d7a09290ee0) Importer(815301076,1909f56bfc062723c751e8b465ee728b)
Number of updated assets reloaded before import = 0
Start importing Assets/Prefabs/GirlPage/GirlPageForInstantiation Variant.prefab using Guid(4d181541946bf6a4bba54d7a09290ee0) Importer(815301076,1909f56bfc062723c751e8b465ee728b)  -> (artifact id: '43f026ec0293970a377ce645a751e2be') in 0.043655 seconds 
Number of asset objects unloaded after import = 682
========================================================================
Received Import Request.
  Time since last request: 0.839279 seconds.
  path: Assets/Prefabs/GirlPage/GirlArchiveCanvas.prefab
  artifactKey: Guid(df1cf4153eb501f4e98cb4a0c76fb58c) Importer(815301076,1909f56bfc062723c751e8b465ee728b)
Number of updated assets reloaded before import = 0
Start importing Assets/Prefabs/GirlPage/GirlArchiveCanvas.prefab using Guid(df1cf4153eb501f4e98cb4a0c76fb58c) Importer(815301076,1909f56bfc062723c751e8b465ee728b)  -> (artifact id: '3831bfdd79ae2581f128142a13a1a894') in 0.039456 seconds 
Number of asset objects unloaded after import = 369
========================================================================
Received Import Request.
  Time since last request: 0.000013 seconds.
  path: Assets/Prefabs/GirlPage/GirlPageForInstantiation Variant.prefab
  artifactKey: Guid(4d181541946bf6a4bba54d7a09290ee0) Importer(815301076,1909f56bfc062723c751e8b465ee728b)
Number of updated assets reloaded before import = 0
Start importing Assets/Prefabs/GirlPage/GirlPageForInstantiation Variant.prefab using Guid(4d181541946bf6a4bba54d7a09290ee0) Importer(815301076,1909f56bfc062723c751e8b465ee728b)  -> (artifact id: '40b8e563a2ff741f21f9e14a9ad3a6e9') in 0.042681 seconds 
Number of asset objects unloaded after import = 682
========================================================================
Received Import Request.
  Time since last request: 1.269281 seconds.
  path: Assets/Prefabs/GirlPage/GirlArchiveCanvas.prefab
  artifactKey: Guid(df1cf4153eb501f4e98cb4a0c76fb58c) Importer(815301076,1909f56bfc062723c751e8b465ee728b)
Number of updated assets reloaded before import = 0
Start importing Assets/Prefabs/GirlPage/GirlArchiveCanvas.prefab using Guid(df1cf4153eb501f4e98cb4a0c76fb58c) Importer(815301076,1909f56bfc062723c751e8b465ee728b)  -> (artifact id: '88913ed41d69fb57e30e0c9b4a06e5f1') in 0.041888 seconds 
Number of asset objects unloaded after import = 369
========================================================================
Received Import Request.
  Time since last request: 2.097562 seconds.
  path: Assets/Prefabs/GirlPage/GirlArchiveCanvas.prefab
  artifactKey: Guid(df1cf4153eb501f4e98cb4a0c76fb58c) Importer(815301076,1909f56bfc062723c751e8b465ee728b)
Number of updated assets reloaded before import = 0
Start importing Assets/Prefabs/GirlPage/GirlArchiveCanvas.prefab using Guid(df1cf4153eb501f4e98cb4a0c76fb58c) Importer(815301076,1909f56bfc062723c751e8b465ee728b)  -> (artifact id: 'cf4c49a92f559d2981d99bf9f8631155') in 0.038445 seconds 
Number of asset objects unloaded after import = 369
========================================================================
Received Import Request.
  Time since last request: 0.000014 seconds.
  path: Assets/Prefabs/GirlPage/GirlPageForInstantiation.prefab
  artifactKey: Guid(76355dbf6fa52ea46963d5c37b07eab6) Importer(815301076,1909f56bfc062723c751e8b465ee728b)
Number of updated assets reloaded before import = 0
Start importing Assets/Prefabs/GirlPage/GirlPageForInstantiation.prefab using Guid(76355dbf6fa52ea46963d5c37b07eab6) Importer(815301076,1909f56bfc062723c751e8b465ee728b)  -> (artifact id: '64b4c5341aef6e49ffff23540d26fa22') in 0.041073 seconds 
Number of asset objects unloaded after import = 364
========================================================================
Received Import Request.
  Time since last request: 8.130444 seconds.
  path: Assets/Prefabs/GirlPage/GirlArchiveCanvas.prefab
  artifactKey: Guid(df1cf4153eb501f4e98cb4a0c76fb58c) Importer(815301076,1909f56bfc062723c751e8b465ee728b)
Number of updated assets reloaded before import = 0
Start importing Assets/Prefabs/GirlPage/GirlArchiveCanvas.prefab using Guid(df1cf4153eb501f4e98cb4a0c76fb58c) Importer(815301076,1909f56bfc062723c751e8b465ee728b)  -> (artifact id: '44d1d680617f9494127b1f7ab161ad72') in 0.042971 seconds 
Number of asset objects unloaded after import = 369
========================================================================
Received Import Request.
  Time since last request: 0.000014 seconds.
  path: Assets/Prefabs/GirlPage/GirlPageForInstantiation.prefab
  artifactKey: Guid(76355dbf6fa52ea46963d5c37b07eab6) Importer(815301076,1909f56bfc062723c751e8b465ee728b)
Number of updated assets reloaded before import = 0
Start importing Assets/Prefabs/GirlPage/GirlPageForInstantiation.prefab using Guid(76355dbf6fa52ea46963d5c37b07eab6) Importer(815301076,1909f56bfc062723c751e8b465ee728b)  -> (artifact id: '43debb39325d0ef02c3d13fb718a8394') in 0.038379 seconds 
Number of asset objects unloaded after import = 364
========================================================================
Received Import Request.
  Time since last request: 9.931653 seconds.
  path: Assets/Prefabs/GirlPage/GirlArchiveCanvas.prefab
  artifactKey: Guid(df1cf4153eb501f4e98cb4a0c76fb58c) Importer(815301076,1909f56bfc062723c751e8b465ee728b)
Number of updated assets reloaded before import = 0
Start importing Assets/Prefabs/GirlPage/GirlArchiveCanvas.prefab using Guid(df1cf4153eb501f4e98cb4a0c76fb58c) Importer(815301076,1909f56bfc062723c751e8b465ee728b)  -> (artifact id: 'cd65c812a6037d5acd0540bafba59a75') in 0.045163 seconds 
Number of asset objects unloaded after import = 369
========================================================================
Received Import Request.
  Time since last request: 0.000022 seconds.
  path: Assets/Prefabs/GirlPage/GirlPageForInstantiation.prefab
  artifactKey: Guid(76355dbf6fa52ea46963d5c37b07eab6) Importer(815301076,1909f56bfc062723c751e8b465ee728b)
Number of updated assets reloaded before import = 0
Start importing Assets/Prefabs/GirlPage/GirlPageForInstantiation.prefab using Guid(76355dbf6fa52ea46963d5c37b07eab6) Importer(815301076,1909f56bfc062723c751e8b465ee728b)  -> (artifact id: 'a70885cafb047785f1685f99f59984bc') in 0.044033 seconds 
Number of asset objects unloaded after import = 364
========================================================================
Received Import Request.
  Time since last request: 47.905005 seconds.
  path: Assets/Prefabs/GirlPage/GirlArchiveCanvas.prefab
  artifactKey: Guid(df1cf4153eb501f4e98cb4a0c76fb58c) Importer(815301076,1909f56bfc062723c751e8b465ee728b)
Number of updated assets reloaded before import = 0
Start importing Assets/Prefabs/GirlPage/GirlArchiveCanvas.prefab using Guid(df1cf4153eb501f4e98cb4a0c76fb58c) Importer(815301076,1909f56bfc062723c751e8b465ee728b)  -> (artifact id: '4d94ae4d4e9e937e70285497e0d4f1c7') in 0.042252 seconds 
Number of asset objects unloaded after import = 369
========================================================================
Received Import Request.
  Time since last request: 0.000019 seconds.
  path: Assets/Prefabs/GirlPage/GirlPageForInstantiation Variant.prefab
  artifactKey: Guid(4d181541946bf6a4bba54d7a09290ee0) Importer(815301076,1909f56bfc062723c751e8b465ee728b)
Number of updated assets reloaded before import = 0
Start importing Assets/Prefabs/GirlPage/GirlPageForInstantiation Variant.prefab using Guid(4d181541946bf6a4bba54d7a09290ee0) Importer(815301076,1909f56bfc062723c751e8b465ee728b)  -> (artifact id: 'cc236bd627c04fdb74c6cdd6aa67ec27') in 0.047994 seconds 
Number of asset objects unloaded after import = 682
========================================================================
Received Import Request.
  Time since last request: 8.385224 seconds.
  path: Assets/Prefabs/GirlPage/GirlArchiveCanvas.prefab
  artifactKey: Guid(df1cf4153eb501f4e98cb4a0c76fb58c) Importer(815301076,1909f56bfc062723c751e8b465ee728b)
Number of updated assets reloaded before import = 0
Start importing Assets/Prefabs/GirlPage/GirlArchiveCanvas.prefab using Guid(df1cf4153eb501f4e98cb4a0c76fb58c) Importer(815301076,1909f56bfc062723c751e8b465ee728b)  -> (artifact id: 'f651919dbad681d2c3db3c75e77e6b40') in 0.047924 seconds 
Number of asset objects unloaded after import = 369
========================================================================
Received Import Request.
  Time since last request: 0.000016 seconds.
  path: Assets/Prefabs/GirlPage/GirlPageForInstantiation Variant.prefab
  artifactKey: Guid(4d181541946bf6a4bba54d7a09290ee0) Importer(815301076,1909f56bfc062723c751e8b465ee728b)
Number of updated assets reloaded before import = 0
Start importing Assets/Prefabs/GirlPage/GirlPageForInstantiation Variant.prefab using Guid(4d181541946bf6a4bba54d7a09290ee0) Importer(815301076,1909f56bfc062723c751e8b465ee728b)  -> (artifact id: '7ccaf0f7d49884c47525f865545ed91a') in 0.047983 seconds 
Number of asset objects unloaded after import = 682
========================================================================
Received Import Request.
  Time since last request: 6.482184 seconds.
  path: Assets/Prefabs/GirlPage/GirlArchiveCanvas.prefab
  artifactKey: Guid(df1cf4153eb501f4e98cb4a0c76fb58c) Importer(815301076,1909f56bfc062723c751e8b465ee728b)
Number of updated assets reloaded before import = 0
Start importing Assets/Prefabs/GirlPage/GirlArchiveCanvas.prefab using Guid(df1cf4153eb501f4e98cb4a0c76fb58c) Importer(815301076,1909f56bfc062723c751e8b465ee728b)  -> (artifact id: 'a8d564264a337b7369db769cf4d37812') in 0.043934 seconds 
Number of asset objects unloaded after import = 369
========================================================================
Received Import Request.
  Time since last request: 0.000020 seconds.
  path: Assets/Prefabs/GirlPage/GirlPageForInstantiation.prefab
  artifactKey: Guid(76355dbf6fa52ea46963d5c37b07eab6) Importer(815301076,1909f56bfc062723c751e8b465ee728b)
Number of updated assets reloaded before import = 0
Start importing Assets/Prefabs/GirlPage/GirlPageForInstantiation.prefab using Guid(76355dbf6fa52ea46963d5c37b07eab6) Importer(815301076,1909f56bfc062723c751e8b465ee728b)  -> (artifact id: '76538064158849e2bb306c61e24a37a0') in 0.046511 seconds 
Number of asset objects unloaded after import = 364
========================================================================
Received Import Request.
  Time since last request: 5013.945532 seconds.
  path: Assets/Prefabs/GirlPage/GirlArchiveCanvas.prefab
  artifactKey: Guid(df1cf4153eb501f4e98cb4a0c76fb58c) Importer(815301076,1909f56bfc062723c751e8b465ee728b)
Number of updated assets reloaded before import = 0
Start importing Assets/Prefabs/GirlPage/GirlArchiveCanvas.prefab using Guid(df1cf4153eb501f4e98cb4a0c76fb58c) Importer(815301076,1909f56bfc062723c751e8b465ee728b)  -> (artifact id: '60e45f8a6b2e27c8d7c019b75ec86fee') in 0.170738 seconds 
Number of asset objects unloaded after import = 369
========================================================================
Received Import Request.
  Time since last request: 0.000036 seconds.
  path: Assets/Prefabs/GirlPage/GirlPageForInstantiation Variant.prefab
  artifactKey: Guid(4d181541946bf6a4bba54d7a09290ee0) Importer(815301076,1909f56bfc062723c751e8b465ee728b)
Number of updated assets reloaded before import = 0
Start importing Assets/Prefabs/GirlPage/GirlPageForInstantiation Variant.prefab using Guid(4d181541946bf6a4bba54d7a09290ee0) Importer(815301076,1909f56bfc062723c751e8b465ee728b)  -> (artifact id: '32b14f88864df1d9969caace84f3b4ac') in 0.051323 seconds 
Number of asset objects unloaded after import = 682
========================================================================
Received Import Request.
  Time since last request: 3.431804 seconds.
  path: Assets/Prefabs/GirlPage/GirlArchiveCanvas.prefab
  artifactKey: Guid(df1cf4153eb501f4e98cb4a0c76fb58c) Importer(815301076,1909f56bfc062723c751e8b465ee728b)
Number of updated assets reloaded before import = 0
Start importing Assets/Prefabs/GirlPage/GirlArchiveCanvas.prefab using Guid(df1cf4153eb501f4e98cb4a0c76fb58c) Importer(815301076,1909f56bfc062723c751e8b465ee728b)  -> (artifact id: 'ef9f65f2c80dc8d78f2348820a147208') in 0.046585 seconds 
Number of asset objects unloaded after import = 369
========================================================================
Received Import Request.
  Time since last request: 0.000019 seconds.
  path: Assets/Prefabs/GirlPage/GirlPageForInstantiation Variant.prefab
  artifactKey: Guid(4d181541946bf6a4bba54d7a09290ee0) Importer(815301076,1909f56bfc062723c751e8b465ee728b)
Number of updated assets reloaded before import = 0
Start importing Assets/Prefabs/GirlPage/GirlPageForInstantiation Variant.prefab using Guid(4d181541946bf6a4bba54d7a09290ee0) Importer(815301076,1909f56bfc062723c751e8b465ee728b)  -> (artifact id: '02e94b708f83c2fe6fba003367a3487e') in 0.054702 seconds 
Number of asset objects unloaded after import = 682
========================================================================
Received Import Request.
  Time since last request: 5.574933 seconds.
  path: Assets/Prefabs/GirlPage/GirlArchiveCanvas.prefab
  artifactKey: Guid(df1cf4153eb501f4e98cb4a0c76fb58c) Importer(815301076,1909f56bfc062723c751e8b465ee728b)
Number of updated assets reloaded before import = 0
Start importing Assets/Prefabs/GirlPage/GirlArchiveCanvas.prefab using Guid(df1cf4153eb501f4e98cb4a0c76fb58c) Importer(815301076,1909f56bfc062723c751e8b465ee728b)  -> (artifact id: '1dc8536b16c469652fb068b381b4651d') in 0.044983 seconds 
Number of asset objects unloaded after import = 369
========================================================================
Received Import Request.
  Time since last request: 0.000025 seconds.
  path: Assets/Prefabs/GirlPage/GirlPageForInstantiation 1.prefab
  artifactKey: Guid(9d331f52a3d155c4b9d05fd6263cc6f3) Importer(815301076,1909f56bfc062723c751e8b465ee728b)
Number of updated assets reloaded before import = 0
Start importing Assets/Prefabs/GirlPage/GirlPageForInstantiation 1.prefab using Guid(9d331f52a3d155c4b9d05fd6263cc6f3) Importer(815301076,1909f56bfc062723c751e8b465ee728b)  -> (artifact id: 'fd84ed1b1c4f6635ca62ec0c6cf79244') in 0.042474 seconds 
Number of asset objects unloaded after import = 364
========================================================================
Received Import Request.
  Time since last request: 0.000030 seconds.
  path: Assets/Prefabs/GirlPage/GirlPageForInstantiation.prefab
  artifactKey: Guid(76355dbf6fa52ea46963d5c37b07eab6) Importer(815301076,1909f56bfc062723c751e8b465ee728b)
Number of updated assets reloaded before import = 0
Start importing Assets/Prefabs/GirlPage/GirlPageForInstantiation.prefab using Guid(76355dbf6fa52ea46963d5c37b07eab6) Importer(815301076,1909f56bfc062723c751e8b465ee728b)  -> (artifact id: 'b75830660273da795b95c2683c8d3cc0') in 0.040475 seconds 
Number of asset objects unloaded after import = 364
========================================================================
Received Import Request.
  Time since last request: 3.681661 seconds.
  path: Assets/Prefabs/GirlPage/GirlArchiveCanvas.prefab
  artifactKey: Guid(df1cf4153eb501f4e98cb4a0c76fb58c) Importer(815301076,1909f56bfc062723c751e8b465ee728b)
Number of updated assets reloaded before import = 0
Start importing Assets/Prefabs/GirlPage/GirlArchiveCanvas.prefab using Guid(df1cf4153eb501f4e98cb4a0c76fb58c) Importer(815301076,1909f56bfc062723c751e8b465ee728b)  -> (artifact id: '744a261a3f8febc0e813674cf87cdd91') in 0.044437 seconds 
Number of asset objects unloaded after import = 369
========================================================================
Received Import Request.
  Time since last request: 0.000014 seconds.
  path: Assets/Prefabs/GirlPage/GirlPageForInstantiation Variant.prefab
  artifactKey: Guid(4d181541946bf6a4bba54d7a09290ee0) Importer(815301076,1909f56bfc062723c751e8b465ee728b)
Number of updated assets reloaded before import = 0
Start importing Assets/Prefabs/GirlPage/GirlPageForInstantiation Variant.prefab using Guid(4d181541946bf6a4bba54d7a09290ee0) Importer(815301076,1909f56bfc062723c751e8b465ee728b)  -> (artifact id: 'aebeb7d74aa92bbde2c1cb0e3956fb4d') in 0.051878 seconds 
Number of asset objects unloaded after import = 682
========================================================================
Received Import Request.
  Time since last request: 3.676340 seconds.
  path: Assets/Prefabs/GirlPage/GirlArchiveCanvas.prefab
  artifactKey: Guid(df1cf4153eb501f4e98cb4a0c76fb58c) Importer(815301076,1909f56bfc062723c751e8b465ee728b)
Number of updated assets reloaded before import = 0
Start importing Assets/Prefabs/GirlPage/GirlArchiveCanvas.prefab using Guid(df1cf4153eb501f4e98cb4a0c76fb58c) Importer(815301076,1909f56bfc062723c751e8b465ee728b)  -> (artifact id: '07be02655ddf0540d5c55c040741487a') in 0.044975 seconds 
Number of asset objects unloaded after import = 369
========================================================================
Received Import Request.
  Time since last request: 0.000020 seconds.
  path: Assets/Prefabs/GirlPage/GirlPageForInstantiation 1.prefab
  artifactKey: Guid(9d331f52a3d155c4b9d05fd6263cc6f3) Importer(815301076,1909f56bfc062723c751e8b465ee728b)
Number of updated assets reloaded before import = 0
Start importing Assets/Prefabs/GirlPage/GirlPageForInstantiation 1.prefab using Guid(9d331f52a3d155c4b9d05fd6263cc6f3) Importer(815301076,1909f56bfc062723c751e8b465ee728b)  -> (artifact id: '21e29dcdec4ea9a0ad42a3c30f0487ed') in 0.045052 seconds 
Number of asset objects unloaded after import = 364
========================================================================
Received Import Request.
  Time since last request: 0.000031 seconds.
  path: Assets/Prefabs/GirlPage/GirlPageForInstantiation.prefab
  artifactKey: Guid(76355dbf6fa52ea46963d5c37b07eab6) Importer(815301076,1909f56bfc062723c751e8b465ee728b)
Number of updated assets reloaded before import = 0
Start importing Assets/Prefabs/GirlPage/GirlPageForInstantiation.prefab using Guid(76355dbf6fa52ea46963d5c37b07eab6) Importer(815301076,1909f56bfc062723c751e8b465ee728b)  -> (artifact id: '2e8e5a2a7b04ba561402771ef1cbaf0d') in 0.040534 seconds 
Number of asset objects unloaded after import = 364
========================================================================
Received Import Request.
  Time since last request: 5.046729 seconds.
  path: Assets/Prefabs/GirlPage/GirlArchiveCanvas.prefab
  artifactKey: Guid(df1cf4153eb501f4e98cb4a0c76fb58c) Importer(815301076,1909f56bfc062723c751e8b465ee728b)
Number of updated assets reloaded before import = 0
Start importing Assets/Prefabs/GirlPage/GirlArchiveCanvas.prefab using Guid(df1cf4153eb501f4e98cb4a0c76fb58c) Importer(815301076,1909f56bfc062723c751e8b465ee728b)  -> (artifact id: 'a8b175e8e85b403f80cc4eff5924891d') in 0.052688 seconds 
Number of asset objects unloaded after import = 369
========================================================================
Received Import Request.
  Time since last request: 0.000022 seconds.
  path: Assets/Prefabs/GirlPage/GirlPageForInstantiation Variant.prefab
  artifactKey: Guid(4d181541946bf6a4bba54d7a09290ee0) Importer(815301076,1909f56bfc062723c751e8b465ee728b)
Number of updated assets reloaded before import = 0
Start importing Assets/Prefabs/GirlPage/GirlPageForInstantiation Variant.prefab using Guid(4d181541946bf6a4bba54d7a09290ee0) Importer(815301076,1909f56bfc062723c751e8b465ee728b)  -> (artifact id: 'ea71fda95fd77f491a6a5bef04678f08') in 0.051964 seconds 
Number of asset objects unloaded after import = 682
========================================================================
Received Import Request.
  Time since last request: 3.715768 seconds.
  path: Assets/Prefabs/GirlPage/GirlArchiveCanvas.prefab
  artifactKey: Guid(df1cf4153eb501f4e98cb4a0c76fb58c) Importer(815301076,1909f56bfc062723c751e8b465ee728b)
Number of updated assets reloaded before import = 0
Start importing Assets/Prefabs/GirlPage/GirlArchiveCanvas.prefab using Guid(df1cf4153eb501f4e98cb4a0c76fb58c) Importer(815301076,1909f56bfc062723c751e8b465ee728b)  -> (artifact id: '261530e71b78fc577407cd1dd9fa12a7') in 0.045677 seconds 
Number of asset objects unloaded after import = 369
========================================================================
Received Import Request.
  Time since last request: 0.000022 seconds.
  path: Assets/Prefabs/GirlPage/GirlPageForInstantiation 1.prefab
  artifactKey: Guid(9d331f52a3d155c4b9d05fd6263cc6f3) Importer(815301076,1909f56bfc062723c751e8b465ee728b)
Number of updated assets reloaded before import = 0
Start importing Assets/Prefabs/GirlPage/GirlPageForInstantiation 1.prefab using Guid(9d331f52a3d155c4b9d05fd6263cc6f3) Importer(815301076,1909f56bfc062723c751e8b465ee728b)  -> (artifact id: 'b4ff429eeff82468f12793e4953ccbdc') in 0.047148 seconds 
Number of asset objects unloaded after import = 364
========================================================================
Received Import Request.
  Time since last request: 0.000106 seconds.
  path: Assets/Prefabs/GirlPage/GirlPageForInstantiation.prefab
  artifactKey: Guid(76355dbf6fa52ea46963d5c37b07eab6) Importer(815301076,1909f56bfc062723c751e8b465ee728b)
Number of updated assets reloaded before import = 0
Start importing Assets/Prefabs/GirlPage/GirlPageForInstantiation.prefab using Guid(76355dbf6fa52ea46963d5c37b07eab6) Importer(815301076,1909f56bfc062723c751e8b465ee728b)  -> (artifact id: '01776f8a2a2671155d08f3397673f278') in 0.048587 seconds 
Number of asset objects unloaded after import = 364
========================================================================
Received Import Request.
  Time since last request: 6.847217 seconds.
  path: Assets/Prefabs/GirlPage/GirlArchiveCanvas.prefab
  artifactKey: Guid(df1cf4153eb501f4e98cb4a0c76fb58c) Importer(815301076,1909f56bfc062723c751e8b465ee728b)
Number of updated assets reloaded before import = 0
Start importing Assets/Prefabs/GirlPage/GirlArchiveCanvas.prefab using Guid(df1cf4153eb501f4e98cb4a0c76fb58c) Importer(815301076,1909f56bfc062723c751e8b465ee728b)  -> (artifact id: '52711e2dc59a921db5dfa0c6caaeb460') in 0.044672 seconds 
Number of asset objects unloaded after import = 369
========================================================================
Received Import Request.
  Time since last request: 0.000041 seconds.
  path: Assets/Prefabs/GirlPage/GirlPageForInstantiation 1.prefab
  artifactKey: Guid(9d331f52a3d155c4b9d05fd6263cc6f3) Importer(815301076,1909f56bfc062723c751e8b465ee728b)
Number of updated assets reloaded before import = 0
Start importing Assets/Prefabs/GirlPage/GirlPageForInstantiation 1.prefab using Guid(9d331f52a3d155c4b9d05fd6263cc6f3) Importer(815301076,1909f56bfc062723c751e8b465ee728b)  -> (artifact id: '7a837102d69385ce9db8bc7a7109d2c2') in 0.054798 seconds 
Number of asset objects unloaded after import = 364
========================================================================
Received Import Request.
  Time since last request: 0.000025 seconds.
  path: Assets/Prefabs/GirlPage/GirlPageForInstantiation.prefab
  artifactKey: Guid(76355dbf6fa52ea46963d5c37b07eab6) Importer(815301076,1909f56bfc062723c751e8b465ee728b)
Number of updated assets reloaded before import = 0
Start importing Assets/Prefabs/GirlPage/GirlPageForInstantiation.prefab using Guid(76355dbf6fa52ea46963d5c37b07eab6) Importer(815301076,1909f56bfc062723c751e8b465ee728b)  -> (artifact id: '4a8179e75a86f3241a97b604c1fc1bdf') in 0.049622 seconds 
Number of asset objects unloaded after import = 364
========================================================================
Received Import Request.
  Time since last request: 1.610067 seconds.
  path: Assets/Prefabs/GirlPage/GirlArchiveCanvas.prefab
  artifactKey: Guid(df1cf4153eb501f4e98cb4a0c76fb58c) Importer(815301076,1909f56bfc062723c751e8b465ee728b)
Number of updated assets reloaded before import = 0
Start importing Assets/Prefabs/GirlPage/GirlArchiveCanvas.prefab using Guid(df1cf4153eb501f4e98cb4a0c76fb58c) Importer(815301076,1909f56bfc062723c751e8b465ee728b)  -> (artifact id: 'c5c47ec3bb64f70d86484f0485d94fa8') in 0.043206 seconds 
Number of asset objects unloaded after import = 369
========================================================================
Received Import Request.
  Time since last request: 0.000022 seconds.
  path: Assets/Prefabs/GirlPage/GirlPageForInstantiation 1.prefab
  artifactKey: Guid(9d331f52a3d155c4b9d05fd6263cc6f3) Importer(815301076,1909f56bfc062723c751e8b465ee728b)
Number of updated assets reloaded before import = 0
Start importing Assets/Prefabs/GirlPage/GirlPageForInstantiation 1.prefab using Guid(9d331f52a3d155c4b9d05fd6263cc6f3) Importer(815301076,1909f56bfc062723c751e8b465ee728b)  -> (artifact id: 'a0a8f74e36afa11af58c8808541fec55') in 0.044956 seconds 
Number of asset objects unloaded after import = 364
========================================================================
Received Import Request.
  Time since last request: 0.000030 seconds.
  path: Assets/Prefabs/GirlPage/GirlPageForInstantiation.prefab
  artifactKey: Guid(76355dbf6fa52ea46963d5c37b07eab6) Importer(815301076,1909f56bfc062723c751e8b465ee728b)
Number of updated assets reloaded before import = 0
Start importing Assets/Prefabs/GirlPage/GirlPageForInstantiation.prefab using Guid(76355dbf6fa52ea46963d5c37b07eab6) Importer(815301076,1909f56bfc062723c751e8b465ee728b)  -> (artifact id: '06ef688dddf6c04482f623f96c7681a1') in 0.046359 seconds 
Number of asset objects unloaded after import = 364
========================================================================
Received Import Request.
  Time since last request: 2.023763 seconds.
  path: Assets/Prefabs/GirlPage/GirlArchiveCanvas.prefab
  artifactKey: Guid(df1cf4153eb501f4e98cb4a0c76fb58c) Importer(815301076,1909f56bfc062723c751e8b465ee728b)
Number of updated assets reloaded before import = 0
Start importing Assets/Prefabs/GirlPage/GirlArchiveCanvas.prefab using Guid(df1cf4153eb501f4e98cb4a0c76fb58c) Importer(815301076,1909f56bfc062723c751e8b465ee728b)  -> (artifact id: 'b9e8549fbb5432e3f2f2f6a1e8d71110') in 0.043039 seconds 
Number of asset objects unloaded after import = 369
========================================================================
Received Import Request.
  Time since last request: 0.000013 seconds.
  path: Assets/Prefabs/GirlPage/GirlPageForInstantiation Variant.prefab
  artifactKey: Guid(4d181541946bf6a4bba54d7a09290ee0) Importer(815301076,1909f56bfc062723c751e8b465ee728b)
Number of updated assets reloaded before import = 0
Start importing Assets/Prefabs/GirlPage/GirlPageForInstantiation Variant.prefab using Guid(4d181541946bf6a4bba54d7a09290ee0) Importer(815301076,1909f56bfc062723c751e8b465ee728b)  -> (artifact id: '95fcc11c2d164ad5975a091db6d376a7') in 0.045418 seconds 
Number of asset objects unloaded after import = 682
========================================================================
Received Import Request.
  Time since last request: 7.781011 seconds.
  path: Assets/Prefabs/GirlPage/GirlArchiveCanvas.prefab
  artifactKey: Guid(df1cf4153eb501f4e98cb4a0c76fb58c) Importer(815301076,1909f56bfc062723c751e8b465ee728b)
Number of updated assets reloaded before import = 0
Start importing Assets/Prefabs/GirlPage/GirlArchiveCanvas.prefab using Guid(df1cf4153eb501f4e98cb4a0c76fb58c) Importer(815301076,1909f56bfc062723c751e8b465ee728b)  -> (artifact id: 'fdee4b2c199fc9a71360b5ddb5fed23e') in 0.045996 seconds 
Number of asset objects unloaded after import = 369
========================================================================
Received Import Request.
  Time since last request: 0.000033 seconds.
  path: Assets/Prefabs/GirlPage/GirlPageForInstantiation.prefab
  artifactKey: Guid(76355dbf6fa52ea46963d5c37b07eab6) Importer(815301076,1909f56bfc062723c751e8b465ee728b)
Number of updated assets reloaded before import = 0
Start importing Assets/Prefabs/GirlPage/GirlPageForInstantiation.prefab using Guid(76355dbf6fa52ea46963d5c37b07eab6) Importer(815301076,1909f56bfc062723c751e8b465ee728b)  -> (artifact id: 'c443b3ad6ef826bcc83d5c50d0c9701d') in 0.044458 seconds 
Number of asset objects unloaded after import = 364
========================================================================
Received Import Request.
  Time since last request: 26.670229 seconds.
  path: Assets/Prefabs/GirlPage/GirlArchiveCanvas.prefab
  artifactKey: Guid(df1cf4153eb501f4e98cb4a0c76fb58c) Importer(815301076,1909f56bfc062723c751e8b465ee728b)
Number of updated assets reloaded before import = 0
Start importing Assets/Prefabs/GirlPage/GirlArchiveCanvas.prefab using Guid(df1cf4153eb501f4e98cb4a0c76fb58c) Importer(815301076,1909f56bfc062723c751e8b465ee728b)  -> (artifact id: '4be4ff335cb58b5451d56d522740c94d') in 0.044813 seconds 
Number of asset objects unloaded after import = 369
========================================================================
Received Import Request.
  Time since last request: 1.921879 seconds.
  path: Assets/Prefabs/GirlPage/GirlArchiveCanvas.prefab
  artifactKey: Guid(df1cf4153eb501f4e98cb4a0c76fb58c) Importer(815301076,1909f56bfc062723c751e8b465ee728b)
Number of updated assets reloaded before import = 0
Start importing Assets/Prefabs/GirlPage/GirlArchiveCanvas.prefab using Guid(df1cf4153eb501f4e98cb4a0c76fb58c) Importer(815301076,1909f56bfc062723c751e8b465ee728b)  -> (artifact id: '1613967fea0f516244497586cd6a2cc2') in 0.044269 seconds 
Number of asset objects unloaded after import = 369
========================================================================
Received Import Request.
  Time since last request: 0.000015 seconds.
  path: Assets/Prefabs/GirlPage/GirlPageForInstantiation.prefab
  artifactKey: Guid(76355dbf6fa52ea46963d5c37b07eab6) Importer(815301076,1909f56bfc062723c751e8b465ee728b)
Number of updated assets reloaded before import = 0
Start importing Assets/Prefabs/GirlPage/GirlPageForInstantiation.prefab using Guid(76355dbf6fa52ea46963d5c37b07eab6) Importer(815301076,1909f56bfc062723c751e8b465ee728b)  -> (artifact id: 'd1c9a8d0aa33c900c7df3eaa73996e13') in 0.042254 seconds 
Number of asset objects unloaded after import = 364
========================================================================
Received Import Request.
  Time since last request: 2.469325 seconds.
  path: Assets/Prefabs/GirlPage/GirlArchiveCanvas.prefab
  artifactKey: Guid(df1cf4153eb501f4e98cb4a0c76fb58c) Importer(815301076,1909f56bfc062723c751e8b465ee728b)
Number of updated assets reloaded before import = 0
Start importing Assets/Prefabs/GirlPage/GirlArchiveCanvas.prefab using Guid(df1cf4153eb501f4e98cb4a0c76fb58c) Importer(815301076,1909f56bfc062723c751e8b465ee728b)  -> (artifact id: '3a173d8e37055f26aae7a18eb48fb94a') in 0.042215 seconds 
Number of asset objects unloaded after import = 369
========================================================================
Received Import Request.
  Time since last request: 0.000020 seconds.
  path: Assets/Prefabs/GirlPage/GirlPageForInstantiation Variant.prefab
  artifactKey: Guid(4d181541946bf6a4bba54d7a09290ee0) Importer(815301076,1909f56bfc062723c751e8b465ee728b)
Number of updated assets reloaded before import = 0
Start importing Assets/Prefabs/GirlPage/GirlPageForInstantiation Variant.prefab using Guid(4d181541946bf6a4bba54d7a09290ee0) Importer(815301076,1909f56bfc062723c751e8b465ee728b)  -> (artifact id: 'ecbebb8a49855f5d210c2a57494a1264') in 0.045029 seconds 
Number of asset objects unloaded after import = 682
========================================================================
Received Import Request.
  Time since last request: 2.662844 seconds.
  path: Assets/Prefabs/GirlPage/GirlArchiveCanvas.prefab
  artifactKey: Guid(df1cf4153eb501f4e98cb4a0c76fb58c) Importer(815301076,1909f56bfc062723c751e8b465ee728b)
Number of updated assets reloaded before import = 0
Start importing Assets/Prefabs/GirlPage/GirlArchiveCanvas.prefab using Guid(df1cf4153eb501f4e98cb4a0c76fb58c) Importer(815301076,1909f56bfc062723c751e8b465ee728b)  -> (artifact id: 'c20c1d4cc274f38e3db3087c7fb7a588') in 0.040448 seconds 
Number of asset objects unloaded after import = 369
========================================================================
Received Import Request.
  Time since last request: 0.000017 seconds.
  path: Assets/Prefabs/GirlPage/GirlPageForInstantiation Variant.prefab
  artifactKey: Guid(4d181541946bf6a4bba54d7a09290ee0) Importer(815301076,1909f56bfc062723c751e8b465ee728b)
Number of updated assets reloaded before import = 0
Start importing Assets/Prefabs/GirlPage/GirlPageForInstantiation Variant.prefab using Guid(4d181541946bf6a4bba54d7a09290ee0) Importer(815301076,1909f56bfc062723c751e8b465ee728b)  -> (artifact id: '95525370f0d423a998d4c850cfe1729e') in 0.045633 seconds 
Number of asset objects unloaded after import = 682
========================================================================
Received Import Request.
  Time since last request: 179.123657 seconds.
  path: Assets/Prefabs/GirlPage/GirlArchiveCanvas.prefab
  artifactKey: Guid(df1cf4153eb501f4e98cb4a0c76fb58c) Importer(815301076,1909f56bfc062723c751e8b465ee728b)
Number of updated assets reloaded before import = 0
Start importing Assets/Prefabs/GirlPage/GirlArchiveCanvas.prefab using Guid(df1cf4153eb501f4e98cb4a0c76fb58c) Importer(815301076,1909f56bfc062723c751e8b465ee728b)  -> (artifact id: '40b3b423d4cb5dfb58218990f9f771a1') in 0.048734 seconds 
Number of asset objects unloaded after import = 369
========================================================================
Received Import Request.
  Time since last request: 0.000041 seconds.
  path: Assets/Prefabs/GirlPage/GirlPageForInstantiation 1.prefab
  artifactKey: Guid(9d331f52a3d155c4b9d05fd6263cc6f3) Importer(815301076,1909f56bfc062723c751e8b465ee728b)
Number of updated assets reloaded before import = 0
Start importing Assets/Prefabs/GirlPage/GirlPageForInstantiation 1.prefab using Guid(9d331f52a3d155c4b9d05fd6263cc6f3) Importer(815301076,1909f56bfc062723c751e8b465ee728b)  -> (artifact id: 'a8073f7a092c77ba7df87e7d67d01f69') in 0.043315 seconds 
Number of asset objects unloaded after import = 364
========================================================================
Received Import Request.
  Time since last request: 0.000032 seconds.
  path: Assets/Prefabs/GirlPage/GirlPageForInstantiation.prefab
  artifactKey: Guid(76355dbf6fa52ea46963d5c37b07eab6) Importer(815301076,1909f56bfc062723c751e8b465ee728b)
Number of updated assets reloaded before import = 0
Start importing Assets/Prefabs/GirlPage/GirlPageForInstantiation.prefab using Guid(76355dbf6fa52ea46963d5c37b07eab6) Importer(815301076,1909f56bfc062723c751e8b465ee728b)  -> (artifact id: 'ff764e56e7bd270bd4fa1bf382bbde86') in 0.042857 seconds 
Number of asset objects unloaded after import = 364
========================================================================
Received Import Request.
  Time since last request: 7.680555 seconds.
  path: Assets/Prefabs/GirlPage/GirlPage.prefab
  artifactKey: Guid(538378a4f71a6854f9619a84b12762c9) Importer(815301076,1909f56bfc062723c751e8b465ee728b)
Number of updated assets reloaded before import = 0
Start importing Assets/Prefabs/GirlPage/GirlPage.prefab using Guid(538378a4f71a6854f9619a84b12762c9) Importer(815301076,1909f56bfc062723c751e8b465ee728b)  -> (artifact id: 'c49d05407e18866591d4093eca28ae6e') in 0.055093 seconds 
Number of asset objects unloaded after import = 356
========================================================================
Received Import Request.
  Time since last request: 0.000016 seconds.
  path: Assets/Prefabs/GirlPage/GirlPageForInstantiation.prefab
  artifactKey: Guid(76355dbf6fa52ea46963d5c37b07eab6) Importer(815301076,1909f56bfc062723c751e8b465ee728b)
Number of updated assets reloaded before import = 0
Start importing Assets/Prefabs/GirlPage/GirlPageForInstantiation.prefab using Guid(76355dbf6fa52ea46963d5c37b07eab6) Importer(815301076,1909f56bfc062723c751e8b465ee728b)  -> (artifact id: '3e051e14144786bc6e53f8fd8a5ce7ce') in 0.040317 seconds 
Number of asset objects unloaded after import = 361
Editor requested this worker to shutdown with reason: Scaling down because of idle timeout
AssetImportWorker is now disconnected from the server
Process exiting
Exiting without the bug reporter. Application will terminate with return code 0