Using pre-set license
Built from '2021.3/staging' branch; Version is '2021.3.30f1 (b4360d7cdac4) revision 11810317'; Using compiler version '192829333'; Build Type 'Release'
OS: 'Windows 11  (10.0.22631) 64bit Professional' Language: 'ru' Physical Memory: 32447 MB
BatchMode: 1, IsHumanControllingUs: 0, StartBugReporterOnCrash: 0, Is64bit: 1, IsPro: 1

COMMAND LINE ARGUMENTS:
C:\UnityVersions\2021.3.30f1\Editor\Unity.exe
-adb2
-batchMode
-noUpm
-name
AssetImportWorker5
-projectPath
C:/Users/AORUS/Documents/GitHub/Game-with-Girls/ProjectForIdor
-logFile
Logs/AssetImportWorker5.log
-srvPort
59683
Successfully changed project path to: C:/Users/AORUS/Documents/GitHub/Game-with-Girls/ProjectForIdor
C:/Users/AORUS/Documents/GitHub/Game-with-Girls/ProjectForIdor
[UnityMemory] Configuration Parameters - Can be set up in boot.config
    "memorysetup-bucket-allocator-granularity=16"
    "memorysetup-bucket-allocator-bucket-count=8"
    "memorysetup-bucket-allocator-block-size=33554432"
    "memorysetup-bucket-allocator-block-count=8"
    "memorysetup-main-allocator-block-size=16777216"
    "memorysetup-thread-allocator-block-size=16777216"
    "memorysetup-gfx-main-allocator-block-size=16777216"
    "memorysetup-gfx-thread-allocator-block-size=16777216"
    "memorysetup-cache-allocator-block-size=4194304"
    "memorysetup-typetree-allocator-block-size=2097152"
    "memorysetup-profiler-bucket-allocator-granularity=16"
    "memorysetup-profiler-bucket-allocator-bucket-count=8"
    "memorysetup-profiler-bucket-allocator-block-size=33554432"
    "memorysetup-profiler-bucket-allocator-block-count=8"
    "memorysetup-profiler-allocator-block-size=16777216"
    "memorysetup-profiler-editor-allocator-block-size=1048576"
    "memorysetup-temp-allocator-size-main=16777216"
    "memorysetup-job-temp-allocator-block-size=2097152"
    "memorysetup-job-temp-allocator-block-size-background=1048576"
    "memorysetup-job-temp-allocator-reduction-small-platforms=262144"
    "memorysetup-temp-allocator-size-background-worker=32768"
    "memorysetup-temp-allocator-size-job-worker=262144"
    "memorysetup-temp-allocator-size-preload-manager=33554432"
    "memorysetup-temp-allocator-size-nav-mesh-worker=65536"
    "memorysetup-temp-allocator-size-audio-worker=65536"
    "memorysetup-temp-allocator-size-cloud-worker=32768"
    "memorysetup-temp-allocator-size-gi-baking-worker=262144"
    "memorysetup-temp-allocator-size-gfx=262144"
Player connection [21168] Host "[IP] 192.168.3.12 [Port] 0 [Flags] 2 [Guid] 186153716 [EditorId] 186153716 [Version] 1048832 [Id] WindowsEditor(7,Pipa) [Debug] 1 [PackageName] WindowsEditor [ProjectName] Editor" joined multi-casting on [225.0.0.222:54997]...

Player connection [21168] Host "[IP] 192.168.3.12 [Port] 0 [Flags] 2 [Guid] 186153716 [EditorId] 186153716 [Version] 1048832 [Id] WindowsEditor(7,Pipa) [Debug] 1 [PackageName] WindowsEditor [ProjectName] Editor" joined alternative multi-casting on [225.0.0.222:34997]...

[Physics::Module] Initialized MultithreadedJobDispatcher with {0} workers.
Refreshing native plugins compatible for Editor in 101.83 ms, found 4 plugins.
Preloading 0 native plugins for Editor in 0.00 ms.
Initialize engine version: 2021.3.30f1 (b4360d7cdac4)
[Subsystems] Discovering subsystems at path C:/UnityVersions/2021.3.30f1/Editor/Data/Resources/UnitySubsystems
[Subsystems] Discovering subsystems at path C:/Users/AORUS/Documents/GitHub/Game-with-Girls/ProjectForIdor/Assets
GfxDevice: creating device client; threaded=0; jobified=0
Direct3D:
    Version:  Direct3D 11.0 [level 11.1]
    Renderer: NVIDIA GeForce RTX 3070 Laptop GPU (ID=0x249d)
    Vendor:   NVIDIA
    VRAM:     8020 MB
    Driver:   31.0.15.5152
Initialize mono
Mono path[0] = 'C:/UnityVersions/2021.3.30f1/Editor/Data/Managed'
Mono path[1] = 'C:/UnityVersions/2021.3.30f1/Editor/Data/MonoBleedingEdge/lib/mono/unityjit-win32'
Mono config path = 'C:/UnityVersions/2021.3.30f1/Editor/Data/MonoBleedingEdge/etc'
Using monoOptions --debugger-agent=transport=dt_socket,embedding=1,server=y,suspend=n,address=127.0.0.1:56192
Begin MonoManager ReloadAssembly
Registering precompiled unity dll's ...
Register platform support module: C:/UnityVersions/2021.3.30f1/Editor/Data/PlaybackEngines/WebGLSupport/UnityEditor.WebGL.Extensions.dll
Register platform support module: C:/UnityVersions/2021.3.30f1/Editor/Data/PlaybackEngines/AndroidPlayer/UnityEditor.Android.Extensions.dll
Register platform support module: C:/UnityVersions/2021.3.30f1/Editor/Data/PlaybackEngines/iOSSupport/UnityEditor.iOS.Extensions.dll
Register platform support module: C:/UnityVersions/2021.3.30f1/Editor/Data/PlaybackEngines/WindowsStandaloneSupport/UnityEditor.WindowsStandalone.Extensions.dll
Registered in 0.004727 seconds.
Native extension for WindowsStandalone target not found
[usbmuxd] Start listen thread
[usbmuxd] Listen thread started
Native extension for iOS target not found
Native extension for Android target not found
Multiple ADB server instances found, the following ADB server instance have been terminated due to being run from another SDK. Process paths: 
C:\Program Files (x86)\Android\android-sdk\platform-tools\adb.exe
UnityEngine.StackTraceUtility:ExtractStackTrace ()
UnityEngine.DebugLogHandler:LogFormat (UnityEngine.LogType,UnityEngine.Object,string,object[])
UnityEngine.Logger:Log (UnityEngine.LogType,object)
UnityEngine.Debug:Log (object)
UnityEditor.Android.AndroidDeploymentTargetsExtension:GetKnownTargets (UnityEditor.DeploymentTargets.IDeploymentTargetsMainThreadContext,UnityEditor.ProgressHandler)
UnityEditor.Android.TargetScanWorker:ScanSync ()
UnityEditor.Android.TargetExtension:OnUsbDevicesChanged (UnityEditor.Hardware.UsbDevice[])
UnityEditor.Android.TargetExtension:OnLoad ()
UnityEditor.Modules.ModuleManager:InitializePlatformSupportModules ()

Android Extension - Scanning For ADB Devices 2272 ms
Native extension for WebGL target not found
Refreshing native plugins compatible for Editor in 105.06 ms, found 4 plugins.
Preloading 0 native plugins for Editor in 0.00 ms.
Mono: successfully reloaded assembly
- Completed reload, in  2.906 seconds
Domain Reload Profiling:
	ReloadAssembly (2906ms)
		BeginReloadAssembly (83ms)
			ExecutionOrderSort (0ms)
			DisableScriptedObjects (0ms)
			BackupInstance (0ms)
			ReleaseScriptingObjects (0ms)
			CreateAndSetChildDomain (1ms)
		EndReloadAssembly (2742ms)
			LoadAssemblies (82ms)
			RebuildTransferFunctionScriptingTraits (0ms)
			SetupTypeCache (95ms)
			ReleaseScriptCaches (0ms)
			RebuildScriptCaches (28ms)
			SetupLoadedEditorAssemblies (2583ms)
				LogAssemblyErrors (0ms)
				InitializePlatformSupportModulesInManaged (2359ms)
				SetLoadedEditorAssemblies (0ms)
				RefreshPlugins (105ms)
				BeforeProcessingInitializeOnLoad (1ms)
				ProcessInitializeOnLoadAttributes (74ms)
				ProcessInitializeOnLoadMethodAttributes (43ms)
				AfterProcessingInitializeOnLoad (0ms)
				EditorAssembliesLoaded (0ms)
			ExecutionOrderSort2 (0ms)
			AwakeInstancesAfterBackupRestoration (0ms)
Platform modules already initialized, skipping
Registering precompiled user dll's ...
Registered in 0.005029 seconds.
Begin MonoManager ReloadAssembly
Native extension for WindowsStandalone target not found
Native extension for iOS target not found
Native extension for Android target not found
Native extension for WebGL target not found
Refreshing native plugins compatible for Editor in 105.55 ms, found 4 plugins.
Preloading 0 native plugins for Editor in 0.00 ms.
Package Manager log level set to [2]
[Package Manager] Server::EnsureServerProcessIsRunning -- launch failed, reason: Unity was launched with the -noUpm command-line argument
[Package Manager] Cannot connect to Unity Package Manager local server
Mono: successfully reloaded assembly
- Completed reload, in  1.727 seconds
Domain Reload Profiling:
	ReloadAssembly (1728ms)
		BeginReloadAssembly (115ms)
			ExecutionOrderSort (0ms)
			DisableScriptedObjects (8ms)
			BackupInstance (0ms)
			ReleaseScriptingObjects (0ms)
			CreateAndSetChildDomain (20ms)
		EndReloadAssembly (1526ms)
			LoadAssemblies (92ms)
			RebuildTransferFunctionScriptingTraits (0ms)
			SetupTypeCache (252ms)
			ReleaseScriptCaches (1ms)
			RebuildScriptCaches (64ms)
			SetupLoadedEditorAssemblies (1093ms)
				LogAssemblyErrors (0ms)
				InitializePlatformSupportModulesInManaged (25ms)
				SetLoadedEditorAssemblies (0ms)
				RefreshPlugins (106ms)
				BeforeProcessingInitializeOnLoad (120ms)
				ProcessInitializeOnLoadAttributes (773ms)
				ProcessInitializeOnLoadMethodAttributes (66ms)
				AfterProcessingInitializeOnLoad (4ms)
				EditorAssembliesLoaded (0ms)
			ExecutionOrderSort2 (0ms)
			AwakeInstancesAfterBackupRestoration (4ms)
Platform modules already initialized, skipping
========================================================================
Worker process is ready to serve import requests
Launched and connected shader compiler UnityShaderCompiler.exe after 0.03 seconds
Refreshing native plugins compatible for Editor in 0.86 ms, found 4 plugins.
Preloading 0 native plugins for Editor in 0.00 ms.
Unloading 5787 Unused Serialized files (Serialized files now loaded: 0)
Unloading 40 unused Assets / (0.7 MB). Loaded Objects now: 6248.
Memory consumption went from 226.1 MB to 225.4 MB.
Total: 3.717300 ms (FindLiveObjects: 0.405500 ms CreateObjectMapping: 0.223800 ms MarkObjects: 2.812100 ms  DeleteObjects: 0.274500 ms)

AssetImportParameters requested are different than current active one (requested -> active):
  custom:video-decoder-ogg-theora: a1e56fd34408186e4bbccfd4996cb3dc -> 
  custom:container-muxer-webm: aa71ff27fc2769a1b78a27578f13a17b -> 
  custom:container-demuxer-webm: 4f35f7cbe854078d1ac9338744f61a02 -> 
  custom:video-encoder-webm-vp8: eb34c28f22e8b96e1ab97ce403110664 -> 
  custom:video-codec-MediaFoundation-h265: 746d11721c4dcdbdad8f713fa42b33f4 -> 
  custom:CustomObjectIndexerAttribute: 6b0e35c9178b02a6363f3721b7b8e397 -> 
  custom:audio-encoder-webm-vorbis: bf7c407c2cedff20999df2af8eb42d56 -> 
  custom:framework-win-MediaFoundation: 216162199b28c13a410421893ffa2e32 -> 
  custom:SearchIndexIgnoredProperties: e643bd26f0fe6173181afceb89e7c659 -> 
  custom:container-demuxer-ogg: 62fdf1f143b41e24485cea50d1cbac27 -> 
  custom:video-decoder-webm-vp8: 9c59270c3fd7afecdb556c50c9e8de78 -> 
  custom:audio-decoder-ogg-vorbis: bf7c407c2cedff20999df2af8eb42d56 -> 
========================================================================
Received Import Request.
  Time since last request: 35235.440541 seconds.
  path: Assets/Prefabs/GirlPage/GirlPageForInstantiation 1.prefab
  artifactKey: Guid(9d331f52a3d155c4b9d05fd6263cc6f3) Importer(815301076,1909f56bfc062723c751e8b465ee728b)
Number of updated assets reloaded before import = 0
Start importing Assets/Prefabs/GirlPage/GirlPageForInstantiation 1.prefab using Guid(9d331f52a3d155c4b9d05fd6263cc6f3) Importer(815301076,1909f56bfc062723c751e8b465ee728b)  -> (artifact id: 'a75b299dbceeabb471eb4513cceea153') in 0.140344 seconds 
Number of asset objects unloaded after import = 361
========================================================================
Received Import Request.
  Time since last request: 13.727639 seconds.
  path: Assets/Prefabs/GirlPage/GirlPageForInstantiation 1.prefab
  artifactKey: Guid(9d331f52a3d155c4b9d05fd6263cc6f3) Importer(815301076,1909f56bfc062723c751e8b465ee728b)
Number of updated assets reloaded before import = 0
Start importing Assets/Prefabs/GirlPage/GirlPageForInstantiation 1.prefab using Guid(9d331f52a3d155c4b9d05fd6263cc6f3) Importer(815301076,1909f56bfc062723c751e8b465ee728b)  -> (artifact id: '2ca740aef62057152413fe90781a53d7') in 0.048836 seconds 
Number of asset objects unloaded after import = 361
========================================================================
Received Import Request.
  Time since last request: 45.515996 seconds.
  path: Assets/Prefabs/GirlPage/GirlPageForInstantiation 1.prefab
  artifactKey: Guid(9d331f52a3d155c4b9d05fd6263cc6f3) Importer(815301076,1909f56bfc062723c751e8b465ee728b)
Number of updated assets reloaded before import = 0
Start importing Assets/Prefabs/GirlPage/GirlPageForInstantiation 1.prefab using Guid(9d331f52a3d155c4b9d05fd6263cc6f3) Importer(815301076,1909f56bfc062723c751e8b465ee728b)  -> (artifact id: 'fad9dbcebdc94a8a7096cffd337bae05') in 0.043197 seconds 
Number of asset objects unloaded after import = 361
========================================================================
Received Import Request.
  Time since last request: 0.000018 seconds.
  path: Assets/Prefabs/GirlPage/GirlPageForInstantiation.prefab
  artifactKey: Guid(76355dbf6fa52ea46963d5c37b07eab6) Importer(815301076,1909f56bfc062723c751e8b465ee728b)
Number of updated assets reloaded before import = 0
Start importing Assets/Prefabs/GirlPage/GirlPageForInstantiation.prefab using Guid(76355dbf6fa52ea46963d5c37b07eab6) Importer(815301076,1909f56bfc062723c751e8b465ee728b)  -> (artifact id: '9b5966a91cfdffdc583c81a340742798') in 0.038804 seconds 
Number of asset objects unloaded after import = 361
========================================================================
Received Import Request.
  Time since last request: 0.655796 seconds.
  path: Assets/Prefabs/GirlPage/GirlPageForInstantiation 1.prefab
  artifactKey: Guid(9d331f52a3d155c4b9d05fd6263cc6f3) Importer(815301076,1909f56bfc062723c751e8b465ee728b)
Number of updated assets reloaded before import = 0
Start importing Assets/Prefabs/GirlPage/GirlPageForInstantiation 1.prefab using Guid(9d331f52a3d155c4b9d05fd6263cc6f3) Importer(815301076,1909f56bfc062723c751e8b465ee728b)  -> (artifact id: '86990631d13daa2e437075d7e4528d32') in 0.052627 seconds 
Number of asset objects unloaded after import = 361
========================================================================
Received Import Request.
  Time since last request: 0.000021 seconds.
  path: Assets/Prefabs/GirlPage/GirlPageForInstantiation Variant.prefab
  artifactKey: Guid(4d181541946bf6a4bba54d7a09290ee0) Importer(815301076,1909f56bfc062723c751e8b465ee728b)
Number of updated assets reloaded before import = 0
Start importing Assets/Prefabs/GirlPage/GirlPageForInstantiation Variant.prefab using Guid(4d181541946bf6a4bba54d7a09290ee0) Importer(815301076,1909f56bfc062723c751e8b465ee728b)  -> (artifact id: '1d855716dcaec19cb70d5fb439180ec2') in 0.060379 seconds 
Number of asset objects unloaded after import = 676
========================================================================
Received Import Request.
  Time since last request: 0.406290 seconds.
  path: Assets/Prefabs/GirlPage/GirlPageForInstantiation 1.prefab
  artifactKey: Guid(9d331f52a3d155c4b9d05fd6263cc6f3) Importer(815301076,1909f56bfc062723c751e8b465ee728b)
Number of updated assets reloaded before import = 0
Start importing Assets/Prefabs/GirlPage/GirlPageForInstantiation 1.prefab using Guid(9d331f52a3d155c4b9d05fd6263cc6f3) Importer(815301076,1909f56bfc062723c751e8b465ee728b)  -> (artifact id: '0e9fc5e3e132d80a524308b780108d21') in 0.046064 seconds 
Number of asset objects unloaded after import = 361
========================================================================
Received Import Request.
  Time since last request: 0.000023 seconds.
  path: Assets/Prefabs/GirlPage/GirlPageForInstantiation Variant.prefab
  artifactKey: Guid(4d181541946bf6a4bba54d7a09290ee0) Importer(815301076,1909f56bfc062723c751e8b465ee728b)
Number of updated assets reloaded before import = 0
Start importing Assets/Prefabs/GirlPage/GirlPageForInstantiation Variant.prefab using Guid(4d181541946bf6a4bba54d7a09290ee0) Importer(815301076,1909f56bfc062723c751e8b465ee728b)  -> (artifact id: '17fbd9b6078b188d461058044447e24b') in 0.047742 seconds 
Number of asset objects unloaded after import = 676
========================================================================
Received Import Request.
  Time since last request: 1.066744 seconds.
  path: Assets/Prefabs/GirlPage/GirlPageForInstantiation 1.prefab
  artifactKey: Guid(9d331f52a3d155c4b9d05fd6263cc6f3) Importer(815301076,1909f56bfc062723c751e8b465ee728b)
Number of updated assets reloaded before import = 0
Start importing Assets/Prefabs/GirlPage/GirlPageForInstantiation 1.prefab using Guid(9d331f52a3d155c4b9d05fd6263cc6f3) Importer(815301076,1909f56bfc062723c751e8b465ee728b)  -> (artifact id: '1b8c341559e6c6f40eeca79d07f9ab85') in 0.042761 seconds 
Number of asset objects unloaded after import = 361
========================================================================
Received Import Request.
  Time since last request: 0.000021 seconds.
  path: Assets/Prefabs/GirlPage/GirlPageForInstantiation Variant.prefab
  artifactKey: Guid(4d181541946bf6a4bba54d7a09290ee0) Importer(815301076,1909f56bfc062723c751e8b465ee728b)
Number of updated assets reloaded before import = 0
Start importing Assets/Prefabs/GirlPage/GirlPageForInstantiation Variant.prefab using Guid(4d181541946bf6a4bba54d7a09290ee0) Importer(815301076,1909f56bfc062723c751e8b465ee728b)  -> (artifact id: 'f00a026a7e2b26af6a10755bf17dc5a2') in 0.048237 seconds 
Number of asset objects unloaded after import = 676
========================================================================
Received Import Request.
  Time since last request: 8.913706 seconds.
  path: Assets/Prefabs/GirlPage/GirlPageForInstantiation 1.prefab
  artifactKey: Guid(9d331f52a3d155c4b9d05fd6263cc6f3) Importer(815301076,1909f56bfc062723c751e8b465ee728b)
Number of updated assets reloaded before import = 0
Start importing Assets/Prefabs/GirlPage/GirlPageForInstantiation 1.prefab using Guid(9d331f52a3d155c4b9d05fd6263cc6f3) Importer(815301076,1909f56bfc062723c751e8b465ee728b)  -> (artifact id: '5f4df4393d7465cd7ca1c5f581b42ada') in 0.042964 seconds 
Number of asset objects unloaded after import = 361
========================================================================
Received Import Request.
  Time since last request: 0.000023 seconds.
  path: Assets/Prefabs/GirlPage/GirlPageForInstantiation Variant.prefab
  artifactKey: Guid(4d181541946bf6a4bba54d7a09290ee0) Importer(815301076,1909f56bfc062723c751e8b465ee728b)
Number of updated assets reloaded before import = 0
Start importing Assets/Prefabs/GirlPage/GirlPageForInstantiation Variant.prefab using Guid(4d181541946bf6a4bba54d7a09290ee0) Importer(815301076,1909f56bfc062723c751e8b465ee728b)  -> (artifact id: '8a84edae404ff76cf32f4342da4eb0fc') in 0.050273 seconds 
Number of asset objects unloaded after import = 676
========================================================================
Received Import Request.
  Time since last request: 3.040493 seconds.
  path: Assets/Prefabs/GirlPage/GirlPageForInstantiation 1.prefab
  artifactKey: Guid(9d331f52a3d155c4b9d05fd6263cc6f3) Importer(815301076,1909f56bfc062723c751e8b465ee728b)
Number of updated assets reloaded before import = 0
Start importing Assets/Prefabs/GirlPage/GirlPageForInstantiation 1.prefab using Guid(9d331f52a3d155c4b9d05fd6263cc6f3) Importer(815301076,1909f56bfc062723c751e8b465ee728b)  -> (artifact id: 'd7383244cc53615a66b617f2f0ec55a8') in 0.045106 seconds 
Number of asset objects unloaded after import = 361
========================================================================
Received Import Request.
  Time since last request: 1.891617 seconds.
  path: Assets/Prefabs/GirlPage/GirlPageForInstantiation 1.prefab
  artifactKey: Guid(9d331f52a3d155c4b9d05fd6263cc6f3) Importer(815301076,1909f56bfc062723c751e8b465ee728b)
Number of updated assets reloaded before import = 0
Start importing Assets/Prefabs/GirlPage/GirlPageForInstantiation 1.prefab using Guid(9d331f52a3d155c4b9d05fd6263cc6f3) Importer(815301076,1909f56bfc062723c751e8b465ee728b)  -> (artifact id: 'e614abf0700e21f3aea6fff6d9c4bdbc') in 0.044732 seconds 
Number of asset objects unloaded after import = 361
========================================================================
Received Import Request.
  Time since last request: 0.000019 seconds.
  path: Assets/Prefabs/GirlPage/GirlPageForInstantiation.prefab
  artifactKey: Guid(76355dbf6fa52ea46963d5c37b07eab6) Importer(815301076,1909f56bfc062723c751e8b465ee728b)
Number of updated assets reloaded before import = 0
Start importing Assets/Prefabs/GirlPage/GirlPageForInstantiation.prefab using Guid(76355dbf6fa52ea46963d5c37b07eab6) Importer(815301076,1909f56bfc062723c751e8b465ee728b)  -> (artifact id: '11e9a7e64e0d981bce6d6ec16d16f1b7') in 0.041301 seconds 
Number of asset objects unloaded after import = 361
========================================================================
Received Import Request.
  Time since last request: 13.036259 seconds.
  path: Assets/Prefabs/GirlPage/GirlPageForInstantiation 1.prefab
  artifactKey: Guid(9d331f52a3d155c4b9d05fd6263cc6f3) Importer(815301076,1909f56bfc062723c751e8b465ee728b)
Number of updated assets reloaded before import = 0
Start importing Assets/Prefabs/GirlPage/GirlPageForInstantiation 1.prefab using Guid(9d331f52a3d155c4b9d05fd6263cc6f3) Importer(815301076,1909f56bfc062723c751e8b465ee728b)  -> (artifact id: 'c6d8f12a5545f9b1d1b608d7eb736e8f') in 0.045280 seconds 
Number of asset objects unloaded after import = 361
========================================================================
Received Import Request.
  Time since last request: 0.000022 seconds.
  path: Assets/Prefabs/GirlPage/GirlPageForInstantiation Variant.prefab
  artifactKey: Guid(4d181541946bf6a4bba54d7a09290ee0) Importer(815301076,1909f56bfc062723c751e8b465ee728b)
Number of updated assets reloaded before import = 0
Start importing Assets/Prefabs/GirlPage/GirlPageForInstantiation Variant.prefab using Guid(4d181541946bf6a4bba54d7a09290ee0) Importer(815301076,1909f56bfc062723c751e8b465ee728b)  -> (artifact id: 'c5a0201b8b77de7738408cf961d06eaf') in 0.047079 seconds 
Number of asset objects unloaded after import = 676
========================================================================
Received Import Request.
  Time since last request: 35.424318 seconds.
  path: Assets/Prefabs/GirlPage/GirlPageForInstantiation 1.prefab
  artifactKey: Guid(9d331f52a3d155c4b9d05fd6263cc6f3) Importer(815301076,1909f56bfc062723c751e8b465ee728b)
Number of updated assets reloaded before import = 0
Start importing Assets/Prefabs/GirlPage/GirlPageForInstantiation 1.prefab using Guid(9d331f52a3d155c4b9d05fd6263cc6f3) Importer(815301076,1909f56bfc062723c751e8b465ee728b)  -> (artifact id: 'c4d00a8ae9034dcc013fa616e327aad6') in 0.043932 seconds 
Number of asset objects unloaded after import = 361
========================================================================
Received Import Request.
  Time since last request: 0.000016 seconds.
  path: Assets/Prefabs/GirlPage/GirlPageForInstantiation.prefab
  artifactKey: Guid(76355dbf6fa52ea46963d5c37b07eab6) Importer(815301076,1909f56bfc062723c751e8b465ee728b)
Number of updated assets reloaded before import = 0
Start importing Assets/Prefabs/GirlPage/GirlPageForInstantiation.prefab using Guid(76355dbf6fa52ea46963d5c37b07eab6) Importer(815301076,1909f56bfc062723c751e8b465ee728b)  -> (artifact id: '70927d690ef7b4c7d331a3f25d8ea22c') in 0.038814 seconds 
Number of asset objects unloaded after import = 361
========================================================================
Received Import Request.
  Time since last request: 3.075107 seconds.
  path: Assets/Prefabs/GirlPage/GirlPageForInstantiation 1.prefab
  artifactKey: Guid(9d331f52a3d155c4b9d05fd6263cc6f3) Importer(815301076,1909f56bfc062723c751e8b465ee728b)
Number of updated assets reloaded before import = 0
Start importing Assets/Prefabs/GirlPage/GirlPageForInstantiation 1.prefab using Guid(9d331f52a3d155c4b9d05fd6263cc6f3) Importer(815301076,1909f56bfc062723c751e8b465ee728b)  -> (artifact id: 'bad635390f745376240996d5be2eae96') in 0.044641 seconds 
Number of asset objects unloaded after import = 361
========================================================================
Received Import Request.
  Time since last request: 1.102616 seconds.
  path: Assets/Prefabs/GirlPage/GirlPageForInstantiation 1.prefab
  artifactKey: Guid(9d331f52a3d155c4b9d05fd6263cc6f3) Importer(815301076,1909f56bfc062723c751e8b465ee728b)
Number of updated assets reloaded before import = 0
Start importing Assets/Prefabs/GirlPage/GirlPageForInstantiation 1.prefab using Guid(9d331f52a3d155c4b9d05fd6263cc6f3) Importer(815301076,1909f56bfc062723c751e8b465ee728b)  -> (artifact id: 'b2b219e24b79fc0ece0d3dfad37fbb78') in 0.040391 seconds 
Number of asset objects unloaded after import = 361
========================================================================
Received Import Request.
  Time since last request: 0.000020 seconds.
  path: Assets/Prefabs/GirlPage/GirlPageForInstantiation Variant.prefab
  artifactKey: Guid(4d181541946bf6a4bba54d7a09290ee0) Importer(815301076,1909f56bfc062723c751e8b465ee728b)
Number of updated assets reloaded before import = 0
Start importing Assets/Prefabs/GirlPage/GirlPageForInstantiation Variant.prefab using Guid(4d181541946bf6a4bba54d7a09290ee0) Importer(815301076,1909f56bfc062723c751e8b465ee728b)  -> (artifact id: '435160198de2208ba956b658159ec094') in 0.044533 seconds 
Number of asset objects unloaded after import = 676
========================================================================
Received Import Request.
  Time since last request: 7.982697 seconds.
  path: Assets/Prefabs/GirlPage/GirlPageForInstantiation 1.prefab
  artifactKey: Guid(9d331f52a3d155c4b9d05fd6263cc6f3) Importer(815301076,1909f56bfc062723c751e8b465ee728b)
Number of updated assets reloaded before import = 0
Start importing Assets/Prefabs/GirlPage/GirlPageForInstantiation 1.prefab using Guid(9d331f52a3d155c4b9d05fd6263cc6f3) Importer(815301076,1909f56bfc062723c751e8b465ee728b)  -> (artifact id: '14120f09daa8cc10c083b6b7c8258192') in 0.040942 seconds 
Number of asset objects unloaded after import = 361
========================================================================
Received Import Request.
  Time since last request: 0.000032 seconds.
  path: Assets/Prefabs/GirlPage/GirlPageForInstantiation.prefab
  artifactKey: Guid(76355dbf6fa52ea46963d5c37b07eab6) Importer(815301076,1909f56bfc062723c751e8b465ee728b)
Number of updated assets reloaded before import = 0
Start importing Assets/Prefabs/GirlPage/GirlPageForInstantiation.prefab using Guid(76355dbf6fa52ea46963d5c37b07eab6) Importer(815301076,1909f56bfc062723c751e8b465ee728b)  -> (artifact id: '077ca8e57bab7e89a84dae5216524fdc') in 0.042342 seconds 
Number of asset objects unloaded after import = 361
========================================================================
Received Import Request.
  Time since last request: 14.392933 seconds.
  path: Assets/Prefabs/GirlPage/GirlPageForInstantiation 1.prefab
  artifactKey: Guid(9d331f52a3d155c4b9d05fd6263cc6f3) Importer(815301076,1909f56bfc062723c751e8b465ee728b)
Number of updated assets reloaded before import = 0
Start importing Assets/Prefabs/GirlPage/GirlPageForInstantiation 1.prefab using Guid(9d331f52a3d155c4b9d05fd6263cc6f3) Importer(815301076,1909f56bfc062723c751e8b465ee728b)  -> (artifact id: '8c07c90a704317f1201c3620329b80f1') in 0.047306 seconds 
Number of asset objects unloaded after import = 361
========================================================================
Received Import Request.
  Time since last request: 0.000017 seconds.
  path: Assets/Prefabs/GirlPage/GirlPageForInstantiation.prefab
  artifactKey: Guid(76355dbf6fa52ea46963d5c37b07eab6) Importer(815301076,1909f56bfc062723c751e8b465ee728b)
Number of updated assets reloaded before import = 0
Start importing Assets/Prefabs/GirlPage/GirlPageForInstantiation.prefab using Guid(76355dbf6fa52ea46963d5c37b07eab6) Importer(815301076,1909f56bfc062723c751e8b465ee728b)  -> (artifact id: '87bff59a97e506b1b44fba8ec67b9660') in 0.041489 seconds 
Number of asset objects unloaded after import = 361
========================================================================
Received Import Request.
  Time since last request: 0.435806 seconds.
  path: Assets/Prefabs/GirlPage/GirlPageForInstantiation 1.prefab
  artifactKey: Guid(9d331f52a3d155c4b9d05fd6263cc6f3) Importer(815301076,1909f56bfc062723c751e8b465ee728b)
Number of updated assets reloaded before import = 0
Start importing Assets/Prefabs/GirlPage/GirlPageForInstantiation 1.prefab using Guid(9d331f52a3d155c4b9d05fd6263cc6f3) Importer(815301076,1909f56bfc062723c751e8b465ee728b)  -> (artifact id: '2eb3bd9a5188d1b511196c2398501183') in 0.042831 seconds 
Number of asset objects unloaded after import = 361
========================================================================
Received Import Request.
  Time since last request: 8.585382 seconds.
  path: Assets/Prefabs/GirlPage/GirlPageForInstantiation 1.prefab
  artifactKey: Guid(9d331f52a3d155c4b9d05fd6263cc6f3) Importer(815301076,1909f56bfc062723c751e8b465ee728b)
Number of updated assets reloaded before import = 0
Start importing Assets/Prefabs/GirlPage/GirlPageForInstantiation 1.prefab using Guid(9d331f52a3d155c4b9d05fd6263cc6f3) Importer(815301076,1909f56bfc062723c751e8b465ee728b)  -> (artifact id: '090666a537460d2dfb5d2f4e2107efd8') in 0.046525 seconds 
Number of asset objects unloaded after import = 361
========================================================================
Received Import Request.
  Time since last request: 3.740232 seconds.
  path: Assets/Prefabs/GirlPage/GirlPageForInstantiation 1.prefab
  artifactKey: Guid(9d331f52a3d155c4b9d05fd6263cc6f3) Importer(815301076,1909f56bfc062723c751e8b465ee728b)
Number of updated assets reloaded before import = 0
Start importing Assets/Prefabs/GirlPage/GirlPageForInstantiation 1.prefab using Guid(9d331f52a3d155c4b9d05fd6263cc6f3) Importer(815301076,1909f56bfc062723c751e8b465ee728b)  -> (artifact id: '549b70984a91e9cdc7cec8a6056ca29f') in 0.042414 seconds 
Number of asset objects unloaded after import = 361
========================================================================
Received Import Request.
  Time since last request: 0.000017 seconds.
  path: Assets/Prefabs/GirlPage/GirlPageForInstantiation.prefab
  artifactKey: Guid(76355dbf6fa52ea46963d5c37b07eab6) Importer(815301076,1909f56bfc062723c751e8b465ee728b)
Number of updated assets reloaded before import = 0
Start importing Assets/Prefabs/GirlPage/GirlPageForInstantiation.prefab using Guid(76355dbf6fa52ea46963d5c37b07eab6) Importer(815301076,1909f56bfc062723c751e8b465ee728b)  -> (artifact id: 'b27a8a733d31daf7e2a250813bb7c11a') in 0.041385 seconds 
Number of asset objects unloaded after import = 361
========================================================================
Received Import Request.
  Time since last request: 2.468432 seconds.
  path: Assets/Prefabs/GirlPage/GirlPageForInstantiation 1.prefab
  artifactKey: Guid(9d331f52a3d155c4b9d05fd6263cc6f3) Importer(815301076,1909f56bfc062723c751e8b465ee728b)
Number of updated assets reloaded before import = 0
Start importing Assets/Prefabs/GirlPage/GirlPageForInstantiation 1.prefab using Guid(9d331f52a3d155c4b9d05fd6263cc6f3) Importer(815301076,1909f56bfc062723c751e8b465ee728b)  -> (artifact id: 'b46460f4d714a24219a4184dbe0a6ae5') in 0.044021 seconds 
Number of asset objects unloaded after import = 361
========================================================================
Received Import Request.
  Time since last request: 0.000016 seconds.
  path: Assets/Prefabs/GirlPage/GirlPageForInstantiation.prefab
  artifactKey: Guid(76355dbf6fa52ea46963d5c37b07eab6) Importer(815301076,1909f56bfc062723c751e8b465ee728b)
Number of updated assets reloaded before import = 0
Start importing Assets/Prefabs/GirlPage/GirlPageForInstantiation.prefab using Guid(76355dbf6fa52ea46963d5c37b07eab6) Importer(815301076,1909f56bfc062723c751e8b465ee728b)  -> (artifact id: '6483098fb6b97c23374380199f207c84') in 0.037810 seconds 
Number of asset objects unloaded after import = 361
========================================================================
Received Import Request.
  Time since last request: 2.266520 seconds.
  path: Assets/Prefabs/GirlPage/GirlPageForInstantiation 1.prefab
  artifactKey: Guid(9d331f52a3d155c4b9d05fd6263cc6f3) Importer(815301076,1909f56bfc062723c751e8b465ee728b)
Number of updated assets reloaded before import = 0
Start importing Assets/Prefabs/GirlPage/GirlPageForInstantiation 1.prefab using Guid(9d331f52a3d155c4b9d05fd6263cc6f3) Importer(815301076,1909f56bfc062723c751e8b465ee728b)  -> (artifact id: '7bdcc39a5ae1194b8c396600d055693c') in 0.041163 seconds 
Number of asset objects unloaded after import = 361
========================================================================
Received Import Request.
  Time since last request: 0.000014 seconds.
  path: Assets/Prefabs/GirlPage/GirlPageForInstantiation.prefab
  artifactKey: Guid(76355dbf6fa52ea46963d5c37b07eab6) Importer(815301076,1909f56bfc062723c751e8b465ee728b)
Number of updated assets reloaded before import = 0
Start importing Assets/Prefabs/GirlPage/GirlPageForInstantiation.prefab using Guid(76355dbf6fa52ea46963d5c37b07eab6) Importer(815301076,1909f56bfc062723c751e8b465ee728b)  -> (artifact id: 'b3c9e423ae9bb1e8573ff040918606fd') in 0.042525 seconds 
Number of asset objects unloaded after import = 361
========================================================================
Received Import Request.
  Time since last request: 19.933008 seconds.
  path: Assets/Prefabs/GirlPage/GirlPageForInstantiation 1.prefab
  artifactKey: Guid(9d331f52a3d155c4b9d05fd6263cc6f3) Importer(815301076,1909f56bfc062723c751e8b465ee728b)
Number of updated assets reloaded before import = 0
Start importing Assets/Prefabs/GirlPage/GirlPageForInstantiation 1.prefab using Guid(9d331f52a3d155c4b9d05fd6263cc6f3) Importer(815301076,1909f56bfc062723c751e8b465ee728b)  -> (artifact id: '8b3553f93f67b71c5b50b7b84afb39e3') in 0.044486 seconds 
Number of asset objects unloaded after import = 361
========================================================================
Received Import Request.
  Time since last request: 0.000016 seconds.
  path: Assets/Prefabs/GirlPage/GirlPageForInstantiation.prefab
  artifactKey: Guid(76355dbf6fa52ea46963d5c37b07eab6) Importer(815301076,1909f56bfc062723c751e8b465ee728b)
Number of updated assets reloaded before import = 0
Start importing Assets/Prefabs/GirlPage/GirlPageForInstantiation.prefab using Guid(76355dbf6fa52ea46963d5c37b07eab6) Importer(815301076,1909f56bfc062723c751e8b465ee728b)  -> (artifact id: '6f353493200224411cce4b7067c66bab') in 0.040102 seconds 
Number of asset objects unloaded after import = 361
========================================================================
Received Import Request.
  Time since last request: 3.460748 seconds.
  path: Assets/Prefabs/GirlPage/GirlPageForInstantiation 1.prefab
  artifactKey: Guid(9d331f52a3d155c4b9d05fd6263cc6f3) Importer(815301076,1909f56bfc062723c751e8b465ee728b)
Number of updated assets reloaded before import = 0
Start importing Assets/Prefabs/GirlPage/GirlPageForInstantiation 1.prefab using Guid(9d331f52a3d155c4b9d05fd6263cc6f3) Importer(815301076,1909f56bfc062723c751e8b465ee728b)  -> (artifact id: '4adeb6a47d665ce3b5ad2ef2464fb2da') in 0.040741 seconds 
Number of asset objects unloaded after import = 361
========================================================================
Received Import Request.
  Time since last request: 0.000021 seconds.
  path: Assets/Prefabs/GirlPage/GirlPageForInstantiation Variant.prefab
  artifactKey: Guid(4d181541946bf6a4bba54d7a09290ee0) Importer(815301076,1909f56bfc062723c751e8b465ee728b)
Number of updated assets reloaded before import = 0
Start importing Assets/Prefabs/GirlPage/GirlPageForInstantiation Variant.prefab using Guid(4d181541946bf6a4bba54d7a09290ee0) Importer(815301076,1909f56bfc062723c751e8b465ee728b)  -> (artifact id: '471f95a2361d0065294ee2563e837d15') in 0.046291 seconds 
Number of asset objects unloaded after import = 676
========================================================================
Received Import Request.
  Time since last request: 0.833872 seconds.
  path: Assets/Prefabs/GirlPage/GirlPageForInstantiation 1.prefab
  artifactKey: Guid(9d331f52a3d155c4b9d05fd6263cc6f3) Importer(815301076,1909f56bfc062723c751e8b465ee728b)
Number of updated assets reloaded before import = 0
Start importing Assets/Prefabs/GirlPage/GirlPageForInstantiation 1.prefab using Guid(9d331f52a3d155c4b9d05fd6263cc6f3) Importer(815301076,1909f56bfc062723c751e8b465ee728b)  -> (artifact id: 'e0c330a42ebdf7abab4bca0c3f7f9aba') in 0.043744 seconds 
Number of asset objects unloaded after import = 361
========================================================================
Received Import Request.
  Time since last request: 6.918061 seconds.
  path: Assets/Prefabs/GirlPage/GirlPageForInstantiation 1.prefab
  artifactKey: Guid(9d331f52a3d155c4b9d05fd6263cc6f3) Importer(815301076,1909f56bfc062723c751e8b465ee728b)
Number of updated assets reloaded before import = 0
Start importing Assets/Prefabs/GirlPage/GirlPageForInstantiation 1.prefab using Guid(9d331f52a3d155c4b9d05fd6263cc6f3) Importer(815301076,1909f56bfc062723c751e8b465ee728b)  -> (artifact id: '7ed6eda52fd287ef0f1502c72183f38c') in 0.041301 seconds 
Number of asset objects unloaded after import = 361
Editor requested this worker to shutdown with reason: Scaling down because of idle timeout
AssetImportWorker is now disconnected from the server
Process exiting
Exiting without the bug reporter. Application will terminate with return code 0