Using pre-set license
Built from '2021.3/staging' branch; Version is '2021.3.30f1 (b4360d7cdac4) revision 11810317'; Using compiler version '192829333'; Build Type 'Release'
OS: 'Windows 11  (10.0.22631) 64bit Professional' Language: 'ru' Physical Memory: 32447 MB
BatchMode: 1, IsHumanControllingUs: 0, StartBugReporterOnCrash: 0, Is64bit: 1, IsPro: 1

COMMAND LINE ARGUMENTS:
C:\UnityVersions\2021.3.30f1\Editor\Unity.exe
-adb2
-batchMode
-noUpm
-name
AssetImportWorker12
-projectPath
C:/Users/AORUS/Documents/GitHub/Game-with-Girls/ProjectForIdor
-logFile
Logs/AssetImportWorker12.log
-srvPort
59683
Successfully changed project path to: C:/Users/AORUS/Documents/GitHub/Game-with-Girls/ProjectForIdor
C:/Users/AORUS/Documents/GitHub/Game-with-Girls/ProjectForIdor
[UnityMemory] Configuration Parameters - Can be set up in boot.config
    "memorysetup-bucket-allocator-granularity=16"
    "memorysetup-bucket-allocator-bucket-count=8"
    "memorysetup-bucket-allocator-block-size=33554432"
    "memorysetup-bucket-allocator-block-count=8"
    "memorysetup-main-allocator-block-size=16777216"
    "memorysetup-thread-allocator-block-size=16777216"
    "memorysetup-gfx-main-allocator-block-size=16777216"
    "memorysetup-gfx-thread-allocator-block-size=16777216"
    "memorysetup-cache-allocator-block-size=4194304"
    "memorysetup-typetree-allocator-block-size=2097152"
    "memorysetup-profiler-bucket-allocator-granularity=16"
    "memorysetup-profiler-bucket-allocator-bucket-count=8"
    "memorysetup-profiler-bucket-allocator-block-size=33554432"
    "memorysetup-profiler-bucket-allocator-block-count=8"
    "memorysetup-profiler-allocator-block-size=16777216"
    "memorysetup-profiler-editor-allocator-block-size=1048576"
    "memorysetup-temp-allocator-size-main=16777216"
    "memorysetup-job-temp-allocator-block-size=2097152"
    "memorysetup-job-temp-allocator-block-size-background=1048576"
    "memorysetup-job-temp-allocator-reduction-small-platforms=262144"
    "memorysetup-temp-allocator-size-background-worker=32768"
    "memorysetup-temp-allocator-size-job-worker=262144"
    "memorysetup-temp-allocator-size-preload-manager=33554432"
    "memorysetup-temp-allocator-size-nav-mesh-worker=65536"
    "memorysetup-temp-allocator-size-audio-worker=65536"
    "memorysetup-temp-allocator-size-cloud-worker=32768"
    "memorysetup-temp-allocator-size-gi-baking-worker=262144"
    "memorysetup-temp-allocator-size-gfx=262144"
Player connection [32608] Host "[IP] 192.168.3.12 [Port] 0 [Flags] 2 [Guid] 4200401001 [EditorId] 4200401001 [Version] 1048832 [Id] WindowsEditor(7,Pipa) [Debug] 1 [PackageName] WindowsEditor [ProjectName] Editor" joined multi-casting on [225.0.0.222:54997]...

Player connection [32608] Host "[IP] 192.168.3.12 [Port] 0 [Flags] 2 [Guid] 4200401001 [EditorId] 4200401001 [Version] 1048832 [Id] WindowsEditor(7,Pipa) [Debug] 1 [PackageName] WindowsEditor [ProjectName] Editor" joined alternative multi-casting on [225.0.0.222:34997]...

[Physics::Module] Initialized MultithreadedJobDispatcher with {0} workers.
Refreshing native plugins compatible for Editor in 100.64 ms, found 4 plugins.
Preloading 0 native plugins for Editor in 0.00 ms.
Initialize engine version: 2021.3.30f1 (b4360d7cdac4)
[Subsystems] Discovering subsystems at path C:/UnityVersions/2021.3.30f1/Editor/Data/Resources/UnitySubsystems
[Subsystems] Discovering subsystems at path C:/Users/AORUS/Documents/GitHub/Game-with-Girls/ProjectForIdor/Assets
GfxDevice: creating device client; threaded=0; jobified=0
Direct3D:
    Version:  Direct3D 11.0 [level 11.1]
    Renderer: NVIDIA GeForce RTX 3070 Laptop GPU (ID=0x249d)
    Vendor:   NVIDIA
    VRAM:     8020 MB
    Driver:   31.0.15.5152
Initialize mono
Mono path[0] = 'C:/UnityVersions/2021.3.30f1/Editor/Data/Managed'
Mono path[1] = 'C:/UnityVersions/2021.3.30f1/Editor/Data/MonoBleedingEdge/lib/mono/unityjit-win32'
Mono config path = 'C:/UnityVersions/2021.3.30f1/Editor/Data/MonoBleedingEdge/etc'
Using monoOptions --debugger-agent=transport=dt_socket,embedding=1,server=y,suspend=n,address=127.0.0.1:56580
Begin MonoManager ReloadAssembly
Registering precompiled unity dll's ...
Register platform support module: C:/UnityVersions/2021.3.30f1/Editor/Data/PlaybackEngines/WebGLSupport/UnityEditor.WebGL.Extensions.dll
Register platform support module: C:/UnityVersions/2021.3.30f1/Editor/Data/PlaybackEngines/AndroidPlayer/UnityEditor.Android.Extensions.dll
Register platform support module: C:/UnityVersions/2021.3.30f1/Editor/Data/PlaybackEngines/iOSSupport/UnityEditor.iOS.Extensions.dll
Register platform support module: C:/UnityVersions/2021.3.30f1/Editor/Data/PlaybackEngines/WindowsStandaloneSupport/UnityEditor.WindowsStandalone.Extensions.dll
Registered in 0.004327 seconds.
Native extension for WindowsStandalone target not found
[usbmuxd] Start listen thread
[usbmuxd] Listen thread started
Native extension for iOS target not found
Native extension for Android target not found
Android Extension - Scanning For ADB Devices 189 ms
Native extension for WebGL target not found
Refreshing native plugins compatible for Editor in 95.61 ms, found 4 plugins.
Preloading 0 native plugins for Editor in 0.00 ms.
Mono: successfully reloaded assembly
- Completed reload, in  0.802 seconds
Domain Reload Profiling:
	ReloadAssembly (802ms)
		BeginReloadAssembly (86ms)
			ExecutionOrderSort (0ms)
			DisableScriptedObjects (0ms)
			BackupInstance (0ms)
			ReleaseScriptingObjects (0ms)
			CreateAndSetChildDomain (1ms)
		EndReloadAssembly (635ms)
			LoadAssemblies (86ms)
			RebuildTransferFunctionScriptingTraits (0ms)
			SetupTypeCache (101ms)
			ReleaseScriptCaches (0ms)
			RebuildScriptCaches (31ms)
			SetupLoadedEditorAssemblies (468ms)
				LogAssemblyErrors (0ms)
				InitializePlatformSupportModulesInManaged (268ms)
				SetLoadedEditorAssemblies (0ms)
				RefreshPlugins (96ms)
				BeforeProcessingInitializeOnLoad (2ms)
				ProcessInitializeOnLoadAttributes (69ms)
				ProcessInitializeOnLoadMethodAttributes (35ms)
				AfterProcessingInitializeOnLoad (0ms)
				EditorAssembliesLoaded (0ms)
			ExecutionOrderSort2 (0ms)
			AwakeInstancesAfterBackupRestoration (0ms)
Platform modules already initialized, skipping
Registering precompiled user dll's ...
Registered in 0.004787 seconds.
Begin MonoManager ReloadAssembly
Native extension for WindowsStandalone target not found
Native extension for iOS target not found
Native extension for Android target not found
Native extension for WebGL target not found
Refreshing native plugins compatible for Editor in 109.16 ms, found 4 plugins.
Preloading 0 native plugins for Editor in 0.00 ms.
Package Manager log level set to [2]
[Package Manager] Server::EnsureServerProcessIsRunning -- launch failed, reason: Unity was launched with the -noUpm command-line argument
[Package Manager] Cannot connect to Unity Package Manager local server
Mono: successfully reloaded assembly
- Completed reload, in  1.666 seconds
Domain Reload Profiling:
	ReloadAssembly (1667ms)
		BeginReloadAssembly (101ms)
			ExecutionOrderSort (0ms)
			DisableScriptedObjects (5ms)
			BackupInstance (0ms)
			ReleaseScriptingObjects (0ms)
			CreateAndSetChildDomain (18ms)
		EndReloadAssembly (1476ms)
			LoadAssemblies (83ms)
			RebuildTransferFunctionScriptingTraits (0ms)
			SetupTypeCache (233ms)
			ReleaseScriptCaches (1ms)
			RebuildScriptCaches (59ms)
			SetupLoadedEditorAssemblies (1071ms)
				LogAssemblyErrors (0ms)
				InitializePlatformSupportModulesInManaged (23ms)
				SetLoadedEditorAssemblies (0ms)
				RefreshPlugins (109ms)
				BeforeProcessingInitializeOnLoad (111ms)
				ProcessInitializeOnLoadAttributes (756ms)
				ProcessInitializeOnLoadMethodAttributes (67ms)
				AfterProcessingInitializeOnLoad (5ms)
				EditorAssembliesLoaded (0ms)
			ExecutionOrderSort2 (0ms)
			AwakeInstancesAfterBackupRestoration (4ms)
Platform modules already initialized, skipping
========================================================================
Worker process is ready to serve import requests
Launched and connected shader compiler UnityShaderCompiler.exe after 0.03 seconds
Refreshing native plugins compatible for Editor in 0.79 ms, found 4 plugins.
Preloading 0 native plugins for Editor in 0.00 ms.
Unloading 5787 Unused Serialized files (Serialized files now loaded: 0)
Unloading 40 unused Assets / (0.7 MB). Loaded Objects now: 6248.
Memory consumption went from 225.9 MB to 225.2 MB.
Total: 4.038000 ms (FindLiveObjects: 0.458200 ms CreateObjectMapping: 0.219400 ms MarkObjects: 3.080700 ms  DeleteObjects: 0.278700 ms)

AssetImportParameters requested are different than current active one (requested -> active):
  custom:video-decoder-ogg-theora: a1e56fd34408186e4bbccfd4996cb3dc -> 
  custom:container-muxer-webm: aa71ff27fc2769a1b78a27578f13a17b -> 
  custom:container-demuxer-webm: 4f35f7cbe854078d1ac9338744f61a02 -> 
  custom:video-encoder-webm-vp8: eb34c28f22e8b96e1ab97ce403110664 -> 
  custom:video-codec-MediaFoundation-h265: 746d11721c4dcdbdad8f713fa42b33f4 -> 
  custom:CustomObjectIndexerAttribute: 6b0e35c9178b02a6363f3721b7b8e397 -> 
  custom:audio-encoder-webm-vorbis: bf7c407c2cedff20999df2af8eb42d56 -> 
  custom:framework-win-MediaFoundation: 216162199b28c13a410421893ffa2e32 -> 
  custom:SearchIndexIgnoredProperties: e643bd26f0fe6173181afceb89e7c659 -> 
  custom:container-demuxer-ogg: 62fdf1f143b41e24485cea50d1cbac27 -> 
  custom:video-decoder-webm-vp8: 9c59270c3fd7afecdb556c50c9e8de78 -> 
  custom:audio-decoder-ogg-vorbis: bf7c407c2cedff20999df2af8eb42d56 -> 
========================================================================
Received Import Request.
  Time since last request: 39056.516914 seconds.
  path: Assets/Prefabs/GirlPage/GirlPage.prefab
  artifactKey: Guid(538378a4f71a6854f9619a84b12762c9) Importer(815301076,1909f56bfc062723c751e8b465ee728b)
Number of updated assets reloaded before import = 0
Start importing Assets/Prefabs/GirlPage/GirlPage.prefab using Guid(538378a4f71a6854f9619a84b12762c9) Importer(815301076,1909f56bfc062723c751e8b465ee728b)  -> (artifact id: 'df944be6176bc51c0c6e5c7a5ce9eb9b') in 0.115336 seconds 
Number of asset objects unloaded after import = 358
========================================================================
Received Import Request.
  Time since last request: 0.000020 seconds.
  path: Assets/Prefabs/GirlPage/GirlPageForInstantiation 1.prefab
  artifactKey: Guid(9d331f52a3d155c4b9d05fd6263cc6f3) Importer(815301076,1909f56bfc062723c751e8b465ee728b)
Number of updated assets reloaded before import = 0
Start importing Assets/Prefabs/GirlPage/GirlPageForInstantiation 1.prefab using Guid(9d331f52a3d155c4b9d05fd6263cc6f3) Importer(815301076,1909f56bfc062723c751e8b465ee728b)  -> (artifact id: 'a086ed1ba81a0392de9a6d5c4aaffe59') in 0.047449 seconds 
Number of asset objects unloaded after import = 363
========================================================================
Received Import Request.
  Time since last request: 0.000029 seconds.
  path: Assets/Prefabs/GirlPage/GirlPageForInstantiation.prefab
  artifactKey: Guid(76355dbf6fa52ea46963d5c37b07eab6) Importer(815301076,1909f56bfc062723c751e8b465ee728b)
Number of updated assets reloaded before import = 0
Start importing Assets/Prefabs/GirlPage/GirlPageForInstantiation.prefab using Guid(76355dbf6fa52ea46963d5c37b07eab6) Importer(815301076,1909f56bfc062723c751e8b465ee728b)  -> (artifact id: 'aef4a9496d2a403d0f5944fe55363fcb') in 0.040057 seconds 
Number of asset objects unloaded after import = 363
========================================================================
Received Import Request.
  Time since last request: 8.201048 seconds.
  path: Assets/Prefabs/GirlPage/GirlPage.prefab
  artifactKey: Guid(538378a4f71a6854f9619a84b12762c9) Importer(815301076,1909f56bfc062723c751e8b465ee728b)
Number of updated assets reloaded before import = 0
Start importing Assets/Prefabs/GirlPage/GirlPage.prefab using Guid(538378a4f71a6854f9619a84b12762c9) Importer(815301076,1909f56bfc062723c751e8b465ee728b)  -> (artifact id: '08e2f9add4c726c8945d0342a532feeb') in 0.043873 seconds 
Number of asset objects unloaded after import = 358
========================================================================
Received Import Request.
  Time since last request: 0.000019 seconds.
  path: Assets/Prefabs/GirlPage/GirlPageForInstantiation.prefab
  artifactKey: Guid(76355dbf6fa52ea46963d5c37b07eab6) Importer(815301076,1909f56bfc062723c751e8b465ee728b)
Number of updated assets reloaded before import = 0
Start importing Assets/Prefabs/GirlPage/GirlPageForInstantiation.prefab using Guid(76355dbf6fa52ea46963d5c37b07eab6) Importer(815301076,1909f56bfc062723c751e8b465ee728b)  -> (artifact id: 'fae11db71868569912f2313448f752e6') in 0.045381 seconds 
Number of asset objects unloaded after import = 363
========================================================================
Received Import Request.
  Time since last request: 29.524425 seconds.
  path: Assets/Prefabs/GirlPage/GirlPage.prefab
  artifactKey: Guid(538378a4f71a6854f9619a84b12762c9) Importer(815301076,1909f56bfc062723c751e8b465ee728b)
Number of updated assets reloaded before import = 0
Start importing Assets/Prefabs/GirlPage/GirlPage.prefab using Guid(538378a4f71a6854f9619a84b12762c9) Importer(815301076,1909f56bfc062723c751e8b465ee728b)  -> (artifact id: '349f5d84d24ceffb52cbae174b81e293') in 0.040972 seconds 
Number of asset objects unloaded after import = 358
========================================================================
Received Import Request.
  Time since last request: 0.000021 seconds.
  path: Assets/Prefabs/GirlPage/GirlPageForInstantiation Variant.prefab
  artifactKey: Guid(4d181541946bf6a4bba54d7a09290ee0) Importer(815301076,1909f56bfc062723c751e8b465ee728b)
Number of updated assets reloaded before import = 0
Start importing Assets/Prefabs/GirlPage/GirlPageForInstantiation Variant.prefab using Guid(4d181541946bf6a4bba54d7a09290ee0) Importer(815301076,1909f56bfc062723c751e8b465ee728b)  -> (artifact id: '416030de8ea4d4d6721fd75ea521da02') in 0.042035 seconds 
Number of asset objects unloaded after import = 680
========================================================================
Received Import Request.
  Time since last request: 22.412739 seconds.
  path: Assets/Prefabs/GirlPage/GirlPage.prefab
  artifactKey: Guid(538378a4f71a6854f9619a84b12762c9) Importer(815301076,1909f56bfc062723c751e8b465ee728b)
Number of updated assets reloaded before import = 0
Start importing Assets/Prefabs/GirlPage/GirlPage.prefab using Guid(538378a4f71a6854f9619a84b12762c9) Importer(815301076,1909f56bfc062723c751e8b465ee728b)  -> (artifact id: '4418363253bbda66c04f6798ebb3234b') in 0.045277 seconds 
Number of asset objects unloaded after import = 358
========================================================================
Received Import Request.
  Time since last request: 0.000021 seconds.
  path: Assets/Prefabs/GirlPage/GirlPageForInstantiation.prefab
  artifactKey: Guid(76355dbf6fa52ea46963d5c37b07eab6) Importer(815301076,1909f56bfc062723c751e8b465ee728b)
Number of updated assets reloaded before import = 0
Start importing Assets/Prefabs/GirlPage/GirlPageForInstantiation.prefab using Guid(76355dbf6fa52ea46963d5c37b07eab6) Importer(815301076,1909f56bfc062723c751e8b465ee728b)  -> (artifact id: '4f12a6529c96bacf1cbd6b651650d20f') in 0.040836 seconds 
Number of asset objects unloaded after import = 363
========================================================================
Received Import Request.
  Time since last request: 7.063198 seconds.
  path: Assets/Prefabs/GirlPage/GirlPage.prefab
  artifactKey: Guid(538378a4f71a6854f9619a84b12762c9) Importer(815301076,1909f56bfc062723c751e8b465ee728b)
Number of updated assets reloaded before import = 0
Start importing Assets/Prefabs/GirlPage/GirlPage.prefab using Guid(538378a4f71a6854f9619a84b12762c9) Importer(815301076,1909f56bfc062723c751e8b465ee728b)  -> (artifact id: '55cda1eafec32a636af1cc9783275c58') in 0.040300 seconds 
Number of asset objects unloaded after import = 359
========================================================================
Received Import Request.
  Time since last request: 20.451700 seconds.
  path: Assets/Prefabs/GirlPage/GirlPage.prefab
  artifactKey: Guid(538378a4f71a6854f9619a84b12762c9) Importer(815301076,1909f56bfc062723c751e8b465ee728b)
Number of updated assets reloaded before import = 0
Start importing Assets/Prefabs/GirlPage/GirlPage.prefab using Guid(538378a4f71a6854f9619a84b12762c9) Importer(815301076,1909f56bfc062723c751e8b465ee728b)  -> (artifact id: '57ad4f641fe926e28136804f164f33b8') in 0.039523 seconds 
Number of asset objects unloaded after import = 359
========================================================================
Received Import Request.
  Time since last request: 0.000021 seconds.
  path: Assets/Prefabs/GirlPage/GirlPageForInstantiation Variant.prefab
  artifactKey: Guid(4d181541946bf6a4bba54d7a09290ee0) Importer(815301076,1909f56bfc062723c751e8b465ee728b)
Number of updated assets reloaded before import = 0
Start importing Assets/Prefabs/GirlPage/GirlPageForInstantiation Variant.prefab using Guid(4d181541946bf6a4bba54d7a09290ee0) Importer(815301076,1909f56bfc062723c751e8b465ee728b)  -> (artifact id: 'c7c3f78f11bb7bdf2e433b89e444bbdd') in 0.044258 seconds 
Number of asset objects unloaded after import = 682
========================================================================
Received Import Request.
  Time since last request: 19.426660 seconds.
  path: Assets/Prefabs/GirlPage/GirlPage.prefab
  artifactKey: Guid(538378a4f71a6854f9619a84b12762c9) Importer(815301076,1909f56bfc062723c751e8b465ee728b)
Number of updated assets reloaded before import = 0
Start importing Assets/Prefabs/GirlPage/GirlPage.prefab using Guid(538378a4f71a6854f9619a84b12762c9) Importer(815301076,1909f56bfc062723c751e8b465ee728b)  -> (artifact id: '64303b67be0cf2b0a3357eefb92f84c4') in 0.043198 seconds 
Number of asset objects unloaded after import = 359
========================================================================
Received Import Request.
  Time since last request: 47.228335 seconds.
  path: Assets/Prefabs/GirlPage/GirlPage.prefab
  artifactKey: Guid(538378a4f71a6854f9619a84b12762c9) Importer(815301076,1909f56bfc062723c751e8b465ee728b)
Number of updated assets reloaded before import = 0
Start importing Assets/Prefabs/GirlPage/GirlPage.prefab using Guid(538378a4f71a6854f9619a84b12762c9) Importer(815301076,1909f56bfc062723c751e8b465ee728b)  -> (artifact id: 'dbdff9d426f0a2bff9f118a362de8866') in 0.040540 seconds 
Number of asset objects unloaded after import = 359
========================================================================
Received Import Request.
  Time since last request: 0.000015 seconds.
  path: Assets/Prefabs/GirlPage/GirlPageForInstantiation Variant.prefab
  artifactKey: Guid(4d181541946bf6a4bba54d7a09290ee0) Importer(815301076,1909f56bfc062723c751e8b465ee728b)
Number of updated assets reloaded before import = 0
Start importing Assets/Prefabs/GirlPage/GirlPageForInstantiation Variant.prefab using Guid(4d181541946bf6a4bba54d7a09290ee0) Importer(815301076,1909f56bfc062723c751e8b465ee728b)  -> (artifact id: 'c6624d0039c353a3dab076c08d9fad97') in 0.044085 seconds 
Number of asset objects unloaded after import = 682
========================================================================
Received Import Request.
  Time since last request: 6.089727 seconds.
  path: Assets/Prefabs/GirlPage/GirlPage.prefab
  artifactKey: Guid(538378a4f71a6854f9619a84b12762c9) Importer(815301076,1909f56bfc062723c751e8b465ee728b)
Number of updated assets reloaded before import = 0
Start importing Assets/Prefabs/GirlPage/GirlPage.prefab using Guid(538378a4f71a6854f9619a84b12762c9) Importer(815301076,1909f56bfc062723c751e8b465ee728b)  -> (artifact id: '97994cb66d51b1010428f24181df1d8a') in 0.040078 seconds 
Number of asset objects unloaded after import = 359
========================================================================
Received Import Request.
  Time since last request: 0.000015 seconds.
  path: Assets/Prefabs/GirlPage/GirlPageForInstantiation Variant.prefab
  artifactKey: Guid(4d181541946bf6a4bba54d7a09290ee0) Importer(815301076,1909f56bfc062723c751e8b465ee728b)
Number of updated assets reloaded before import = 0
Start importing Assets/Prefabs/GirlPage/GirlPageForInstantiation Variant.prefab using Guid(4d181541946bf6a4bba54d7a09290ee0) Importer(815301076,1909f56bfc062723c751e8b465ee728b)  -> (artifact id: 'c2c9223c0764e71ee46d9e123066394f') in 0.046586 seconds 
Number of asset objects unloaded after import = 682
========================================================================
Received Import Request.
  Time since last request: 2.052392 seconds.
  path: Assets/Prefabs/GirlPage/GirlPage.prefab
  artifactKey: Guid(538378a4f71a6854f9619a84b12762c9) Importer(815301076,1909f56bfc062723c751e8b465ee728b)
Number of updated assets reloaded before import = 0
Start importing Assets/Prefabs/GirlPage/GirlPage.prefab using Guid(538378a4f71a6854f9619a84b12762c9) Importer(815301076,1909f56bfc062723c751e8b465ee728b)  -> (artifact id: 'd56257ea59a491073e88865c6e83d896') in 0.039978 seconds 
Number of asset objects unloaded after import = 359
========================================================================
Received Import Request.
  Time since last request: 0.000016 seconds.
  path: Assets/Prefabs/GirlPage/GirlPageForInstantiation.prefab
  artifactKey: Guid(76355dbf6fa52ea46963d5c37b07eab6) Importer(815301076,1909f56bfc062723c751e8b465ee728b)
Number of updated assets reloaded before import = 0
Start importing Assets/Prefabs/GirlPage/GirlPageForInstantiation.prefab using Guid(76355dbf6fa52ea46963d5c37b07eab6) Importer(815301076,1909f56bfc062723c751e8b465ee728b)  -> (artifact id: '220623688a37ac3a9d61611558fdb8e0') in 0.038551 seconds 
Number of asset objects unloaded after import = 364
========================================================================
Received Import Request.
  Time since last request: 0.445765 seconds.
  path: Assets/Prefabs/GirlPage/GirlPage.prefab
  artifactKey: Guid(538378a4f71a6854f9619a84b12762c9) Importer(815301076,1909f56bfc062723c751e8b465ee728b)
Number of updated assets reloaded before import = 0
Start importing Assets/Prefabs/GirlPage/GirlPage.prefab using Guid(538378a4f71a6854f9619a84b12762c9) Importer(815301076,1909f56bfc062723c751e8b465ee728b)  -> (artifact id: '446f2efdb5e57e83e64610249472eeff') in 0.039273 seconds 
Number of asset objects unloaded after import = 359
========================================================================
Received Import Request.
  Time since last request: 0.000017 seconds.
  path: Assets/Prefabs/GirlPage/GirlPageForInstantiation Variant.prefab
  artifactKey: Guid(4d181541946bf6a4bba54d7a09290ee0) Importer(815301076,1909f56bfc062723c751e8b465ee728b)
Number of updated assets reloaded before import = 0
Start importing Assets/Prefabs/GirlPage/GirlPageForInstantiation Variant.prefab using Guid(4d181541946bf6a4bba54d7a09290ee0) Importer(815301076,1909f56bfc062723c751e8b465ee728b)  -> (artifact id: '2ecc11a4ccccb94e957ede8cf1e1e76f') in 0.003481 seconds 
Number of asset objects unloaded after import = 0
========================================================================
Received Import Request.
  Time since last request: 0.303262 seconds.
  path: Assets/Prefabs/GirlPage/GirlPage.prefab
  artifactKey: Guid(538378a4f71a6854f9619a84b12762c9) Importer(815301076,1909f56bfc062723c751e8b465ee728b)
Number of updated assets reloaded before import = 0
Start importing Assets/Prefabs/GirlPage/GirlPage.prefab using Guid(538378a4f71a6854f9619a84b12762c9) Importer(815301076,1909f56bfc062723c751e8b465ee728b)  -> (artifact id: '07b18d5a25dad208a2eabbec7a34d2d8') in 0.039925 seconds 
Number of asset objects unloaded after import = 359
========================================================================
Received Import Request.
  Time since last request: 0.000020 seconds.
  path: Assets/Prefabs/GirlPage/GirlPageForInstantiation Variant.prefab
  artifactKey: Guid(4d181541946bf6a4bba54d7a09290ee0) Importer(815301076,1909f56bfc062723c751e8b465ee728b)
Number of updated assets reloaded before import = 0
Start importing Assets/Prefabs/GirlPage/GirlPageForInstantiation Variant.prefab using Guid(4d181541946bf6a4bba54d7a09290ee0) Importer(815301076,1909f56bfc062723c751e8b465ee728b)  -> (artifact id: '2ecc11a4ccccb94e957ede8cf1e1e76f') in 0.003860 seconds 
Number of asset objects unloaded after import = 0
========================================================================
Received Import Request.
  Time since last request: 0.304685 seconds.
  path: Assets/Prefabs/GirlPage/GirlPage.prefab
  artifactKey: Guid(538378a4f71a6854f9619a84b12762c9) Importer(815301076,1909f56bfc062723c751e8b465ee728b)
Number of updated assets reloaded before import = 0
Start importing Assets/Prefabs/GirlPage/GirlPage.prefab using Guid(538378a4f71a6854f9619a84b12762c9) Importer(815301076,1909f56bfc062723c751e8b465ee728b)  -> (artifact id: '529e10a2801ac6e3b53b4a92beee50cc') in 0.046155 seconds 
Number of asset objects unloaded after import = 359
========================================================================
Received Import Request.
  Time since last request: 0.000016 seconds.
  path: Assets/Prefabs/GirlPage/GirlPageForInstantiation.prefab
  artifactKey: Guid(76355dbf6fa52ea46963d5c37b07eab6) Importer(815301076,1909f56bfc062723c751e8b465ee728b)
Number of updated assets reloaded before import = 0
Start importing Assets/Prefabs/GirlPage/GirlPageForInstantiation.prefab using Guid(76355dbf6fa52ea46963d5c37b07eab6) Importer(815301076,1909f56bfc062723c751e8b465ee728b)  -> (artifact id: '7a5f58b71bc5952a93173300e6432707') in 0.038880 seconds 
Number of asset objects unloaded after import = 364
========================================================================
Received Import Request.
  Time since last request: 0.635697 seconds.
  path: Assets/Prefabs/GirlPage/GirlPage.prefab
  artifactKey: Guid(538378a4f71a6854f9619a84b12762c9) Importer(815301076,1909f56bfc062723c751e8b465ee728b)
Number of updated assets reloaded before import = 0
Start importing Assets/Prefabs/GirlPage/GirlPage.prefab using Guid(538378a4f71a6854f9619a84b12762c9) Importer(815301076,1909f56bfc062723c751e8b465ee728b)  -> (artifact id: '9d52997b8cc21baece518d56816bf2a1') in 0.040396 seconds 
Number of asset objects unloaded after import = 359
========================================================================
Received Import Request.
  Time since last request: 11.648135 seconds.
  path: Assets/Prefabs/GirlPage/GirlPage.prefab
  artifactKey: Guid(538378a4f71a6854f9619a84b12762c9) Importer(815301076,1909f56bfc062723c751e8b465ee728b)
Number of updated assets reloaded before import = 0
Start importing Assets/Prefabs/GirlPage/GirlPage.prefab using Guid(538378a4f71a6854f9619a84b12762c9) Importer(815301076,1909f56bfc062723c751e8b465ee728b)  -> (artifact id: '81b0c30aadc38ec55eba4b1412a12772') in 0.042057 seconds 
Number of asset objects unloaded after import = 359
========================================================================
Received Import Request.
  Time since last request: 2.087363 seconds.
  path: Assets/Prefabs/GirlPage/GirlPage.prefab
  artifactKey: Guid(538378a4f71a6854f9619a84b12762c9) Importer(815301076,1909f56bfc062723c751e8b465ee728b)
Number of updated assets reloaded before import = 0
Start importing Assets/Prefabs/GirlPage/GirlPage.prefab using Guid(538378a4f71a6854f9619a84b12762c9) Importer(815301076,1909f56bfc062723c751e8b465ee728b)  -> (artifact id: 'f747c910db7de1243009a2aa4404b941') in 0.039803 seconds 
Number of asset objects unloaded after import = 359
========================================================================
Received Import Request.
  Time since last request: 0.000015 seconds.
  path: Assets/Prefabs/GirlPage/GirlPageForInstantiation Variant.prefab
  artifactKey: Guid(4d181541946bf6a4bba54d7a09290ee0) Importer(815301076,1909f56bfc062723c751e8b465ee728b)
Number of updated assets reloaded before import = 0
Start importing Assets/Prefabs/GirlPage/GirlPageForInstantiation Variant.prefab using Guid(4d181541946bf6a4bba54d7a09290ee0) Importer(815301076,1909f56bfc062723c751e8b465ee728b)  -> (artifact id: '33f1d877b52a818eeebe8c3e2bb205cf') in 0.043878 seconds 
Number of asset objects unloaded after import = 682
========================================================================
Received Import Request.
  Time since last request: 1.789260 seconds.
  path: Assets/Prefabs/GirlPage/GirlPage.prefab
  artifactKey: Guid(538378a4f71a6854f9619a84b12762c9) Importer(815301076,1909f56bfc062723c751e8b465ee728b)
Number of updated assets reloaded before import = 0
Start importing Assets/Prefabs/GirlPage/GirlPage.prefab using Guid(538378a4f71a6854f9619a84b12762c9) Importer(815301076,1909f56bfc062723c751e8b465ee728b)  -> (artifact id: '435cff6b8a84968f9dcfdc62314662dd') in 0.041906 seconds 
Number of asset objects unloaded after import = 359
========================================================================
Received Import Request.
  Time since last request: 0.000014 seconds.
  path: Assets/Prefabs/GirlPage/GirlPageForInstantiation Variant.prefab
  artifactKey: Guid(4d181541946bf6a4bba54d7a09290ee0) Importer(815301076,1909f56bfc062723c751e8b465ee728b)
Number of updated assets reloaded before import = 0
Start importing Assets/Prefabs/GirlPage/GirlPageForInstantiation Variant.prefab using Guid(4d181541946bf6a4bba54d7a09290ee0) Importer(815301076,1909f56bfc062723c751e8b465ee728b)  -> (artifact id: '717afc239e08eafdd15c1e7a7c25eddf') in 0.044507 seconds 
Number of asset objects unloaded after import = 682
========================================================================
Received Import Request.
  Time since last request: 3.556950 seconds.
  path: Assets/Prefabs/GirlPage/GirlPage.prefab
  artifactKey: Guid(538378a4f71a6854f9619a84b12762c9) Importer(815301076,1909f56bfc062723c751e8b465ee728b)
Number of updated assets reloaded before import = 0
Start importing Assets/Prefabs/GirlPage/GirlPage.prefab using Guid(538378a4f71a6854f9619a84b12762c9) Importer(815301076,1909f56bfc062723c751e8b465ee728b)  -> (artifact id: 'aa095930c62f7f12566ca9b4ea17c32b') in 0.041160 seconds 
Number of asset objects unloaded after import = 359
========================================================================
Received Import Request.
  Time since last request: 4.567353 seconds.
  path: Assets/Prefabs/GirlPage/GirlPage.prefab
  artifactKey: Guid(538378a4f71a6854f9619a84b12762c9) Importer(815301076,1909f56bfc062723c751e8b465ee728b)
Number of updated assets reloaded before import = 0
Start importing Assets/Prefabs/GirlPage/GirlPage.prefab using Guid(538378a4f71a6854f9619a84b12762c9) Importer(815301076,1909f56bfc062723c751e8b465ee728b)  -> (artifact id: '0529b60fb17f732d8702c63a3f27848c') in 0.039706 seconds 
Number of asset objects unloaded after import = 359
========================================================================
Received Import Request.
  Time since last request: 0.000015 seconds.
  path: Assets/Prefabs/GirlPage/GirlPageForInstantiation Variant.prefab
  artifactKey: Guid(4d181541946bf6a4bba54d7a09290ee0) Importer(815301076,1909f56bfc062723c751e8b465ee728b)
Number of updated assets reloaded before import = 0
Start importing Assets/Prefabs/GirlPage/GirlPageForInstantiation Variant.prefab using Guid(4d181541946bf6a4bba54d7a09290ee0) Importer(815301076,1909f56bfc062723c751e8b465ee728b)  -> (artifact id: 'cd40aaf94caecf46842f8268d602947e') in 0.042482 seconds 
Number of asset objects unloaded after import = 682
========================================================================
Received Import Request.
  Time since last request: 15.342774 seconds.
  path: Assets/Prefabs/GirlPage/GirlPage.prefab
  artifactKey: Guid(538378a4f71a6854f9619a84b12762c9) Importer(815301076,1909f56bfc062723c751e8b465ee728b)
Number of updated assets reloaded before import = 0
Start importing Assets/Prefabs/GirlPage/GirlPage.prefab using Guid(538378a4f71a6854f9619a84b12762c9) Importer(815301076,1909f56bfc062723c751e8b465ee728b)  -> (artifact id: '823aab5519aaee44d3d73ab1f519bdff') in 0.045629 seconds 
Number of asset objects unloaded after import = 359
========================================================================
Received Import Request.
  Time since last request: 2.498061 seconds.
  path: Assets/Prefabs/GirlPage/GirlPage.prefab
  artifactKey: Guid(538378a4f71a6854f9619a84b12762c9) Importer(815301076,1909f56bfc062723c751e8b465ee728b)
Number of updated assets reloaded before import = 0
Start importing Assets/Prefabs/GirlPage/GirlPage.prefab using Guid(538378a4f71a6854f9619a84b12762c9) Importer(815301076,1909f56bfc062723c751e8b465ee728b)  -> (artifact id: 'f469eea8a28ac90ee96ab597b2af73b0') in 0.041312 seconds 
Number of asset objects unloaded after import = 359
========================================================================
Received Import Request.
  Time since last request: 0.000015 seconds.
  path: Assets/Prefabs/GirlPage/GirlPageForInstantiation Variant.prefab
  artifactKey: Guid(4d181541946bf6a4bba54d7a09290ee0) Importer(815301076,1909f56bfc062723c751e8b465ee728b)
Number of updated assets reloaded before import = 0
Start importing Assets/Prefabs/GirlPage/GirlPageForInstantiation Variant.prefab using Guid(4d181541946bf6a4bba54d7a09290ee0) Importer(815301076,1909f56bfc062723c751e8b465ee728b)  -> (artifact id: 'f88c31d3e5edeffb89fc2126f8a5ff08') in 0.048515 seconds 
Number of asset objects unloaded after import = 682
========================================================================
Received Import Request.
  Time since last request: 1.438769 seconds.
  path: Assets/Prefabs/GirlPage/GirlPage.prefab
  artifactKey: Guid(538378a4f71a6854f9619a84b12762c9) Importer(815301076,1909f56bfc062723c751e8b465ee728b)
Number of updated assets reloaded before import = 0
Start importing Assets/Prefabs/GirlPage/GirlPage.prefab using Guid(538378a4f71a6854f9619a84b12762c9) Importer(815301076,1909f56bfc062723c751e8b465ee728b)  -> (artifact id: 'a69edef4d46e439f7eea08f61d9ca997') in 0.040087 seconds 
Number of asset objects unloaded after import = 359
========================================================================
Received Import Request.
  Time since last request: 0.000016 seconds.
  path: Assets/Prefabs/GirlPage/GirlPageForInstantiation.prefab
  artifactKey: Guid(76355dbf6fa52ea46963d5c37b07eab6) Importer(815301076,1909f56bfc062723c751e8b465ee728b)
Number of updated assets reloaded before import = 0
Start importing Assets/Prefabs/GirlPage/GirlPageForInstantiation.prefab using Guid(76355dbf6fa52ea46963d5c37b07eab6) Importer(815301076,1909f56bfc062723c751e8b465ee728b)  -> (artifact id: 'afda3a2d610ac093ec36ff7e796bb9f4') in 0.037515 seconds 
Number of asset objects unloaded after import = 364
========================================================================
Received Import Request.
  Time since last request: 0.846206 seconds.
  path: Assets/Prefabs/GirlPage/GirlPage.prefab
  artifactKey: Guid(538378a4f71a6854f9619a84b12762c9) Importer(815301076,1909f56bfc062723c751e8b465ee728b)
Number of updated assets reloaded before import = 0
Start importing Assets/Prefabs/GirlPage/GirlPage.prefab using Guid(538378a4f71a6854f9619a84b12762c9) Importer(815301076,1909f56bfc062723c751e8b465ee728b)  -> (artifact id: 'a0da2e70e750f910afc8a5f8dfd35646') in 0.046371 seconds 
Number of asset objects unloaded after import = 359
========================================================================
Received Import Request.
  Time since last request: 1.313638 seconds.
  path: Assets/Prefabs/GirlPage/GirlPage.prefab
  artifactKey: Guid(538378a4f71a6854f9619a84b12762c9) Importer(815301076,1909f56bfc062723c751e8b465ee728b)
Number of updated assets reloaded before import = 0
Start importing Assets/Prefabs/GirlPage/GirlPage.prefab using Guid(538378a4f71a6854f9619a84b12762c9) Importer(815301076,1909f56bfc062723c751e8b465ee728b)  -> (artifact id: 'b98c9e8695f87d2a1e510892fde224a6') in 0.040364 seconds 
Number of asset objects unloaded after import = 359
========================================================================
Received Import Request.
  Time since last request: 0.000016 seconds.
  path: Assets/Prefabs/GirlPage/GirlPageForInstantiation Variant.prefab
  artifactKey: Guid(4d181541946bf6a4bba54d7a09290ee0) Importer(815301076,1909f56bfc062723c751e8b465ee728b)
Number of updated assets reloaded before import = 0
Start importing Assets/Prefabs/GirlPage/GirlPageForInstantiation Variant.prefab using Guid(4d181541946bf6a4bba54d7a09290ee0) Importer(815301076,1909f56bfc062723c751e8b465ee728b)  -> (artifact id: 'b920e92e794c836c23dda9a4ba3fdaf1') in 0.042365 seconds 
Number of asset objects unloaded after import = 682
========================================================================
Received Import Request.
  Time since last request: 2.049512 seconds.
  path: Assets/Prefabs/GirlPage/GirlPage.prefab
  artifactKey: Guid(538378a4f71a6854f9619a84b12762c9) Importer(815301076,1909f56bfc062723c751e8b465ee728b)
Number of updated assets reloaded before import = 0
Start importing Assets/Prefabs/GirlPage/GirlPage.prefab using Guid(538378a4f71a6854f9619a84b12762c9) Importer(815301076,1909f56bfc062723c751e8b465ee728b)  -> (artifact id: '00000000000000000000000000000000') in 0.037970 seconds  code(4) message(Build asset version error: assets/prefabs/girlpage/girlpage.prefab in SourceAssetDB has modification time of '2024-05-11T19:35:40.7338957Z' while content on disk has modification time of '2024-05-11T19:35:41.0648163Z')
  ERROR: Build asset version error: assets/prefabs/girlpage/girlpage.prefab in SourceAssetDB has modification time of '2024-05-11T19:35:40.7338957Z' while content on disk has modification time of '2024-05-11T19:35:41.0648163Z'
Number of asset objects unloaded after import = 46
========================================================================
Received Import Request.
  Time since last request: 0.000029 seconds.
  path: Assets/Prefabs/GirlPage/GirlPageForInstantiation Variant.prefab
  artifactKey: Guid(4d181541946bf6a4bba54d7a09290ee0) Importer(815301076,1909f56bfc062723c751e8b465ee728b)
Number of updated assets reloaded before import = 0
Start importing Assets/Prefabs/GirlPage/GirlPageForInstantiation Variant.prefab using Guid(4d181541946bf6a4bba54d7a09290ee0) Importer(815301076,1909f56bfc062723c751e8b465ee728b)  -> (artifact id: '133efae72836e22d803dad1763b16f0b') in 0.043054 seconds 
Number of asset objects unloaded after import = 682
========================================================================
Received Import Request.
  Time since last request: 8.128331 seconds.
  path: Assets/Prefabs/GirlPage/GirlPage.prefab
  artifactKey: Guid(538378a4f71a6854f9619a84b12762c9) Importer(815301076,1909f56bfc062723c751e8b465ee728b)
Number of updated assets reloaded before import = 0
Start importing Assets/Prefabs/GirlPage/GirlPage.prefab using Guid(538378a4f71a6854f9619a84b12762c9) Importer(815301076,1909f56bfc062723c751e8b465ee728b)  -> (artifact id: 'bbd7df3beb4749e3937777b63f47b143') in 0.041183 seconds 
Number of asset objects unloaded after import = 359
========================================================================
Received Import Request.
  Time since last request: 0.000014 seconds.
  path: Assets/Prefabs/GirlPage/GirlPageForInstantiation Variant.prefab
  artifactKey: Guid(4d181541946bf6a4bba54d7a09290ee0) Importer(815301076,1909f56bfc062723c751e8b465ee728b)
Number of updated assets reloaded before import = 0
Start importing Assets/Prefabs/GirlPage/GirlPageForInstantiation Variant.prefab using Guid(4d181541946bf6a4bba54d7a09290ee0) Importer(815301076,1909f56bfc062723c751e8b465ee728b)  -> (artifact id: '72298dc3f82d87c1190b17cd7e841baf') in 0.040477 seconds 
Number of asset objects unloaded after import = 682
========================================================================
Received Import Request.
  Time since last request: 9.930918 seconds.
  path: Assets/Prefabs/GirlPage/GirlPage.prefab
  artifactKey: Guid(538378a4f71a6854f9619a84b12762c9) Importer(815301076,1909f56bfc062723c751e8b465ee728b)
Number of updated assets reloaded before import = 0
Start importing Assets/Prefabs/GirlPage/GirlPage.prefab using Guid(538378a4f71a6854f9619a84b12762c9) Importer(815301076,1909f56bfc062723c751e8b465ee728b)  -> (artifact id: 'aada2a1a0a948c1335f41cf5d023f54a') in 0.049439 seconds 
Number of asset objects unloaded after import = 359
========================================================================
Received Import Request.
  Time since last request: 47.952349 seconds.
  path: Assets/Prefabs/GirlPage/GirlPage.prefab
  artifactKey: Guid(538378a4f71a6854f9619a84b12762c9) Importer(815301076,1909f56bfc062723c751e8b465ee728b)
Number of updated assets reloaded before import = 0
Start importing Assets/Prefabs/GirlPage/GirlPage.prefab using Guid(538378a4f71a6854f9619a84b12762c9) Importer(815301076,1909f56bfc062723c751e8b465ee728b)  -> (artifact id: '1bf9bf5cb0278a5bd781f5e25b5fb01c') in 0.042770 seconds 
Number of asset objects unloaded after import = 359
========================================================================
Received Import Request.
  Time since last request: 8.440435 seconds.
  path: Assets/Prefabs/GirlPage/GirlPage.prefab
  artifactKey: Guid(538378a4f71a6854f9619a84b12762c9) Importer(815301076,1909f56bfc062723c751e8b465ee728b)
Number of updated assets reloaded before import = 0
Start importing Assets/Prefabs/GirlPage/GirlPage.prefab using Guid(538378a4f71a6854f9619a84b12762c9) Importer(815301076,1909f56bfc062723c751e8b465ee728b)  -> (artifact id: '791b60adcdbe04e6f5619ec691955448') in 0.049007 seconds 
Number of asset objects unloaded after import = 359
========================================================================
Received Import Request.
  Time since last request: 6.536790 seconds.
  path: Assets/Prefabs/GirlPage/GirlPage.prefab
  artifactKey: Guid(538378a4f71a6854f9619a84b12762c9) Importer(815301076,1909f56bfc062723c751e8b465ee728b)
Number of updated assets reloaded before import = 0
Start importing Assets/Prefabs/GirlPage/GirlPage.prefab using Guid(538378a4f71a6854f9619a84b12762c9) Importer(815301076,1909f56bfc062723c751e8b465ee728b)  -> (artifact id: '69ec765c403f8e922e148d16ec77044b') in 0.044234 seconds 
Number of asset objects unloaded after import = 359
Editor requested this worker to shutdown with reason: Scaling down because of idle timeout
AssetImportWorker is now disconnected from the server
Process exiting
Exiting without the bug reporter. Application will terminate with return code 0