Using pre-set license
Built from '2021.3/staging' branch; Version is '2021.3.30f1 (b4360d7cdac4) revision 11810317'; Using compiler version '192829333'; Build Type 'Release'
OS: 'Windows 11  (10.0.22631) 64bit Professional' Language: 'ru' Physical Memory: 32447 MB
BatchMode: 1, IsHumanControllingUs: 0, StartBugReporterOnCrash: 0, Is64bit: 1, IsPro: 1

COMMAND LINE ARGUMENTS:
C:\UnityVersions\2021.3.30f1\Editor\Unity.exe
-adb2
-batchMode
-noUpm
-name
AssetImportWorker4
-projectPath
C:/Users/AORUS/Documents/GitHub/Game-with-Girls/ProjectForIdor
-logFile
Logs/AssetImportWorker4.log
-srvPort
59683
Successfully changed project path to: C:/Users/AORUS/Documents/GitHub/Game-with-Girls/ProjectForIdor
C:/Users/AORUS/Documents/GitHub/Game-with-Girls/ProjectForIdor
[UnityMemory] Configuration Parameters - Can be set up in boot.config
    "memorysetup-bucket-allocator-granularity=16"
    "memorysetup-bucket-allocator-bucket-count=8"
    "memorysetup-bucket-allocator-block-size=33554432"
    "memorysetup-bucket-allocator-block-count=8"
    "memorysetup-main-allocator-block-size=16777216"
    "memorysetup-thread-allocator-block-size=16777216"
    "memorysetup-gfx-main-allocator-block-size=16777216"
    "memorysetup-gfx-thread-allocator-block-size=16777216"
    "memorysetup-cache-allocator-block-size=4194304"
    "memorysetup-typetree-allocator-block-size=2097152"
    "memorysetup-profiler-bucket-allocator-granularity=16"
    "memorysetup-profiler-bucket-allocator-bucket-count=8"
    "memorysetup-profiler-bucket-allocator-block-size=33554432"
    "memorysetup-profiler-bucket-allocator-block-count=8"
    "memorysetup-profiler-allocator-block-size=16777216"
    "memorysetup-profiler-editor-allocator-block-size=1048576"
    "memorysetup-temp-allocator-size-main=16777216"
    "memorysetup-job-temp-allocator-block-size=2097152"
    "memorysetup-job-temp-allocator-block-size-background=1048576"
    "memorysetup-job-temp-allocator-reduction-small-platforms=262144"
    "memorysetup-temp-allocator-size-background-worker=32768"
    "memorysetup-temp-allocator-size-job-worker=262144"
    "memorysetup-temp-allocator-size-preload-manager=33554432"
    "memorysetup-temp-allocator-size-nav-mesh-worker=65536"
    "memorysetup-temp-allocator-size-audio-worker=65536"
    "memorysetup-temp-allocator-size-cloud-worker=32768"
    "memorysetup-temp-allocator-size-gi-baking-worker=262144"
    "memorysetup-temp-allocator-size-gfx=262144"
Player connection [35128] Host "[IP] 192.168.3.12 [Port] 0 [Flags] 2 [Guid] 4166287416 [EditorId] 4166287416 [Version] 1048832 [Id] WindowsEditor(7,Pipa) [Debug] 1 [PackageName] WindowsEditor [ProjectName] Editor" joined multi-casting on [225.0.0.222:54997]...

Player connection [35128] Host "[IP] 192.168.3.12 [Port] 0 [Flags] 2 [Guid] 4166287416 [EditorId] 4166287416 [Version] 1048832 [Id] WindowsEditor(7,Pipa) [Debug] 1 [PackageName] WindowsEditor [ProjectName] Editor" joined alternative multi-casting on [225.0.0.222:34997]...

[Physics::Module] Initialized MultithreadedJobDispatcher with {0} workers.
Refreshing native plugins compatible for Editor in 102.46 ms, found 4 plugins.
Preloading 0 native plugins for Editor in 0.00 ms.
Initialize engine version: 2021.3.30f1 (b4360d7cdac4)
[Subsystems] Discovering subsystems at path C:/UnityVersions/2021.3.30f1/Editor/Data/Resources/UnitySubsystems
[Subsystems] Discovering subsystems at path C:/Users/AORUS/Documents/GitHub/Game-with-Girls/ProjectForIdor/Assets
GfxDevice: creating device client; threaded=0; jobified=0
Direct3D:
    Version:  Direct3D 11.0 [level 11.1]
    Renderer: NVIDIA GeForce RTX 3070 Laptop GPU (ID=0x249d)
    Vendor:   NVIDIA
    VRAM:     8020 MB
    Driver:   31.0.15.5152
Initialize mono
Mono path[0] = 'C:/UnityVersions/2021.3.30f1/Editor/Data/Managed'
Mono path[1] = 'C:/UnityVersions/2021.3.30f1/Editor/Data/MonoBleedingEdge/lib/mono/unityjit-win32'
Mono config path = 'C:/UnityVersions/2021.3.30f1/Editor/Data/MonoBleedingEdge/etc'
Using monoOptions --debugger-agent=transport=dt_socket,embedding=1,server=y,suspend=n,address=127.0.0.1:56516
Begin MonoManager ReloadAssembly
Registering precompiled unity dll's ...
Register platform support module: C:/UnityVersions/2021.3.30f1/Editor/Data/PlaybackEngines/WebGLSupport/UnityEditor.WebGL.Extensions.dll
Register platform support module: C:/UnityVersions/2021.3.30f1/Editor/Data/PlaybackEngines/AndroidPlayer/UnityEditor.Android.Extensions.dll
Register platform support module: C:/UnityVersions/2021.3.30f1/Editor/Data/PlaybackEngines/iOSSupport/UnityEditor.iOS.Extensions.dll
Register platform support module: C:/UnityVersions/2021.3.30f1/Editor/Data/PlaybackEngines/WindowsStandaloneSupport/UnityEditor.WindowsStandalone.Extensions.dll
Registered in 0.003778 seconds.
Native extension for WindowsStandalone target not found
[usbmuxd] Start listen thread
[usbmuxd] Listen thread started
Native extension for iOS target not found
Native extension for Android target not found
Multiple ADB server instances found, the following ADB server instance have been terminated due to being run from another SDK. Process paths: 
C:\Program Files (x86)\Android\android-sdk\platform-tools\adb.exe
UnityEngine.StackTraceUtility:ExtractStackTrace ()
UnityEngine.DebugLogHandler:LogFormat (UnityEngine.LogType,UnityEngine.Object,string,object[])
UnityEngine.Logger:Log (UnityEngine.LogType,object)
UnityEngine.Debug:Log (object)
UnityEditor.Android.AndroidDeploymentTargetsExtension:GetKnownTargets (UnityEditor.DeploymentTargets.IDeploymentTargetsMainThreadContext,UnityEditor.ProgressHandler)
UnityEditor.Android.TargetScanWorker:ScanSync ()
UnityEditor.Android.TargetExtension:OnUsbDevicesChanged (UnityEditor.Hardware.UsbDevice[])
UnityEditor.Android.TargetExtension:OnLoad ()
UnityEditor.Modules.ModuleManager:InitializePlatformSupportModules ()

Android Extension - Scanning For ADB Devices 2251 ms
Native extension for WebGL target not found
Refreshing native plugins compatible for Editor in 95.97 ms, found 4 plugins.
Preloading 0 native plugins for Editor in 0.00 ms.
Mono: successfully reloaded assembly
- Completed reload, in  2.879 seconds
Domain Reload Profiling:
	ReloadAssembly (2879ms)
		BeginReloadAssembly (86ms)
			ExecutionOrderSort (0ms)
			DisableScriptedObjects (0ms)
			BackupInstance (0ms)
			ReleaseScriptingObjects (0ms)
			CreateAndSetChildDomain (1ms)
		EndReloadAssembly (2714ms)
			LoadAssemblies (85ms)
			RebuildTransferFunctionScriptingTraits (0ms)
			SetupTypeCache (99ms)
			ReleaseScriptCaches (0ms)
			RebuildScriptCaches (26ms)
			SetupLoadedEditorAssemblies (2552ms)
				LogAssemblyErrors (0ms)
				InitializePlatformSupportModulesInManaged (2337ms)
				SetLoadedEditorAssemblies (0ms)
				RefreshPlugins (96ms)
				BeforeProcessingInitializeOnLoad (1ms)
				ProcessInitializeOnLoadAttributes (68ms)
				ProcessInitializeOnLoadMethodAttributes (48ms)
				AfterProcessingInitializeOnLoad (0ms)
				EditorAssembliesLoaded (0ms)
			ExecutionOrderSort2 (0ms)
			AwakeInstancesAfterBackupRestoration (0ms)
Platform modules already initialized, skipping
Registering precompiled user dll's ...
Registered in 0.004805 seconds.
Begin MonoManager ReloadAssembly
Native extension for WindowsStandalone target not found
Native extension for iOS target not found
Native extension for Android target not found
Native extension for WebGL target not found
Refreshing native plugins compatible for Editor in 97.06 ms, found 4 plugins.
Preloading 0 native plugins for Editor in 0.00 ms.
Package Manager log level set to [2]
[Package Manager] Server::EnsureServerProcessIsRunning -- launch failed, reason: Unity was launched with the -noUpm command-line argument
[Package Manager] Cannot connect to Unity Package Manager local server
Mono: successfully reloaded assembly
- Completed reload, in  1.735 seconds
Domain Reload Profiling:
	ReloadAssembly (1736ms)
		BeginReloadAssembly (127ms)
			ExecutionOrderSort (0ms)
			DisableScriptedObjects (7ms)
			BackupInstance (0ms)
			ReleaseScriptingObjects (0ms)
			CreateAndSetChildDomain (20ms)
		EndReloadAssembly (1514ms)
			LoadAssemblies (114ms)
			RebuildTransferFunctionScriptingTraits (0ms)
			SetupTypeCache (251ms)
			ReleaseScriptCaches (1ms)
			RebuildScriptCaches (61ms)
			SetupLoadedEditorAssemblies (1073ms)
				LogAssemblyErrors (0ms)
				InitializePlatformSupportModulesInManaged (23ms)
				SetLoadedEditorAssemblies (0ms)
				RefreshPlugins (97ms)
				BeforeProcessingInitializeOnLoad (113ms)
				ProcessInitializeOnLoadAttributes (764ms)
				ProcessInitializeOnLoadMethodAttributes (71ms)
				AfterProcessingInitializeOnLoad (5ms)
				EditorAssembliesLoaded (0ms)
			ExecutionOrderSort2 (0ms)
			AwakeInstancesAfterBackupRestoration (5ms)
Platform modules already initialized, skipping
========================================================================
Worker process is ready to serve import requests
Launched and connected shader compiler UnityShaderCompiler.exe after 0.03 seconds
Refreshing native plugins compatible for Editor in 0.97 ms, found 4 plugins.
Preloading 0 native plugins for Editor in 0.00 ms.
Unloading 5787 Unused Serialized files (Serialized files now loaded: 0)
Unloading 40 unused Assets / (0.7 MB). Loaded Objects now: 6248.
Memory consumption went from 226.1 MB to 225.3 MB.
Total: 3.940200 ms (FindLiveObjects: 0.495400 ms CreateObjectMapping: 0.223700 ms MarkObjects: 2.965900 ms  DeleteObjects: 0.254000 ms)

AssetImportParameters requested are different than current active one (requested -> active):
  custom:video-decoder-ogg-theora: a1e56fd34408186e4bbccfd4996cb3dc -> 
  custom:container-muxer-webm: aa71ff27fc2769a1b78a27578f13a17b -> 
  custom:container-demuxer-webm: 4f35f7cbe854078d1ac9338744f61a02 -> 
  custom:video-encoder-webm-vp8: eb34c28f22e8b96e1ab97ce403110664 -> 
  custom:video-codec-MediaFoundation-h265: 746d11721c4dcdbdad8f713fa42b33f4 -> 
  custom:CustomObjectIndexerAttribute: 6b0e35c9178b02a6363f3721b7b8e397 -> 
  custom:audio-encoder-webm-vorbis: bf7c407c2cedff20999df2af8eb42d56 -> 
  custom:framework-win-MediaFoundation: 216162199b28c13a410421893ffa2e32 -> 
  custom:SearchIndexIgnoredProperties: e643bd26f0fe6173181afceb89e7c659 -> 
  custom:container-demuxer-ogg: 62fdf1f143b41e24485cea50d1cbac27 -> 
  custom:video-decoder-webm-vp8: 9c59270c3fd7afecdb556c50c9e8de78 -> 
  custom:audio-decoder-ogg-vorbis: bf7c407c2cedff20999df2af8eb42d56 -> 
========================================================================
Received Import Request.
  Time since last request: 34370.668498 seconds.
  path: Assets/Prefabs/GirlPage/GirlArchiveCanvas.prefab
  artifactKey: Guid(df1cf4153eb501f4e98cb4a0c76fb58c) Importer(815301076,1909f56bfc062723c751e8b465ee728b)
Number of updated assets reloaded before import = 0
Start importing Assets/Prefabs/GirlPage/GirlArchiveCanvas.prefab using Guid(df1cf4153eb501f4e98cb4a0c76fb58c) Importer(815301076,1909f56bfc062723c751e8b465ee728b)  -> (artifact id: '543d6861fc6ef902b3c4a8bb01f1f0e1') in 0.116830 seconds 
Number of asset objects unloaded after import = 366
========================================================================
Received Import Request.
  Time since last request: 19.563115 seconds.
  path: Assets/Prefabs/GirlPage/GirlArchiveCanvas.prefab
  artifactKey: Guid(df1cf4153eb501f4e98cb4a0c76fb58c) Importer(815301076,1909f56bfc062723c751e8b465ee728b)
Number of updated assets reloaded before import = 0
Start importing Assets/Prefabs/GirlPage/GirlArchiveCanvas.prefab using Guid(df1cf4153eb501f4e98cb4a0c76fb58c) Importer(815301076,1909f56bfc062723c751e8b465ee728b)  -> (artifact id: 'c2dafbab16cad8e837aab7bee35b70ec') in 0.044581 seconds 
Number of asset objects unloaded after import = 366
========================================================================
Received Import Request.
  Time since last request: 8.179452 seconds.
  path: Assets/Prefabs/GirlPage/GirlArchiveCanvas.prefab
  artifactKey: Guid(df1cf4153eb501f4e98cb4a0c76fb58c) Importer(815301076,1909f56bfc062723c751e8b465ee728b)
Number of updated assets reloaded before import = 0
Start importing Assets/Prefabs/GirlPage/GirlArchiveCanvas.prefab using Guid(df1cf4153eb501f4e98cb4a0c76fb58c) Importer(815301076,1909f56bfc062723c751e8b465ee728b)  -> (artifact id: '705c5fcd17e3964856f4d82058309fa0') in 0.042732 seconds 
Number of asset objects unloaded after import = 366
========================================================================
Received Import Request.
  Time since last request: 0.000025 seconds.
  path: Assets/Prefabs/GirlPage/GirlPageForInstantiation Variant.prefab
  artifactKey: Guid(4d181541946bf6a4bba54d7a09290ee0) Importer(815301076,1909f56bfc062723c751e8b465ee728b)
Number of updated assets reloaded before import = 0
Start importing Assets/Prefabs/GirlPage/GirlPageForInstantiation Variant.prefab using Guid(4d181541946bf6a4bba54d7a09290ee0) Importer(815301076,1909f56bfc062723c751e8b465ee728b)  -> (artifact id: '36869d3d8444c11824055061cdfc3e2b') in 0.045835 seconds 
Number of asset objects unloaded after import = 676
========================================================================
Received Import Request.
  Time since last request: 31.810419 seconds.
  path: Assets/Prefabs/GirlPage/GirlArchiveCanvas.prefab
  artifactKey: Guid(df1cf4153eb501f4e98cb4a0c76fb58c) Importer(815301076,1909f56bfc062723c751e8b465ee728b)
Number of updated assets reloaded before import = 0
Start importing Assets/Prefabs/GirlPage/GirlArchiveCanvas.prefab using Guid(df1cf4153eb501f4e98cb4a0c76fb58c) Importer(815301076,1909f56bfc062723c751e8b465ee728b)  -> (artifact id: 'a65df6592feb04bcf61459b868d08140') in 0.041416 seconds 
Number of asset objects unloaded after import = 366
========================================================================
Received Import Request.
  Time since last request: 0.000019 seconds.
  path: Assets/Prefabs/GirlPage/GirlPageForInstantiation Variant.prefab
  artifactKey: Guid(4d181541946bf6a4bba54d7a09290ee0) Importer(815301076,1909f56bfc062723c751e8b465ee728b)
Number of updated assets reloaded before import = 0
Start importing Assets/Prefabs/GirlPage/GirlPageForInstantiation Variant.prefab using Guid(4d181541946bf6a4bba54d7a09290ee0) Importer(815301076,1909f56bfc062723c751e8b465ee728b)  -> (artifact id: '3ad5af8207b6a070d929ad023729e526') in 0.048894 seconds 
Number of asset objects unloaded after import = 676
========================================================================
Received Import Request.
  Time since last request: 15.606867 seconds.
  path: Assets/Prefabs/GirlPage/GirlArchiveCanvas.prefab
  artifactKey: Guid(df1cf4153eb501f4e98cb4a0c76fb58c) Importer(815301076,1909f56bfc062723c751e8b465ee728b)
Number of updated assets reloaded before import = 0
Start importing Assets/Prefabs/GirlPage/GirlArchiveCanvas.prefab using Guid(df1cf4153eb501f4e98cb4a0c76fb58c) Importer(815301076,1909f56bfc062723c751e8b465ee728b)  -> (artifact id: 'c88c9303620f32bcc85d10857fef43f0') in 0.042671 seconds 
Number of asset objects unloaded after import = 366
========================================================================
Received Import Request.
  Time since last request: 0.000016 seconds.
  path: Assets/Prefabs/GirlPage/GirlPageForInstantiation Variant.prefab
  artifactKey: Guid(4d181541946bf6a4bba54d7a09290ee0) Importer(815301076,1909f56bfc062723c751e8b465ee728b)
Number of updated assets reloaded before import = 0
Start importing Assets/Prefabs/GirlPage/GirlPageForInstantiation Variant.prefab using Guid(4d181541946bf6a4bba54d7a09290ee0) Importer(815301076,1909f56bfc062723c751e8b465ee728b)  -> (artifact id: '1b06a175c4b60d7cbca64b56d0458751') in 0.045520 seconds 
Number of asset objects unloaded after import = 676
========================================================================
Received Import Request.
  Time since last request: 41.083160 seconds.
  path: Assets/Prefabs/GirlPage/GirlArchiveCanvas.prefab
  artifactKey: Guid(df1cf4153eb501f4e98cb4a0c76fb58c) Importer(815301076,1909f56bfc062723c751e8b465ee728b)
Number of updated assets reloaded before import = 0
Start importing Assets/Prefabs/GirlPage/GirlArchiveCanvas.prefab using Guid(df1cf4153eb501f4e98cb4a0c76fb58c) Importer(815301076,1909f56bfc062723c751e8b465ee728b)  -> (artifact id: '63fa45dd124fd4eb9545138d5dca9a89') in 0.043469 seconds 
Number of asset objects unloaded after import = 366
========================================================================
Received Import Request.
  Time since last request: 1.877350 seconds.
  path: Assets/Prefabs/GirlPage/GirlArchiveCanvas.prefab
  artifactKey: Guid(df1cf4153eb501f4e98cb4a0c76fb58c) Importer(815301076,1909f56bfc062723c751e8b465ee728b)
Number of updated assets reloaded before import = 0
Start importing Assets/Prefabs/GirlPage/GirlArchiveCanvas.prefab using Guid(df1cf4153eb501f4e98cb4a0c76fb58c) Importer(815301076,1909f56bfc062723c751e8b465ee728b)  -> (artifact id: 'aa378cedda25608b4f62ac1974d195dd') in 0.040553 seconds 
Number of asset objects unloaded after import = 366
========================================================================
Received Import Request.
  Time since last request: 0.000015 seconds.
  path: Assets/Prefabs/GirlPage/GirlPageForInstantiation.prefab
  artifactKey: Guid(76355dbf6fa52ea46963d5c37b07eab6) Importer(815301076,1909f56bfc062723c751e8b465ee728b)
Number of updated assets reloaded before import = 0
Start importing Assets/Prefabs/GirlPage/GirlPageForInstantiation.prefab using Guid(76355dbf6fa52ea46963d5c37b07eab6) Importer(815301076,1909f56bfc062723c751e8b465ee728b)  -> (artifact id: '9590f06f4bafd5a86afd82fa6397866e') in 0.037698 seconds 
Number of asset objects unloaded after import = 361
========================================================================
Received Import Request.
  Time since last request: 1.849236 seconds.
  path: Assets/Prefabs/GirlPage/GirlArchiveCanvas.prefab
  artifactKey: Guid(df1cf4153eb501f4e98cb4a0c76fb58c) Importer(815301076,1909f56bfc062723c751e8b465ee728b)
Number of updated assets reloaded before import = 0
Start importing Assets/Prefabs/GirlPage/GirlArchiveCanvas.prefab using Guid(df1cf4153eb501f4e98cb4a0c76fb58c) Importer(815301076,1909f56bfc062723c751e8b465ee728b)  -> (artifact id: 'beafda3dbb34feb83a3b3c4e487b4c84') in 0.040853 seconds 
Number of asset objects unloaded after import = 366
========================================================================
Received Import Request.
  Time since last request: 0.000015 seconds.
  path: Assets/Prefabs/GirlPage/GirlPageForInstantiation Variant.prefab
  artifactKey: Guid(4d181541946bf6a4bba54d7a09290ee0) Importer(815301076,1909f56bfc062723c751e8b465ee728b)
Number of updated assets reloaded before import = 0
Start importing Assets/Prefabs/GirlPage/GirlPageForInstantiation Variant.prefab using Guid(4d181541946bf6a4bba54d7a09290ee0) Importer(815301076,1909f56bfc062723c751e8b465ee728b)  -> (artifact id: '0167d96324146c0685cad6ef0899275d') in 0.049705 seconds 
Number of asset objects unloaded after import = 676
========================================================================
Received Import Request.
  Time since last request: 725.724602 seconds.
  path: Assets/Prefabs/GirlPage/GirlArchiveCanvas.prefab
  artifactKey: Guid(df1cf4153eb501f4e98cb4a0c76fb58c) Importer(815301076,1909f56bfc062723c751e8b465ee728b)
Number of updated assets reloaded before import = 0
Start importing Assets/Prefabs/GirlPage/GirlArchiveCanvas.prefab using Guid(df1cf4153eb501f4e98cb4a0c76fb58c) Importer(815301076,1909f56bfc062723c751e8b465ee728b)  -> (artifact id: 'd74b4a442073cca3671bb33604d0f05e') in 0.052672 seconds 
Number of asset objects unloaded after import = 366
========================================================================
Received Import Request.
  Time since last request: 0.000024 seconds.
  path: Assets/Prefabs/GirlPage/GirlPageForInstantiation 1.prefab
  artifactKey: Guid(9d331f52a3d155c4b9d05fd6263cc6f3) Importer(815301076,1909f56bfc062723c751e8b465ee728b)
Number of updated assets reloaded before import = 0
Start importing Assets/Prefabs/GirlPage/GirlPageForInstantiation 1.prefab using Guid(9d331f52a3d155c4b9d05fd6263cc6f3) Importer(815301076,1909f56bfc062723c751e8b465ee728b)  -> (artifact id: 'a75b299dbceeabb471eb4513cceea153') in 0.049344 seconds 
Number of asset objects unloaded after import = 361
========================================================================
Received Import Request.
  Time since last request: 0.000028 seconds.
  path: Assets/Prefabs/GirlPage/GirlPageForInstantiation.prefab
  artifactKey: Guid(76355dbf6fa52ea46963d5c37b07eab6) Importer(815301076,1909f56bfc062723c751e8b465ee728b)
Number of updated assets reloaded before import = 0
Start importing Assets/Prefabs/GirlPage/GirlPageForInstantiation.prefab using Guid(76355dbf6fa52ea46963d5c37b07eab6) Importer(815301076,1909f56bfc062723c751e8b465ee728b)  -> (artifact id: '5dd09e0f0e6e87a750fc9566ac1d969d') in 0.043223 seconds 
Number of asset objects unloaded after import = 361
========================================================================
Received Import Request.
  Time since last request: 18.163022 seconds.
  path: Assets/Prefabs/GirlPage/GirlArchiveCanvas.prefab
  artifactKey: Guid(df1cf4153eb501f4e98cb4a0c76fb58c) Importer(815301076,1909f56bfc062723c751e8b465ee728b)
Number of updated assets reloaded before import = 0
Start importing Assets/Prefabs/GirlPage/GirlArchiveCanvas.prefab using Guid(df1cf4153eb501f4e98cb4a0c76fb58c) Importer(815301076,1909f56bfc062723c751e8b465ee728b)  -> (artifact id: 'bce48f7e90ee034aca436c066150ea28') in 0.055915 seconds 
Number of asset objects unloaded after import = 366
========================================================================
Received Import Request.
  Time since last request: 0.000026 seconds.
  path: Assets/Prefabs/GirlPage/GirlPageForInstantiation.prefab
  artifactKey: Guid(76355dbf6fa52ea46963d5c37b07eab6) Importer(815301076,1909f56bfc062723c751e8b465ee728b)
Number of updated assets reloaded before import = 0
Start importing Assets/Prefabs/GirlPage/GirlPageForInstantiation.prefab using Guid(76355dbf6fa52ea46963d5c37b07eab6) Importer(815301076,1909f56bfc062723c751e8b465ee728b)  -> (artifact id: '794559f87790c91dddeb27e834584dde') in 0.051004 seconds 
Number of asset objects unloaded after import = 361
========================================================================
Received Import Request.
  Time since last request: 13.745014 seconds.
  path: Assets/Prefabs/GirlPage/GirlArchiveCanvas.prefab
  artifactKey: Guid(df1cf4153eb501f4e98cb4a0c76fb58c) Importer(815301076,1909f56bfc062723c751e8b465ee728b)
Number of updated assets reloaded before import = 0
Start importing Assets/Prefabs/GirlPage/GirlArchiveCanvas.prefab using Guid(df1cf4153eb501f4e98cb4a0c76fb58c) Importer(815301076,1909f56bfc062723c751e8b465ee728b)  -> (artifact id: '704a39297a4433fc8b311f7636a25e80') in 0.049310 seconds 
Number of asset objects unloaded after import = 366
========================================================================
Received Import Request.
  Time since last request: 0.000022 seconds.
  path: Assets/Prefabs/GirlPage/GirlPageForInstantiation.prefab
  artifactKey: Guid(76355dbf6fa52ea46963d5c37b07eab6) Importer(815301076,1909f56bfc062723c751e8b465ee728b)
Number of updated assets reloaded before import = 0
Start importing Assets/Prefabs/GirlPage/GirlPageForInstantiation.prefab using Guid(76355dbf6fa52ea46963d5c37b07eab6) Importer(815301076,1909f56bfc062723c751e8b465ee728b)  -> (artifact id: '5a7f671ac36e972400003042456f2671') in 0.046154 seconds 
Number of asset objects unloaded after import = 361
========================================================================
Received Import Request.
  Time since last request: 45.460924 seconds.
  path: Assets/Prefabs/GirlPage/GirlArchiveCanvas.prefab
  artifactKey: Guid(df1cf4153eb501f4e98cb4a0c76fb58c) Importer(815301076,1909f56bfc062723c751e8b465ee728b)
Number of updated assets reloaded before import = 0
Start importing Assets/Prefabs/GirlPage/GirlArchiveCanvas.prefab using Guid(df1cf4153eb501f4e98cb4a0c76fb58c) Importer(815301076,1909f56bfc062723c751e8b465ee728b)  -> (artifact id: '5f5c5350ee21d31845cda2761034af3b') in 0.044391 seconds 
Number of asset objects unloaded after import = 366
========================================================================
Received Import Request.
  Time since last request: 0.700373 seconds.
  path: Assets/Prefabs/GirlPage/GirlArchiveCanvas.prefab
  artifactKey: Guid(df1cf4153eb501f4e98cb4a0c76fb58c) Importer(815301076,1909f56bfc062723c751e8b465ee728b)
Number of updated assets reloaded before import = 0
Start importing Assets/Prefabs/GirlPage/GirlArchiveCanvas.prefab using Guid(df1cf4153eb501f4e98cb4a0c76fb58c) Importer(815301076,1909f56bfc062723c751e8b465ee728b)  -> (artifact id: 'b87c3a3a5469b73c5a35e83434ab9f69') in 0.055883 seconds 
Number of asset objects unloaded after import = 366
========================================================================
Received Import Request.
  Time since last request: 0.474108 seconds.
  path: Assets/Prefabs/GirlPage/GirlArchiveCanvas.prefab
  artifactKey: Guid(df1cf4153eb501f4e98cb4a0c76fb58c) Importer(815301076,1909f56bfc062723c751e8b465ee728b)
Number of updated assets reloaded before import = 0
Start importing Assets/Prefabs/GirlPage/GirlArchiveCanvas.prefab using Guid(df1cf4153eb501f4e98cb4a0c76fb58c) Importer(815301076,1909f56bfc062723c751e8b465ee728b)  -> (artifact id: 'b42ceedde357f89c49ab5b41598624fc') in 0.050349 seconds 
Number of asset objects unloaded after import = 366
========================================================================
Received Import Request.
  Time since last request: 1.119940 seconds.
  path: Assets/Prefabs/GirlPage/GirlArchiveCanvas.prefab
  artifactKey: Guid(df1cf4153eb501f4e98cb4a0c76fb58c) Importer(815301076,1909f56bfc062723c751e8b465ee728b)
Number of updated assets reloaded before import = 0
Start importing Assets/Prefabs/GirlPage/GirlArchiveCanvas.prefab using Guid(df1cf4153eb501f4e98cb4a0c76fb58c) Importer(815301076,1909f56bfc062723c751e8b465ee728b)  -> (artifact id: '9a2cff5979b0f96981d128a460540fb9') in 0.045975 seconds 
Number of asset objects unloaded after import = 366
========================================================================
Received Import Request.
  Time since last request: 8.966101 seconds.
  path: Assets/Prefabs/GirlPage/GirlArchiveCanvas.prefab
  artifactKey: Guid(df1cf4153eb501f4e98cb4a0c76fb58c) Importer(815301076,1909f56bfc062723c751e8b465ee728b)
Number of updated assets reloaded before import = 0
Start importing Assets/Prefabs/GirlPage/GirlArchiveCanvas.prefab using Guid(df1cf4153eb501f4e98cb4a0c76fb58c) Importer(815301076,1909f56bfc062723c751e8b465ee728b)  -> (artifact id: 'bec99a03678a2e51f7f07737a443c204') in 0.046949 seconds 
Number of asset objects unloaded after import = 366
========================================================================
Received Import Request.
  Time since last request: 3.095134 seconds.
  path: Assets/Prefabs/GirlPage/GirlArchiveCanvas.prefab
  artifactKey: Guid(df1cf4153eb501f4e98cb4a0c76fb58c) Importer(815301076,1909f56bfc062723c751e8b465ee728b)
Number of updated assets reloaded before import = 0
Start importing Assets/Prefabs/GirlPage/GirlArchiveCanvas.prefab using Guid(df1cf4153eb501f4e98cb4a0c76fb58c) Importer(815301076,1909f56bfc062723c751e8b465ee728b)  -> (artifact id: '6e1386388222c46d8863d0cd5736cf04') in 0.044127 seconds 
Number of asset objects unloaded after import = 366
========================================================================
Received Import Request.
  Time since last request: 0.000023 seconds.
  path: Assets/Prefabs/GirlPage/GirlPageForInstantiation Variant.prefab
  artifactKey: Guid(4d181541946bf6a4bba54d7a09290ee0) Importer(815301076,1909f56bfc062723c751e8b465ee728b)
Number of updated assets reloaded before import = 0
Start importing Assets/Prefabs/GirlPage/GirlPageForInstantiation Variant.prefab using Guid(4d181541946bf6a4bba54d7a09290ee0) Importer(815301076,1909f56bfc062723c751e8b465ee728b)  -> (artifact id: '5dc317945f331f3b5193f6f2332b5f8b') in 0.046302 seconds 
Number of asset objects unloaded after import = 676
========================================================================
Received Import Request.
  Time since last request: 1.837564 seconds.
  path: Assets/Prefabs/GirlPage/GirlArchiveCanvas.prefab
  artifactKey: Guid(df1cf4153eb501f4e98cb4a0c76fb58c) Importer(815301076,1909f56bfc062723c751e8b465ee728b)
Number of updated assets reloaded before import = 0
Start importing Assets/Prefabs/GirlPage/GirlArchiveCanvas.prefab using Guid(df1cf4153eb501f4e98cb4a0c76fb58c) Importer(815301076,1909f56bfc062723c751e8b465ee728b)  -> (artifact id: '77cca3c7429ba471cdea216fc8f330b0') in 0.044766 seconds 
Number of asset objects unloaded after import = 366
========================================================================
Received Import Request.
  Time since last request: 0.000035 seconds.
  path: Assets/Prefabs/GirlPage/GirlPageForInstantiation Variant.prefab
  artifactKey: Guid(4d181541946bf6a4bba54d7a09290ee0) Importer(815301076,1909f56bfc062723c751e8b465ee728b)
Number of updated assets reloaded before import = 0
Start importing Assets/Prefabs/GirlPage/GirlPageForInstantiation Variant.prefab using Guid(4d181541946bf6a4bba54d7a09290ee0) Importer(815301076,1909f56bfc062723c751e8b465ee728b)  -> (artifact id: '5818ceb223b38d926c4c4b63a3bb73f8') in 0.049319 seconds 
Number of asset objects unloaded after import = 676
========================================================================
Received Import Request.
  Time since last request: 13.024029 seconds.
  path: Assets/Prefabs/GirlPage/GirlArchiveCanvas.prefab
  artifactKey: Guid(df1cf4153eb501f4e98cb4a0c76fb58c) Importer(815301076,1909f56bfc062723c751e8b465ee728b)
Number of updated assets reloaded before import = 0
Start importing Assets/Prefabs/GirlPage/GirlArchiveCanvas.prefab using Guid(df1cf4153eb501f4e98cb4a0c76fb58c) Importer(815301076,1909f56bfc062723c751e8b465ee728b)  -> (artifact id: 'a3baa10bdecc55333389fecca95dbd76') in 0.050376 seconds 
Number of asset objects unloaded after import = 366
========================================================================
Received Import Request.
  Time since last request: 35.475304 seconds.
  path: Assets/Prefabs/GirlPage/GirlArchiveCanvas.prefab
  artifactKey: Guid(df1cf4153eb501f4e98cb4a0c76fb58c) Importer(815301076,1909f56bfc062723c751e8b465ee728b)
Number of updated assets reloaded before import = 0
Start importing Assets/Prefabs/GirlPage/GirlArchiveCanvas.prefab using Guid(df1cf4153eb501f4e98cb4a0c76fb58c) Importer(815301076,1909f56bfc062723c751e8b465ee728b)  -> (artifact id: '969a37a9f5b48984305b7c13f1dac6ca') in 0.044098 seconds 
Number of asset objects unloaded after import = 366
========================================================================
Received Import Request.
  Time since last request: 3.121056 seconds.
  path: Assets/Prefabs/GirlPage/GirlArchiveCanvas.prefab
  artifactKey: Guid(df1cf4153eb501f4e98cb4a0c76fb58c) Importer(815301076,1909f56bfc062723c751e8b465ee728b)
Number of updated assets reloaded before import = 0
Start importing Assets/Prefabs/GirlPage/GirlArchiveCanvas.prefab using Guid(df1cf4153eb501f4e98cb4a0c76fb58c) Importer(815301076,1909f56bfc062723c751e8b465ee728b)  -> (artifact id: '057ebd69baf85b22ebf71631c7b3c972') in 0.044596 seconds 
Number of asset objects unloaded after import = 366
========================================================================
Received Import Request.
  Time since last request: 0.000026 seconds.
  path: Assets/Prefabs/GirlPage/GirlPageForInstantiation.prefab
  artifactKey: Guid(76355dbf6fa52ea46963d5c37b07eab6) Importer(815301076,1909f56bfc062723c751e8b465ee728b)
Number of updated assets reloaded before import = 0
Start importing Assets/Prefabs/GirlPage/GirlPageForInstantiation.prefab using Guid(76355dbf6fa52ea46963d5c37b07eab6) Importer(815301076,1909f56bfc062723c751e8b465ee728b)  -> (artifact id: 'ff7244ae9fcb711859255f77c3c4587c') in 0.040001 seconds 
Number of asset objects unloaded after import = 361
========================================================================
Received Import Request.
  Time since last request: 1.055843 seconds.
  path: Assets/Prefabs/GirlPage/GirlArchiveCanvas.prefab
  artifactKey: Guid(df1cf4153eb501f4e98cb4a0c76fb58c) Importer(815301076,1909f56bfc062723c751e8b465ee728b)
Number of updated assets reloaded before import = 0
Start importing Assets/Prefabs/GirlPage/GirlArchiveCanvas.prefab using Guid(df1cf4153eb501f4e98cb4a0c76fb58c) Importer(815301076,1909f56bfc062723c751e8b465ee728b)  -> (artifact id: '7a3624620bfddd7a3e54473b3f81bf04') in 0.040572 seconds 
Number of asset objects unloaded after import = 366
========================================================================
Received Import Request.
  Time since last request: 0.000022 seconds.
  path: Assets/Prefabs/GirlPage/GirlPageForInstantiation.prefab
  artifactKey: Guid(76355dbf6fa52ea46963d5c37b07eab6) Importer(815301076,1909f56bfc062723c751e8b465ee728b)
Number of updated assets reloaded before import = 0
Start importing Assets/Prefabs/GirlPage/GirlPageForInstantiation.prefab using Guid(76355dbf6fa52ea46963d5c37b07eab6) Importer(815301076,1909f56bfc062723c751e8b465ee728b)  -> (artifact id: '245a2dd295c7ce35b2e968f1497814f0') in 0.040460 seconds 
Number of asset objects unloaded after import = 361
========================================================================
Received Import Request.
  Time since last request: 2.164790 seconds.
  path: Assets/Prefabs/GirlPage/GirlPage.prefab
  artifactKey: Guid(538378a4f71a6854f9619a84b12762c9) Importer(815301076,1909f56bfc062723c751e8b465ee728b)
Number of updated assets reloaded before import = 0
Start importing Assets/Prefabs/GirlPage/GirlPage.prefab using Guid(538378a4f71a6854f9619a84b12762c9) Importer(815301076,1909f56bfc062723c751e8b465ee728b)  -> (artifact id: 'e0c77b55b7e98e3ffc8aa33ee6cc994f') in 0.040192 seconds 
Number of asset objects unloaded after import = 356
========================================================================
Received Import Request.
  Time since last request: 5.772749 seconds.
  path: Assets/Prefabs/GirlPage/GirlArchiveCanvas.prefab
  artifactKey: Guid(df1cf4153eb501f4e98cb4a0c76fb58c) Importer(815301076,1909f56bfc062723c751e8b465ee728b)
Number of updated assets reloaded before import = 0
Start importing Assets/Prefabs/GirlPage/GirlArchiveCanvas.prefab using Guid(df1cf4153eb501f4e98cb4a0c76fb58c) Importer(815301076,1909f56bfc062723c751e8b465ee728b)  -> (artifact id: '83249827205d1fb90b2babb04e4f425c') in 0.042933 seconds 
Number of asset objects unloaded after import = 366
========================================================================
Received Import Request.
  Time since last request: 14.440323 seconds.
  path: Assets/Prefabs/GirlPage/GirlArchiveCanvas.prefab
  artifactKey: Guid(df1cf4153eb501f4e98cb4a0c76fb58c) Importer(815301076,1909f56bfc062723c751e8b465ee728b)
Number of updated assets reloaded before import = 0
Start importing Assets/Prefabs/GirlPage/GirlArchiveCanvas.prefab using Guid(df1cf4153eb501f4e98cb4a0c76fb58c) Importer(815301076,1909f56bfc062723c751e8b465ee728b)  -> (artifact id: '9154cdf85c024caec3fa3c8055ddd6e9') in 0.042210 seconds 
Number of asset objects unloaded after import = 366
========================================================================
Received Import Request.
  Time since last request: 0.000021 seconds.
  path: Assets/Prefabs/GirlPage/GirlPageForInstantiation Variant.prefab
  artifactKey: Guid(4d181541946bf6a4bba54d7a09290ee0) Importer(815301076,1909f56bfc062723c751e8b465ee728b)
Number of updated assets reloaded before import = 0
Start importing Assets/Prefabs/GirlPage/GirlPageForInstantiation Variant.prefab using Guid(4d181541946bf6a4bba54d7a09290ee0) Importer(815301076,1909f56bfc062723c751e8b465ee728b)  -> (artifact id: '3543bb91dafcfbf7d589cc09e59cede9') in 0.047166 seconds 
Number of asset objects unloaded after import = 676
========================================================================
Received Import Request.
  Time since last request: 0.433670 seconds.
  path: Assets/Prefabs/GirlPage/GirlArchiveCanvas.prefab
  artifactKey: Guid(df1cf4153eb501f4e98cb4a0c76fb58c) Importer(815301076,1909f56bfc062723c751e8b465ee728b)
Number of updated assets reloaded before import = 0
Start importing Assets/Prefabs/GirlPage/GirlArchiveCanvas.prefab using Guid(df1cf4153eb501f4e98cb4a0c76fb58c) Importer(815301076,1909f56bfc062723c751e8b465ee728b)  -> (artifact id: 'c14d3fe7d08445d1fabbd0366317b736') in 0.041565 seconds 
Number of asset objects unloaded after import = 366
========================================================================
Received Import Request.
  Time since last request: 0.000019 seconds.
  path: Assets/Prefabs/GirlPage/GirlPageForInstantiation Variant.prefab
  artifactKey: Guid(4d181541946bf6a4bba54d7a09290ee0) Importer(815301076,1909f56bfc062723c751e8b465ee728b)
Number of updated assets reloaded before import = 0
Start importing Assets/Prefabs/GirlPage/GirlPageForInstantiation Variant.prefab using Guid(4d181541946bf6a4bba54d7a09290ee0) Importer(815301076,1909f56bfc062723c751e8b465ee728b)  -> (artifact id: '12dfdd2357dec38bb4bca54ac952807f') in 0.045620 seconds 
Number of asset objects unloaded after import = 676
========================================================================
Received Import Request.
  Time since last request: 8.533254 seconds.
  path: Assets/Prefabs/GirlPage/GirlArchiveCanvas.prefab
  artifactKey: Guid(df1cf4153eb501f4e98cb4a0c76fb58c) Importer(815301076,1909f56bfc062723c751e8b465ee728b)
Number of updated assets reloaded before import = 0
Start importing Assets/Prefabs/GirlPage/GirlArchiveCanvas.prefab using Guid(df1cf4153eb501f4e98cb4a0c76fb58c) Importer(815301076,1909f56bfc062723c751e8b465ee728b)  -> (artifact id: '2a5774fdae80e0f318ae3d0156cad90f') in 0.042789 seconds 
Number of asset objects unloaded after import = 366
========================================================================
Received Import Request.
  Time since last request: 0.000020 seconds.
  path: Assets/Prefabs/GirlPage/GirlPageForInstantiation.prefab
  artifactKey: Guid(76355dbf6fa52ea46963d5c37b07eab6) Importer(815301076,1909f56bfc062723c751e8b465ee728b)
Number of updated assets reloaded before import = 0
Start importing Assets/Prefabs/GirlPage/GirlPageForInstantiation.prefab using Guid(76355dbf6fa52ea46963d5c37b07eab6) Importer(815301076,1909f56bfc062723c751e8b465ee728b)  -> (artifact id: '84757b588aa9e52cd29670f2c0c2f142') in 0.044562 seconds 
Number of asset objects unloaded after import = 361
========================================================================
Received Import Request.
  Time since last request: 3.690563 seconds.
  path: Assets/Prefabs/GirlPage/GirlArchiveCanvas.prefab
  artifactKey: Guid(df1cf4153eb501f4e98cb4a0c76fb58c) Importer(815301076,1909f56bfc062723c751e8b465ee728b)
Number of updated assets reloaded before import = 0
Start importing Assets/Prefabs/GirlPage/GirlArchiveCanvas.prefab using Guid(df1cf4153eb501f4e98cb4a0c76fb58c) Importer(815301076,1909f56bfc062723c751e8b465ee728b)  -> (artifact id: 'cf755527d5697595cbce84fdb177be10') in 0.044779 seconds 
Number of asset objects unloaded after import = 366
========================================================================
Received Import Request.
  Time since last request: 2.517152 seconds.
  path: Assets/Prefabs/GirlPage/GirlArchiveCanvas.prefab
  artifactKey: Guid(df1cf4153eb501f4e98cb4a0c76fb58c) Importer(815301076,1909f56bfc062723c751e8b465ee728b)
Number of updated assets reloaded before import = 0
Start importing Assets/Prefabs/GirlPage/GirlArchiveCanvas.prefab using Guid(df1cf4153eb501f4e98cb4a0c76fb58c) Importer(815301076,1909f56bfc062723c751e8b465ee728b)  -> (artifact id: '2bb8d539f10ec6c091cbfb51a92f2c77') in 0.041227 seconds 
Number of asset objects unloaded after import = 366
========================================================================
Received Import Request.
  Time since last request: 0.000023 seconds.
  path: Assets/Prefabs/GirlPage/GirlPageForInstantiation Variant.prefab
  artifactKey: Guid(4d181541946bf6a4bba54d7a09290ee0) Importer(815301076,1909f56bfc062723c751e8b465ee728b)
Number of updated assets reloaded before import = 0
Start importing Assets/Prefabs/GirlPage/GirlPageForInstantiation Variant.prefab using Guid(4d181541946bf6a4bba54d7a09290ee0) Importer(815301076,1909f56bfc062723c751e8b465ee728b)  -> (artifact id: '2bf69ce93b621dc635ec98537d06826d') in 0.045381 seconds 
Number of asset objects unloaded after import = 676
========================================================================
Received Import Request.
  Time since last request: 2.260582 seconds.
  path: Assets/Prefabs/GirlPage/GirlArchiveCanvas.prefab
  artifactKey: Guid(df1cf4153eb501f4e98cb4a0c76fb58c) Importer(815301076,1909f56bfc062723c751e8b465ee728b)
Number of updated assets reloaded before import = 0
Start importing Assets/Prefabs/GirlPage/GirlArchiveCanvas.prefab using Guid(df1cf4153eb501f4e98cb4a0c76fb58c) Importer(815301076,1909f56bfc062723c751e8b465ee728b)  -> (artifact id: '71178b093f43982f61eaae1f332d5a06') in 0.044355 seconds 
Number of asset objects unloaded after import = 366
========================================================================
Received Import Request.
  Time since last request: 19.980208 seconds.
  path: Assets/Prefabs/GirlPage/GirlArchiveCanvas.prefab
  artifactKey: Guid(df1cf4153eb501f4e98cb4a0c76fb58c) Importer(815301076,1909f56bfc062723c751e8b465ee728b)
Number of updated assets reloaded before import = 0
Start importing Assets/Prefabs/GirlPage/GirlArchiveCanvas.prefab using Guid(df1cf4153eb501f4e98cb4a0c76fb58c) Importer(815301076,1909f56bfc062723c751e8b465ee728b)  -> (artifact id: '33197c3f21eb6105af1463b731a08315') in 0.046168 seconds 
Number of asset objects unloaded after import = 366
========================================================================
Received Import Request.
  Time since last request: 3.507051 seconds.
  path: Assets/Prefabs/GirlPage/GirlArchiveCanvas.prefab
  artifactKey: Guid(df1cf4153eb501f4e98cb4a0c76fb58c) Importer(815301076,1909f56bfc062723c751e8b465ee728b)
Number of updated assets reloaded before import = 0
Start importing Assets/Prefabs/GirlPage/GirlArchiveCanvas.prefab using Guid(df1cf4153eb501f4e98cb4a0c76fb58c) Importer(815301076,1909f56bfc062723c751e8b465ee728b)  -> (artifact id: '3e1fe49a33441b0d71d3c5fd7948f89b') in 0.045510 seconds 
Number of asset objects unloaded after import = 366
========================================================================
Received Import Request.
  Time since last request: 0.884220 seconds.
  path: Assets/Prefabs/GirlPage/GirlArchiveCanvas.prefab
  artifactKey: Guid(df1cf4153eb501f4e98cb4a0c76fb58c) Importer(815301076,1909f56bfc062723c751e8b465ee728b)
Number of updated assets reloaded before import = 0
Start importing Assets/Prefabs/GirlPage/GirlArchiveCanvas.prefab using Guid(df1cf4153eb501f4e98cb4a0c76fb58c) Importer(815301076,1909f56bfc062723c751e8b465ee728b)  -> (artifact id: '098a6c6995ff403eccfe1af561a33d91') in 0.041506 seconds 
Number of asset objects unloaded after import = 366
========================================================================
Received Import Request.
  Time since last request: 0.000016 seconds.
  path: Assets/Prefabs/GirlPage/GirlPageForInstantiation.prefab
  artifactKey: Guid(76355dbf6fa52ea46963d5c37b07eab6) Importer(815301076,1909f56bfc062723c751e8b465ee728b)
Number of updated assets reloaded before import = 0
Start importing Assets/Prefabs/GirlPage/GirlPageForInstantiation.prefab using Guid(76355dbf6fa52ea46963d5c37b07eab6) Importer(815301076,1909f56bfc062723c751e8b465ee728b)  -> (artifact id: '0c7538ee0598304c760b0cbb19a57c5c') in 0.044611 seconds 
Number of asset objects unloaded after import = 361
========================================================================
Received Import Request.
  Time since last request: 6.867652 seconds.
  path: Assets/Prefabs/GirlPage/GirlArchiveCanvas.prefab
  artifactKey: Guid(df1cf4153eb501f4e98cb4a0c76fb58c) Importer(815301076,1909f56bfc062723c751e8b465ee728b)
Number of updated assets reloaded before import = 0
Start importing Assets/Prefabs/GirlPage/GirlArchiveCanvas.prefab using Guid(df1cf4153eb501f4e98cb4a0c76fb58c) Importer(815301076,1909f56bfc062723c751e8b465ee728b)  -> (artifact id: 'aed17b457b1b9f59c69651676ccaecd3') in 0.041497 seconds 
Number of asset objects unloaded after import = 366
========================================================================
Received Import Request.
  Time since last request: 0.000016 seconds.
  path: Assets/Prefabs/GirlPage/GirlPageForInstantiation.prefab
  artifactKey: Guid(76355dbf6fa52ea46963d5c37b07eab6) Importer(815301076,1909f56bfc062723c751e8b465ee728b)
Number of updated assets reloaded before import = 0
Start importing Assets/Prefabs/GirlPage/GirlPageForInstantiation.prefab using Guid(76355dbf6fa52ea46963d5c37b07eab6) Importer(815301076,1909f56bfc062723c751e8b465ee728b)  -> (artifact id: '30aa6b219886bf60b63e7ced71674ec8') in 0.048193 seconds 
Number of asset objects unloaded after import = 361
========================================================================
Received Import Request.
  Time since last request: 123.192873 seconds.
  path: Assets/Prefabs/GirlPage/GirlArchiveCanvas.prefab
  artifactKey: Guid(df1cf4153eb501f4e98cb4a0c76fb58c) Importer(815301076,1909f56bfc062723c751e8b465ee728b)
Number of updated assets reloaded before import = 0
Start importing Assets/Prefabs/GirlPage/GirlArchiveCanvas.prefab using Guid(df1cf4153eb501f4e98cb4a0c76fb58c) Importer(815301076,1909f56bfc062723c751e8b465ee728b)  -> (artifact id: '5e7c3fe0190a51b329f4dd11418ab73c') in 0.045427 seconds 
Number of asset objects unloaded after import = 366
========================================================================
Received Import Request.
  Time since last request: 0.000023 seconds.
  path: Assets/Prefabs/GirlPage/GirlPageForInstantiation Variant.prefab
  artifactKey: Guid(4d181541946bf6a4bba54d7a09290ee0) Importer(815301076,1909f56bfc062723c751e8b465ee728b)
Number of updated assets reloaded before import = 0
Start importing Assets/Prefabs/GirlPage/GirlPageForInstantiation Variant.prefab using Guid(4d181541946bf6a4bba54d7a09290ee0) Importer(815301076,1909f56bfc062723c751e8b465ee728b)  -> (artifact id: '8f0199c0297c93012cee395af61083f0') in 0.052324 seconds 
Number of asset objects unloaded after import = 676
Editor requested this worker to shutdown with reason: Scaling down because of idle timeout
AssetImportWorker is now disconnected from the server
Process exiting
Exiting without the bug reporter. Application will terminate with return code 0